[ 2018-12-08T17:42:42+08:00 ] 192.168.186.1 /myproject/main/index.php
INFO: [ app_init ] --START--
INFO: Run Behavior\BuildLiteBehavior [ RunTime:0.000019s ]
INFO: [ app_init ] --END-- [ RunTime:0.002094s ]
INFO: [ app_begin ] --START--
INFO: Run Behavior\ReadHtmlCacheBehavior [ RunTime:0.002023s ]
INFO: [ app_begin ] --END-- [ RunTime:0.002107s ]
SQL: SHOW COLUMNS FROM `t_relation_dd` [ RunTime:0.0032s ]
SQL: SELECT * FROM `t_relation_dd` WHERE ( pid=0 ) ORDER BY vsort asc  [ RunTime:0.0177s ]
SQL: SHOW COLUMNS FROM `t_pic_manager_dd` [ RunTime:0.0184s ]
SQL: SELECT * FROM `t_pic_manager_dd` WHERE ( mid=6 ) ORDER BY vsort desc  [ RunTime:0.0019s ]
INFO: [ view_parse ] --START--
INFO: [ template_filter ] --START--
INFO: Run Behavior\ContentReplaceBehavior [ RunTime:0.000143s ]
INFO: [ template_filter ] --END-- [ RunTime:0.000189s ]
NOTIC: [8] Undefined variable: logining_user_name /var/www/myproject/main/Application/Runtime/Cache/Home/2a94b8bda04ff446dcedd42276fc99ee.php 第 37 行.
INFO: Run Behavior\ParseTemplateBehavior [ RunTime:0.056692s ]
INFO: [ view_parse ] --END-- [ RunTime:0.056753s ]
INFO: [ view_filter ] --START--
INFO: Run Behavior\WriteHtmlCacheBehavior [ RunTime:0.008810s ]
INFO: [ view_filter ] --END-- [ RunTime:0.008867s ]
INFO: [ app_end ] --START--
INFO: Run Behavior\ShowPageTraceBehavior [ RunTime:0.011186s ]
INFO: [ app_end ] --END-- [ RunTime:0.011257s ]

[ 2018-12-08T17:43:04+08:00 ] 192.168.186.1 /myproject/main/index.php
INFO: [ app_init ] --START--
INFO: Run Behavior\BuildLiteBehavior [ RunTime:0.000012s ]
INFO: [ app_init ] --END-- [ RunTime:0.000639s ]
INFO: [ app_begin ] --START--
INFO: Run Behavior\ReadHtmlCacheBehavior [ RunTime:0.000602s ]
INFO: [ app_begin ] --END-- [ RunTime:0.000632s ]
SQL: SHOW COLUMNS FROM `t_relation_dd` [ RunTime:0.0042s ]
SQL: SELECT * FROM `t_relation_dd` WHERE ( pid=0 ) ORDER BY vsort asc  [ RunTime:0.0010s ]
SQL: SHOW COLUMNS FROM `t_pic_manager_dd` [ RunTime:0.0015s ]
SQL: SELECT * FROM `t_pic_manager_dd` WHERE ( mid=6 ) ORDER BY vsort desc  [ RunTime:0.0005s ]
INFO: [ view_parse ] --START--
INFO: [ template_filter ] --START--
INFO: Run Behavior\ContentReplaceBehavior [ RunTime:0.000184s ]
INFO: [ template_filter ] --END-- [ RunTime:0.000248s ]
NOTIC: [8] Undefined variable: logining_user_name /var/www/myproject/main/Application/Runtime/Cache/Home/2a94b8bda04ff446dcedd42276fc99ee.php 第 37 行.
INFO: Run Behavior\ParseTemplateBehavior [ RunTime:0.013521s ]
INFO: [ view_parse ] --END-- [ RunTime:0.013574s ]
INFO: [ view_filter ] --START--
INFO: Run Behavior\WriteHtmlCacheBehavior [ RunTime:0.000264s ]
INFO: [ view_filter ] --END-- [ RunTime:0.000287s ]
INFO: [ app_end ] --START--
INFO: Run Behavior\ShowPageTraceBehavior [ RunTime:0.000893s ]
INFO: [ app_end ] --END-- [ RunTime:0.000959s ]

[ 2018-12-08T19:26:18+08:00 ] 192.168.186.1 /myproject/main/index.php
INFO: [ app_init ] --START--
INFO: Run Behavior\BuildLiteBehavior [ RunTime:0.000016s ]
INFO: [ app_init ] --END-- [ RunTime:0.000749s ]
INFO: [ app_begin ] --START--
INFO: Run Behavior\ReadHtmlCacheBehavior [ RunTime:0.000487s ]
INFO: [ app_begin ] --END-- [ RunTime:0.000512s ]
SQL: SHOW COLUMNS FROM `t_relation_dd` [ RunTime:0.0060s ]
SQL: SELECT * FROM `t_relation_dd` WHERE ( pid=0 ) ORDER BY vsort asc  [ RunTime:0.0017s ]
SQL: SHOW COLUMNS FROM `t_pic_manager_dd` [ RunTime:0.0039s ]
SQL: SELECT * FROM `t_pic_manager_dd` WHERE ( mid=6 ) ORDER BY vsort desc  [ RunTime:0.0013s ]
INFO: [ view_parse ] --START--
INFO: [ template_filter ] --START--
INFO: Run Behavior\ContentReplaceBehavior [ RunTime:0.000823s ]
INFO: [ template_filter ] --END-- [ RunTime:0.000891s ]
NOTIC: [8] Undefined variable: logining_user_name /var/www/myproject/main/Application/Runtime/Cache/Home/2a94b8bda04ff446dcedd42276fc99ee.php 第 37 行.
INFO: Run Behavior\ParseTemplateBehavior [ RunTime:0.025158s ]
INFO: [ view_parse ] --END-- [ RunTime:0.025212s ]
INFO: [ view_filter ] --START--
INFO: Run Behavior\WriteHtmlCacheBehavior [ RunTime:0.000372s ]
INFO: [ view_filter ] --END-- [ RunTime:0.000399s ]
INFO: [ app_end ] --START--
INFO: Run Behavior\ShowPageTraceBehavior [ RunTime:0.000929s ]
INFO: [ app_end ] --END-- [ RunTime:0.000989s ]

[ 2018-12-08T19:28:47+08:00 ] 192.168.186.1 /myproject/main/index.php
INFO: [ app_init ] --START--
INFO: Run Behavior\BuildLiteBehavior [ RunTime:0.000012s ]
INFO: [ app_init ] --END-- [ RunTime:0.000594s ]
INFO: [ app_begin ] --START--
INFO: Run Behavior\ReadHtmlCacheBehavior [ RunTime:0.000458s ]
INFO: [ app_begin ] --END-- [ RunTime:0.000491s ]
SQL: SHOW COLUMNS FROM `t_user_dd` [ RunTime:0.0038s ]
SQL: SELECT * FROM `t_user_dd` WHERE ( id=4 ) LIMIT 1   [ RunTime:0.0010s ]
SQL: SHOW COLUMNS FROM `t_relation_dd` [ RunTime:0.0023s ]
SQL: SELECT * FROM `t_relation_dd` WHERE ( pid=0 ) ORDER BY vsort asc  [ RunTime:0.0006s ]
SQL: SHOW COLUMNS FROM `t_pic_manager_dd` [ RunTime:0.0016s ]
SQL: SELECT * FROM `t_pic_manager_dd` WHERE ( mid=6 ) ORDER BY vsort desc  [ RunTime:0.0010s ]
INFO: [ view_parse ] --START--
INFO: [ template_filter ] --START--
INFO: Run Behavior\ContentReplaceBehavior [ RunTime:0.000193s ]
INFO: [ template_filter ] --END-- [ RunTime:0.000245s ]
INFO: Run Behavior\ParseTemplateBehavior [ RunTime:0.016236s ]
INFO: [ view_parse ] --END-- [ RunTime:0.016292s ]
INFO: [ view_filter ] --START--
INFO: Run Behavior\WriteHtmlCacheBehavior [ RunTime:0.000257s ]
INFO: [ view_filter ] --END-- [ RunTime:0.000279s ]
INFO: [ app_end ] --START--
INFO: Run Behavior\ShowPageTraceBehavior [ RunTime:0.000956s ]
INFO: [ app_end ] --END-- [ RunTime:0.001004s ]

[ 2018-12-08T19:29:09+08:00 ] 192.168.186.1 /myproject/main/index.php
INFO: [ app_init ] --START--
INFO: Run Behavior\BuildLiteBehavior [ RunTime:0.000017s ]
INFO: [ app_init ] --END-- [ RunTime:0.000493s ]
INFO: [ app_begin ] --START--
INFO: Run Behavior\ReadHtmlCacheBehavior [ RunTime:0.001293s ]
INFO: [ app_begin ] --END-- [ RunTime:0.001360s ]
SQL: SHOW COLUMNS FROM `t_user_dd` [ RunTime:0.0031s ]
SQL: SELECT * FROM `t_user_dd` WHERE ( id=4 ) LIMIT 1   [ RunTime:0.0007s ]
SQL: SHOW COLUMNS FROM `t_relation_dd` [ RunTime:0.0017s ]
SQL: SELECT * FROM `t_relation_dd` WHERE ( pid=0 ) ORDER BY vsort asc  [ RunTime:0.0007s ]
SQL: SHOW COLUMNS FROM `t_pic_manager_dd` [ RunTime:0.0028s ]
SQL: SELECT * FROM `t_pic_manager_dd` WHERE ( mid=6 ) ORDER BY vsort desc  [ RunTime:0.0008s ]
INFO: [ view_parse ] --START--
INFO: [ template_filter ] --START--
INFO: Run Behavior\ContentReplaceBehavior [ RunTime:0.000163s ]
INFO: [ template_filter ] --END-- [ RunTime:0.000209s ]
INFO: Run Behavior\ParseTemplateBehavior [ RunTime:0.013576s ]
INFO: [ view_parse ] --END-- [ RunTime:0.013632s ]
INFO: [ view_filter ] --START--
INFO: Run Behavior\WriteHtmlCacheBehavior [ RunTime:0.000301s ]
INFO: [ view_filter ] --END-- [ RunTime:0.000326s ]
INFO: [ app_end ] --START--
INFO: Run Behavior\ShowPageTraceBehavior [ RunTime:0.000736s ]
INFO: [ app_end ] --END-- [ RunTime:0.000780s ]

[ 2018-12-08T19:29:10+08:00 ] 192.168.186.1 /myproject/main/index.php
INFO: [ app_init ] --START--
INFO: Run Behavior\BuildLiteBehavior [ RunTime:0.000019s ]
INFO: [ app_init ] --END-- [ RunTime:0.000452s ]
INFO: [ app_begin ] --START--
INFO: Run Behavior\ReadHtmlCacheBehavior [ RunTime:0.000694s ]
INFO: [ app_begin ] --END-- [ RunTime:0.000731s ]
SQL: SHOW COLUMNS FROM `t_user_dd` [ RunTime:0.0028s ]
SQL: SELECT * FROM `t_user_dd` WHERE ( id=4 ) LIMIT 1   [ RunTime:0.0009s ]
SQL: SHOW COLUMNS FROM `t_relation_dd` [ RunTime:0.0024s ]
SQL: SELECT * FROM `t_relation_dd` WHERE ( pid=0 ) ORDER BY vsort asc  [ RunTime:0.0007s ]
SQL: SHOW COLUMNS FROM `t_pic_manager_dd` [ RunTime:0.0065s ]
SQL: SELECT * FROM `t_pic_manager_dd` WHERE ( mid=6 ) ORDER BY vsort desc  [ RunTime:0.0013s ]
INFO: [ view_parse ] --START--
INFO: [ template_filter ] --START--
INFO: Run Behavior\ContentReplaceBehavior [ RunTime:0.000155s ]
INFO: [ template_filter ] --END-- [ RunTime:0.000220s ]
INFO: Run Behavior\ParseTemplateBehavior [ RunTime:0.012403s ]
INFO: [ view_parse ] --END-- [ RunTime:0.012463s ]
INFO: [ view_filter ] --START--
INFO: Run Behavior\WriteHtmlCacheBehavior [ RunTime:0.000218s ]
INFO: [ view_filter ] --END-- [ RunTime:0.000236s ]
INFO: [ app_end ] --START--
INFO: Run Behavior\ShowPageTraceBehavior [ RunTime:0.000652s ]
INFO: [ app_end ] --END-- [ RunTime:0.000683s ]

[ 2018-12-08T19:29:13+08:00 ] 192.168.186.1 /myproject/main/index.php
INFO: [ app_init ] --START--
INFO: Run Behavior\BuildLiteBehavior [ RunTime:0.000013s ]
INFO: [ app_init ] --END-- [ RunTime:0.000455s ]
INFO: [ app_begin ] --START--
INFO: Run Behavior\ReadHtmlCacheBehavior [ RunTime:0.000465s ]
INFO: [ app_begin ] --END-- [ RunTime:0.000491s ]
SQL: SHOW COLUMNS FROM `t_user_dd` [ RunTime:0.0024s ]
SQL: SELECT * FROM `t_user_dd` WHERE ( id=4 ) LIMIT 1   [ RunTime:0.0006s ]
SQL: SHOW COLUMNS FROM `t_relation_dd` [ RunTime:0.0018s ]
SQL: SELECT * FROM `t_relation_dd` WHERE ( pid=0 ) ORDER BY vsort asc  [ RunTime:0.0005s ]
SQL: SHOW COLUMNS FROM `t_pic_manager_dd` [ RunTime:0.0015s ]
SQL: SELECT * FROM `t_pic_manager_dd` WHERE ( mid=6 ) ORDER BY vsort desc  [ RunTime:0.0008s ]
INFO: [ view_parse ] --START--
INFO: [ template_filter ] --START--
INFO: Run Behavior\ContentReplaceBehavior [ RunTime:0.000183s ]
INFO: [ template_filter ] --END-- [ RunTime:0.000232s ]
INFO: Run Behavior\ParseTemplateBehavior [ RunTime:0.015775s ]
INFO: [ view_parse ] --END-- [ RunTime:0.015831s ]
INFO: [ view_filter ] --START--
INFO: Run Behavior\WriteHtmlCacheBehavior [ RunTime:0.000238s ]
INFO: [ view_filter ] --END-- [ RunTime:0.000260s ]
INFO: [ app_end ] --START--
INFO: Run Behavior\ShowPageTraceBehavior [ RunTime:0.000669s ]
INFO: [ app_end ] --END-- [ RunTime:0.000701s ]

[ 2018-12-08T19:30:42+08:00 ] 192.168.186.1 /myproject/main/index.php
INFO: [ app_init ] --START--
INFO: Run Behavior\BuildLiteBehavior [ RunTime:0.000015s ]
INFO: [ app_init ] --END-- [ RunTime:0.000552s ]
INFO: [ app_begin ] --START--
INFO: Run Behavior\ReadHtmlCacheBehavior [ RunTime:0.000474s ]
INFO: [ app_begin ] --END-- [ RunTime:0.000499s ]
SQL: SHOW COLUMNS FROM `t_user_dd` [ RunTime:0.0023s ]
SQL: SELECT * FROM `t_user_dd` WHERE ( id=4 ) LIMIT 1   [ RunTime:0.0008s ]
SQL: SHOW COLUMNS FROM `t_relation_dd` [ RunTime:0.0016s ]
SQL: SELECT * FROM `t_relation_dd` WHERE ( pid=0 ) ORDER BY vsort asc  [ RunTime:0.0008s ]
SQL: SHOW COLUMNS FROM `t_pic_manager_dd` [ RunTime:0.0023s ]
SQL: SELECT * FROM `t_pic_manager_dd` WHERE ( mid=6 ) ORDER BY vsort desc  [ RunTime:0.0006s ]
INFO: [ view_parse ] --START--
INFO: [ template_filter ] --START--
INFO: Run Behavior\ContentReplaceBehavior [ RunTime:0.000361s ]
INFO: [ template_filter ] --END-- [ RunTime:0.000413s ]
INFO: Run Behavior\ParseTemplateBehavior [ RunTime:0.015145s ]
INFO: [ view_parse ] --END-- [ RunTime:0.015198s ]
INFO: [ view_filter ] --START--
INFO: Run Behavior\WriteHtmlCacheBehavior [ RunTime:0.000392s ]
INFO: [ view_filter ] --END-- [ RunTime:0.000417s ]
INFO: [ app_end ] --START--
INFO: Run Behavior\ShowPageTraceBehavior [ RunTime:0.000741s ]
INFO: [ app_end ] --END-- [ RunTime:0.000785s ]

[ 2018-12-08T19:30:43+08:00 ] 192.168.186.1 /myproject/main/index.php
INFO: [ app_init ] --START--
INFO: Run Behavior\BuildLiteBehavior [ RunTime:0.000021s ]
INFO: [ app_init ] --END-- [ RunTime:0.000414s ]
INFO: [ app_begin ] --START--
INFO: Run Behavior\ReadHtmlCacheBehavior [ RunTime:0.000555s ]
INFO: [ app_begin ] --END-- [ RunTime:0.000583s ]
SQL: SHOW COLUMNS FROM `t_user_dd` [ RunTime:0.0026s ]
SQL: SELECT * FROM `t_user_dd` WHERE ( id=4 ) LIMIT 1   [ RunTime:0.0020s ]
SQL: SHOW COLUMNS FROM `t_relation_dd` [ RunTime:0.0048s ]
SQL: SELECT * FROM `t_relation_dd` WHERE ( pid=0 ) ORDER BY vsort asc  [ RunTime:0.0018s ]
SQL: SHOW COLUMNS FROM `t_pic_manager_dd` [ RunTime:0.0018s ]
SQL: SELECT * FROM `t_pic_manager_dd` WHERE ( mid=6 ) ORDER BY vsort desc  [ RunTime:0.0010s ]
INFO: [ view_parse ] --START--
INFO: [ template_filter ] --START--
INFO: Run Behavior\ContentReplaceBehavior [ RunTime:0.000165s ]
INFO: [ template_filter ] --END-- [ RunTime:0.000229s ]
INFO: Run Behavior\ParseTemplateBehavior [ RunTime:0.013053s ]
INFO: [ view_parse ] --END-- [ RunTime:0.013112s ]
INFO: [ view_filter ] --START--
INFO: Run Behavior\WriteHtmlCacheBehavior [ RunTime:0.000342s ]
INFO: [ view_filter ] --END-- [ RunTime:0.000376s ]
INFO: [ app_end ] --START--
INFO: Run Behavior\ShowPageTraceBehavior [ RunTime:0.000845s ]
INFO: [ app_end ] --END-- [ RunTime:0.000878s ]

[ 2018-12-08T19:36:58+08:00 ] 192.168.186.1 /myproject/main/index.php
INFO: [ app_init ] --START--
INFO: Run Behavior\BuildLiteBehavior [ RunTime:0.000027s ]
INFO: [ app_init ] --END-- [ RunTime:0.000430s ]
INFO: [ app_begin ] --START--
INFO: Run Behavior\ReadHtmlCacheBehavior [ RunTime:0.000584s ]
INFO: [ app_begin ] --END-- [ RunTime:0.000609s ]
SQL: SHOW COLUMNS FROM `t_relation_dd` [ RunTime:0.0036s ]
SQL: SELECT * FROM `t_relation_dd` WHERE ( pid=0 ) ORDER BY vsort asc  [ RunTime:0.0022s ]
SQL: SHOW COLUMNS FROM `t_pic_manager_dd` [ RunTime:0.0041s ]
SQL: SELECT * FROM `t_pic_manager_dd` WHERE ( mid=6 ) ORDER BY vsort desc  [ RunTime:0.0040s ]
INFO: [ view_parse ] --START--
INFO: [ template_filter ] --START--
INFO: Run Behavior\ContentReplaceBehavior [ RunTime:0.000116s ]
INFO: [ template_filter ] --END-- [ RunTime:0.000157s ]
NOTIC: [8] Undefined variable: logining_user_name /var/www/myproject/main/Application/Runtime/Cache/Home/2a94b8bda04ff446dcedd42276fc99ee.php 第 37 行.
INFO: Run Behavior\ParseTemplateBehavior [ RunTime:0.015161s ]
INFO: [ view_parse ] --END-- [ RunTime:0.015208s ]
INFO: [ view_filter ] --START--
INFO: Run Behavior\WriteHtmlCacheBehavior [ RunTime:0.000301s ]
INFO: [ view_filter ] --END-- [ RunTime:0.000324s ]
INFO: [ app_end ] --START--
INFO: Run Behavior\ShowPageTraceBehavior [ RunTime:0.000606s ]
INFO: [ app_end ] --END-- [ RunTime:0.000633s ]

[ 2018-12-08T20:49:29+08:00 ] 192.168.186.1 /myproject/main/index.php
INFO: [ app_init ] --START--
INFO: Run Behavior\BuildLiteBehavior [ RunTime:0.000020s ]
INFO: [ app_init ] --END-- [ RunTime:0.000618s ]
INFO: [ app_begin ] --START--
INFO: Run Behavior\ReadHtmlCacheBehavior [ RunTime:0.000575s ]
INFO: [ app_begin ] --END-- [ RunTime:0.000600s ]
SQL: SHOW COLUMNS FROM `t_user_dd` [ RunTime:0.0098s ]
SQL: SELECT * FROM `t_user_dd` WHERE ( id=4 ) LIMIT 1   [ RunTime:0.0019s ]
SQL: SHOW COLUMNS FROM `t_relation_dd` [ RunTime:0.0023s ]
SQL: SELECT * FROM `t_relation_dd` WHERE ( pid=0 ) ORDER BY vsort asc  [ RunTime:0.0029s ]
SQL: SHOW COLUMNS FROM `t_pic_manager_dd` [ RunTime:0.0035s ]
SQL: SELECT * FROM `t_pic_manager_dd` WHERE ( mid=6 ) ORDER BY vsort desc  [ RunTime:0.0014s ]
INFO: [ view_parse ] --START--
INFO: [ template_filter ] --START--
INFO: Run Behavior\ContentReplaceBehavior [ RunTime:0.000179s ]
INFO: [ template_filter ] --END-- [ RunTime:0.000227s ]
INFO: Run Behavior\ParseTemplateBehavior [ RunTime:0.034815s ]
INFO: [ view_parse ] --END-- [ RunTime:0.034881s ]
INFO: [ view_filter ] --START--
INFO: Run Behavior\WriteHtmlCacheBehavior [ RunTime:0.000409s ]
INFO: [ view_filter ] --END-- [ RunTime:0.000430s ]
INFO: [ app_end ] --START--
INFO: Run Behavior\ShowPageTraceBehavior [ RunTime:0.001110s ]
INFO: [ app_end ] --END-- [ RunTime:0.001185s ]

[ 2018-12-08T21:52:11+08:00 ] 192.168.186.1 /myproject/main/index.php
INFO: [ app_init ] --START--
INFO: Run Behavior\BuildLiteBehavior [ RunTime:0.000014s ]
INFO: [ app_init ] --END-- [ RunTime:0.000893s ]
INFO: [ app_begin ] --START--
INFO: Run Behavior\ReadHtmlCacheBehavior [ RunTime:0.000658s ]
INFO: [ app_begin ] --END-- [ RunTime:0.000685s ]
SQL: SHOW COLUMNS FROM `t_relation_dd` [ RunTime:0.0259s ]
SQL: SELECT * FROM `t_relation_dd` WHERE ( pid=0 ) ORDER BY vsort asc  [ RunTime:0.0069s ]
SQL: SHOW COLUMNS FROM `t_pic_manager_dd` [ RunTime:0.0032s ]
SQL: SELECT * FROM `t_pic_manager_dd` WHERE ( mid=6 ) ORDER BY vsort desc  [ RunTime:0.0046s ]
INFO: [ view_parse ] --START--
INFO: [ template_filter ] --START--
INFO: Run Behavior\ContentReplaceBehavior [ RunTime:0.000260s ]
INFO: [ template_filter ] --END-- [ RunTime:0.000312s ]
NOTIC: [8] Undefined variable: logining_user_name /var/www/myproject/main/Application/Runtime/Cache/Home/2a94b8bda04ff446dcedd42276fc99ee.php 第 37 行.
INFO: Run Behavior\ParseTemplateBehavior [ RunTime:0.023301s ]
INFO: [ view_parse ] --END-- [ RunTime:0.023351s ]
INFO: [ view_filter ] --START--
INFO: Run Behavior\WriteHtmlCacheBehavior [ RunTime:0.000330s ]
INFO: [ view_filter ] --END-- [ RunTime:0.000349s ]
INFO: [ app_end ] --START--
INFO: Run Behavior\ShowPageTraceBehavior [ RunTime:0.002839s ]
INFO: [ app_end ] --END-- [ RunTime:0.002906s ]

[ 2018-12-08T21:52:12+08:00 ] 192.168.186.1 /myproject/main/index.php
INFO: [ app_init ] --START--
INFO: Run Behavior\BuildLiteBehavior [ RunTime:0.000030s ]
INFO: [ app_init ] --END-- [ RunTime:0.000999s ]
INFO: [ app_begin ] --START--
INFO: Run Behavior\ReadHtmlCacheBehavior [ RunTime:0.000746s ]
INFO: [ app_begin ] --END-- [ RunTime:0.000781s ]
SQL: SHOW COLUMNS FROM `t_relation_dd` [ RunTime:0.0030s ]
SQL: SELECT * FROM `t_relation_dd` WHERE ( pid=0 ) ORDER BY vsort asc  [ RunTime:0.0012s ]
SQL: SHOW COLUMNS FROM `t_pic_manager_dd` [ RunTime:0.0024s ]
SQL: SELECT * FROM `t_pic_manager_dd` WHERE ( mid=6 ) ORDER BY vsort desc  [ RunTime:0.0009s ]
INFO: [ view_parse ] --START--
INFO: [ template_filter ] --START--
INFO: Run Behavior\ContentReplaceBehavior [ RunTime:0.000194s ]
INFO: [ template_filter ] --END-- [ RunTime:0.000245s ]
NOTIC: [8] Undefined variable: logining_user_name /var/www/myproject/main/Application/Runtime/Cache/Home/2a94b8bda04ff446dcedd42276fc99ee.php 第 37 行.
INFO: Run Behavior\ParseTemplateBehavior [ RunTime:0.014796s ]
INFO: [ view_parse ] --END-- [ RunTime:0.014840s ]
INFO: [ view_filter ] --START--
INFO: Run Behavior\WriteHtmlCacheBehavior [ RunTime:0.000259s ]
INFO: [ view_filter ] --END-- [ RunTime:0.000277s ]
INFO: [ app_end ] --START--
INFO: Run Behavior\ShowPageTraceBehavior [ RunTime:0.000837s ]
INFO: [ app_end ] --END-- [ RunTime:0.000908s ]

[ 2018-12-08T21:52:14+08:00 ] 192.168.186.1 /myproject/main/index.php
INFO: [ app_init ] --START--
INFO: Run Behavior\BuildLiteBehavior [ RunTime:0.000019s ]
INFO: [ app_init ] --END-- [ RunTime:0.000967s ]
INFO: [ app_begin ] --START--
INFO: Run Behavior\ReadHtmlCacheBehavior [ RunTime:0.000468s ]
INFO: [ app_begin ] --END-- [ RunTime:0.000493s ]
SQL: SHOW COLUMNS FROM `t_relation_dd` [ RunTime:0.0018s ]
SQL: SELECT * FROM `t_relation_dd` WHERE ( pid=0 ) ORDER BY vsort asc  [ RunTime:0.0010s ]
SQL: SHOW COLUMNS FROM `t_pic_manager_dd` [ RunTime:0.0019s ]
SQL: SELECT * FROM `t_pic_manager_dd` WHERE ( mid=6 ) ORDER BY vsort desc  [ RunTime:0.0007s ]
INFO: [ view_parse ] --START--
INFO: [ template_filter ] --START--
INFO: Run Behavior\ContentReplaceBehavior [ RunTime:0.000184s ]
INFO: [ template_filter ] --END-- [ RunTime:0.000234s ]
NOTIC: [8] Undefined variable: logining_user_name /var/www/myproject/main/Application/Runtime/Cache/Home/2a94b8bda04ff446dcedd42276fc99ee.php 第 37 行.
INFO: Run Behavior\ParseTemplateBehavior [ RunTime:0.014985s ]
INFO: [ view_parse ] --END-- [ RunTime:0.015036s ]
INFO: [ view_filter ] --START--
INFO: Run Behavior\WriteHtmlCacheBehavior [ RunTime:0.000416s ]
INFO: [ view_filter ] --END-- [ RunTime:0.000479s ]
INFO: [ app_end ] --START--
INFO: Run Behavior\ShowPageTraceBehavior [ RunTime:0.000745s ]
INFO: [ app_end ] --END-- [ RunTime:0.000775s ]

[ 2018-12-08T21:52:15+08:00 ] 192.168.186.1 /myproject/main/index.php
INFO: [ app_init ] --START--
INFO: Run Behavior\BuildLiteBehavior [ RunTime:0.000013s ]
INFO: [ app_init ] --END-- [ RunTime:0.000442s ]
INFO: [ app_begin ] --START--
INFO: Run Behavior\ReadHtmlCacheBehavior [ RunTime:0.000407s ]
INFO: [ app_begin ] --END-- [ RunTime:0.000433s ]
SQL: SHOW COLUMNS FROM `t_relation_dd` [ RunTime:0.0053s ]
SQL: SELECT * FROM `t_relation_dd` WHERE ( pid=0 ) ORDER BY vsort asc  [ RunTime:0.0023s ]
SQL: SHOW COLUMNS FROM `t_pic_manager_dd` [ RunTime:0.0025s ]
SQL: SELECT * FROM `t_pic_manager_dd` WHERE ( mid=6 ) ORDER BY vsort desc  [ RunTime:0.0009s ]
INFO: [ view_parse ] --START--
INFO: [ template_filter ] --START--
INFO: Run Behavior\ContentReplaceBehavior [ RunTime:0.000149s ]
INFO: [ template_filter ] --END-- [ RunTime:0.000202s ]
NOTIC: [8] Undefined variable: logining_user_name /var/www/myproject/main/Application/Runtime/Cache/Home/2a94b8bda04ff446dcedd42276fc99ee.php 第 37 行.
INFO: Run Behavior\ParseTemplateBehavior [ RunTime:0.014121s ]
INFO: [ view_parse ] --END-- [ RunTime:0.014325s ]
INFO: [ view_filter ] --START--
INFO: Run Behavior\WriteHtmlCacheBehavior [ RunTime:0.000594s ]
INFO: [ view_filter ] --END-- [ RunTime:0.000646s ]
INFO: [ app_end ] --START--
INFO: Run Behavior\ShowPageTraceBehavior [ RunTime:0.000651s ]
INFO: [ app_end ] --END-- [ RunTime:0.000678s ]

[ 2018-12-08T21:52:15+08:00 ] 192.168.186.1 /myproject/main/index.php
INFO: [ app_init ] --START--
INFO: Run Behavior\BuildLiteBehavior [ RunTime:0.000015s ]
INFO: [ app_init ] --END-- [ RunTime:0.000461s ]
INFO: [ app_begin ] --START--
INFO: Run Behavior\ReadHtmlCacheBehavior [ RunTime:0.000533s ]
INFO: [ app_begin ] --END-- [ RunTime:0.004133s ]
SQL: SHOW COLUMNS FROM `t_relation_dd` [ RunTime:0.0029s ]
SQL: SELECT * FROM `t_relation_dd` WHERE ( pid=0 ) ORDER BY vsort asc  [ RunTime:0.0007s ]
SQL: SHOW COLUMNS FROM `t_pic_manager_dd` [ RunTime:0.0017s ]
SQL: SELECT * FROM `t_pic_manager_dd` WHERE ( mid=6 ) ORDER BY vsort desc  [ RunTime:0.0007s ]
INFO: [ view_parse ] --START--
INFO: [ template_filter ] --START--
INFO: Run Behavior\ContentReplaceBehavior [ RunTime:0.000155s ]
INFO: [ template_filter ] --END-- [ RunTime:0.000199s ]
NOTIC: [8] Undefined variable: logining_user_name /var/www/myproject/main/Application/Runtime/Cache/Home/2a94b8bda04ff446dcedd42276fc99ee.php 第 37 行.
INFO: Run Behavior\ParseTemplateBehavior [ RunTime:0.018423s ]
INFO: [ view_parse ] --END-- [ RunTime:0.018527s ]
INFO: [ view_filter ] --START--
INFO: Run Behavior\WriteHtmlCacheBehavior [ RunTime:0.000280s ]
INFO: [ view_filter ] --END-- [ RunTime:0.000302s ]
INFO: [ app_end ] --START--
INFO: Run Behavior\ShowPageTraceBehavior [ RunTime:0.001003s ]
INFO: [ app_end ] --END-- [ RunTime:0.001050s ]

[ 2018-12-08T21:55:39+08:00 ] 192.168.186.1 /myproject/main/index.php
INFO: [ app_init ] --START--
INFO: Run Behavior\BuildLiteBehavior [ RunTime:0.000013s ]
INFO: [ app_init ] --END-- [ RunTime:0.000499s ]
INFO: [ app_begin ] --START--
INFO: Run Behavior\ReadHtmlCacheBehavior [ RunTime:0.000553s ]
INFO: [ app_begin ] --END-- [ RunTime:0.000576s ]
SQL: SHOW COLUMNS FROM `t_user_dd` [ RunTime:0.0035s ]
SQL: SELECT * FROM `t_user_dd` WHERE ( id=4 ) LIMIT 1   [ RunTime:0.0014s ]
SQL: SHOW COLUMNS FROM `t_relation_dd` [ RunTime:0.0328s ]
SQL: SELECT * FROM `t_relation_dd` WHERE ( pid=0 ) ORDER BY vsort asc  [ RunTime:0.0013s ]
SQL: SHOW COLUMNS FROM `t_pic_manager_dd` [ RunTime:0.0027s ]
SQL: SELECT * FROM `t_pic_manager_dd` WHERE ( mid=6 ) ORDER BY vsort desc  [ RunTime:0.0010s ]
INFO: [ view_parse ] --START--
INFO: [ template_filter ] --START--
INFO: Run Behavior\ContentReplaceBehavior [ RunTime:0.000170s ]
INFO: [ template_filter ] --END-- [ RunTime:0.000222s ]
INFO: Run Behavior\ParseTemplateBehavior [ RunTime:0.039617s ]
INFO: [ view_parse ] --END-- [ RunTime:0.039671s ]
INFO: [ view_filter ] --START--
INFO: Run Behavior\WriteHtmlCacheBehavior [ RunTime:0.000251s ]
INFO: [ view_filter ] --END-- [ RunTime:0.000274s ]
INFO: [ app_end ] --START--
INFO: Run Behavior\ShowPageTraceBehavior [ RunTime:0.000650s ]
INFO: [ app_end ] --END-- [ RunTime:0.000686s ]

[ 2018-12-08T21:55:39+08:00 ] 192.168.186.1 /myproject/main/index.php
INFO: [ app_init ] --START--
INFO: Run Behavior\BuildLiteBehavior [ RunTime:0.000015s ]
INFO: [ app_init ] --END-- [ RunTime:0.000529s ]
INFO: [ app_begin ] --START--
INFO: Run Behavior\ReadHtmlCacheBehavior [ RunTime:0.000573s ]
INFO: [ app_begin ] --END-- [ RunTime:0.000603s ]
SQL: SHOW COLUMNS FROM `t_user_dd` [ RunTime:0.0033s ]
SQL: SELECT * FROM `t_user_dd` WHERE ( id=4 ) LIMIT 1   [ RunTime:0.0258s ]
SQL: SHOW COLUMNS FROM `t_relation_dd` [ RunTime:0.0216s ]
SQL: SELECT * FROM `t_relation_dd` WHERE ( pid=0 ) ORDER BY vsort asc  [ RunTime:0.0015s ]
SQL: SHOW COLUMNS FROM `t_pic_manager_dd` [ RunTime:0.0022s ]
SQL: SELECT * FROM `t_pic_manager_dd` WHERE ( mid=6 ) ORDER BY vsort desc  [ RunTime:0.0019s ]
INFO: [ view_parse ] --START--
INFO: [ template_filter ] --START--
INFO: Run Behavior\ContentReplaceBehavior [ RunTime:0.000138s ]
INFO: [ template_filter ] --END-- [ RunTime:0.000182s ]
INFO: Run Behavior\ParseTemplateBehavior [ RunTime:0.015693s ]
INFO: [ view_parse ] --END-- [ RunTime:0.015742s ]
INFO: [ view_filter ] --START--
INFO: Run Behavior\WriteHtmlCacheBehavior [ RunTime:0.000272s ]
INFO: [ view_filter ] --END-- [ RunTime:0.000291s ]
INFO: [ app_end ] --START--
INFO: Run Behavior\ShowPageTraceBehavior [ RunTime:0.000747s ]
INFO: [ app_end ] --END-- [ RunTime:0.000816s ]

