[ 2018-11-15T09:01:20+08:00 ] 192.168.186.1 /main/index.php
INFO: [ app_init ] --START--
INFO: Run Behavior\BuildLiteBehavior [ RunTime:0.000192s ]
INFO: [ app_init ] --END-- [ RunTime:0.001644s ]
INFO: [ app_begin ] --START--
INFO: Run Behavior\ReadHtmlCacheBehavior [ RunTime:0.002306s ]
INFO: [ app_begin ] --END-- [ RunTime:0.002381s ]
SQL: SHOW COLUMNS FROM `t_user_dd` [ RunTime:0.0117s ]
SQL: SELECT * FROM `t_user_dd` WHERE ( id=2 ) LIMIT 1   [ RunTime:0.0016s ]
SQL: SHOW COLUMNS FROM `t_relation_dd` [ RunTime:0.0026s ]
SQL: SELECT * FROM `t_relation_dd` WHERE ( name='二级导航' )  [ RunTime:0.0025s ]
SQL: SHOW COLUMNS FROM `t_relation_dd` [ RunTime:0.0028s ]
SQL: SELECT trd.pid as tpid,tzd.* FROM t_relation_dd trd LEFT JOIN t_zj_dd tzd on trd.id=tzd.pid  WHERE ( trd.name ='最新公告' and trd.show_status=1 and tzd.pubstatus=1 and tzd.showstatus=1 ) ORDER BY tzd.updatetime desc  [ RunTime:0.0023s ]
SQL: SHOW COLUMNS FROM `t_relation_dd` [ RunTime:0.0041s ]
SQL: SELECT trd.pid as tpid,tzd.* FROM t_relation_dd trd LEFT JOIN t_zj_dd tzd on trd.id=tzd.pid  WHERE ( trd.name ='最新信息' and trd.show_status=1 and tzd.pubstatus=1 and tzd.showstatus=1 ) ORDER BY tzd.updatetime desc LIMIT 5   [ RunTime:0.0009s ]
SQL: SELECT * FROM `t_relation_dd` WHERE ( pid=0 ) ORDER BY vsort asc  [ RunTime:0.0026s ]
SQL: SHOW COLUMNS FROM `t_pic_manager_dd` [ RunTime:0.0032s ]
SQL: SELECT * FROM `t_pic_manager_dd` WHERE ( mid=6 ) ORDER BY vsort desc  [ RunTime:0.0022s ]
INFO: [ view_parse ] --START--
INFO: [ template_filter ] --START--
INFO: Run Behavior\ContentReplaceBehavior [ RunTime:0.000267s ]
INFO: [ template_filter ] --END-- [ RunTime:0.000319s ]
NOTIC: [8] Undefined offset: 0 /var/www/main/Application/Runtime/Cache/Home/2a94b8bda04ff446dcedd42276fc99ee.php 第 77 行.
NOTIC: [8] Undefined variable: affairpublic /var/www/main/Application/Runtime/Cache/Home/2a94b8bda04ff446dcedd42276fc99ee.php 第 77 行.
NOTIC: [8] Undefined offset: 0 /var/www/main/Application/Runtime/Cache/Home/2a94b8bda04ff446dcedd42276fc99ee.php 第 77 行.
NOTIC: [8] Undefined variable: affairpublic /var/www/main/Application/Runtime/Cache/Home/2a94b8bda04ff446dcedd42276fc99ee.php 第 77 行.
NOTIC: [8] Undefined variable: poypublic /var/www/main/Application/Runtime/Cache/Home/2a94b8bda04ff446dcedd42276fc99ee.php 第 77 行.
NOTIC: [8] Undefined variable: lzestablish /var/www/main/Application/Runtime/Cache/Home/2a94b8bda04ff446dcedd42276fc99ee.php 第 77 行.
NOTIC: [8] Undefined variable: specialistintro /var/www/main/Application/Runtime/Cache/Home/2a94b8bda04ff446dcedd42276fc99ee.php 第 77 行.
NOTIC: [8] Undefined variable: specialists /var/www/main/Application/Runtime/Cache/Home/2a94b8bda04ff446dcedd42276fc99ee.php 第 77 行.
NOTIC: [2] count(): Parameter must be an array or an object that implements Countable /var/www/main/Application/Runtime/Cache/Home/2a94b8bda04ff446dcedd42276fc99ee.php 第 77 行.
NOTIC: [8] Undefined variable: serviceitem /var/www/main/Application/Runtime/Cache/Home/2a94b8bda04ff446dcedd42276fc99ee.php 第 169 行.
NOTIC: [8] Undefined variable: serviceitem /var/www/main/Application/Runtime/Cache/Home/2a94b8bda04ff446dcedd42276fc99ee.php 第 176 行.
NOTIC: [8] Undefined variable: fybjinfo /var/www/main/Application/Runtime/Cache/Home/2a94b8bda04ff446dcedd42276fc99ee.php 第 187 行.
NOTIC: [8] Undefined variable: affairpublic /var/www/main/Application/Runtime/Cache/Home/2a94b8bda04ff446dcedd42276fc99ee.php 第 219 行.
NOTIC: [8] Undefined variable: poypublic /var/www/main/Application/Runtime/Cache/Home/2a94b8bda04ff446dcedd42276fc99ee.php 第 230 行.
NOTIC: [8] Undefined variable: lzestablish /var/www/main/Application/Runtime/Cache/Home/2a94b8bda04ff446dcedd42276fc99ee.php 第 241 行.
NOTIC: [8] Undefined variable: specialists /var/www/main/Application/Runtime/Cache/Home/2a94b8bda04ff446dcedd42276fc99ee.php 第 268 行.
INFO: Run Behavior\ParseTemplateBehavior [ RunTime:0.029819s ]
INFO: [ view_parse ] --END-- [ RunTime:0.029879s ]
INFO: [ view_filter ] --START--
INFO: Run Behavior\WriteHtmlCacheBehavior [ RunTime:0.000286s ]
INFO: [ view_filter ] --END-- [ RunTime:0.000339s ]
INFO: [ app_end ] --START--
INFO: Run Behavior\ShowPageTraceBehavior [ RunTime:0.001237s ]
INFO: [ app_end ] --END-- [ RunTime:0.001313s ]

[ 2018-11-15T12:04:10+08:00 ] 192.168.186.1 /main/index.php
INFO: [ app_init ] --START--
INFO: Run Behavior\BuildLiteBehavior [ RunTime:0.000018s ]
INFO: [ app_init ] --END-- [ RunTime:0.010929s ]
INFO: [ app_begin ] --START--
INFO: Run Behavior\ReadHtmlCacheBehavior [ RunTime:0.001980s ]
INFO: [ app_begin ] --END-- [ RunTime:0.002059s ]
SQL: SHOW COLUMNS FROM `t_relation_dd` [ RunTime:0.0540s ]
SQL: SELECT * FROM `t_relation_dd` WHERE ( name='二级导航' )  [ RunTime:0.0048s ]
SQL: SHOW COLUMNS FROM `t_relation_dd` [ RunTime:0.0017s ]
SQL: SELECT trd.pid as tpid,tzd.* FROM t_relation_dd trd LEFT JOIN t_zj_dd tzd on trd.id=tzd.pid  WHERE ( trd.name ='最新公告' and trd.show_status=1 and tzd.pubstatus=1 and tzd.showstatus=1 ) ORDER BY tzd.updatetime desc  [ RunTime:0.0161s ]
SQL: SHOW COLUMNS FROM `t_relation_dd` [ RunTime:0.0020s ]
SQL: SELECT trd.pid as tpid,tzd.* FROM t_relation_dd trd LEFT JOIN t_zj_dd tzd on trd.id=tzd.pid  WHERE ( trd.name ='最新信息' and trd.show_status=1 and tzd.pubstatus=1 and tzd.showstatus=1 ) ORDER BY tzd.updatetime desc LIMIT 5   [ RunTime:0.0006s ]
SQL: SELECT * FROM `t_relation_dd` WHERE ( pid=0 ) ORDER BY vsort asc  [ RunTime:0.0002s ]
SQL: SHOW COLUMNS FROM `t_pic_manager_dd` [ RunTime:0.0098s ]
SQL: SELECT * FROM `t_pic_manager_dd` WHERE ( mid=6 ) ORDER BY vsort desc  [ RunTime:0.0007s ]
INFO: [ view_parse ] --START--
INFO: [ template_filter ] --START--
INFO: Run Behavior\ContentReplaceBehavior [ RunTime:0.000160s ]
INFO: [ template_filter ] --END-- [ RunTime:0.000213s ]
NOTIC: [8] Undefined offset: 0 /var/www/main/Application/Runtime/Cache/Home/2a94b8bda04ff446dcedd42276fc99ee.php 第 77 行.
NOTIC: [8] Undefined variable: affairpublic /var/www/main/Application/Runtime/Cache/Home/2a94b8bda04ff446dcedd42276fc99ee.php 第 77 行.
NOTIC: [8] Undefined offset: 0 /var/www/main/Application/Runtime/Cache/Home/2a94b8bda04ff446dcedd42276fc99ee.php 第 77 行.
NOTIC: [8] Undefined variable: affairpublic /var/www/main/Application/Runtime/Cache/Home/2a94b8bda04ff446dcedd42276fc99ee.php 第 77 行.
NOTIC: [8] Undefined variable: poypublic /var/www/main/Application/Runtime/Cache/Home/2a94b8bda04ff446dcedd42276fc99ee.php 第 77 行.
NOTIC: [8] Undefined variable: lzestablish /var/www/main/Application/Runtime/Cache/Home/2a94b8bda04ff446dcedd42276fc99ee.php 第 77 行.
NOTIC: [8] Undefined variable: specialistintro /var/www/main/Application/Runtime/Cache/Home/2a94b8bda04ff446dcedd42276fc99ee.php 第 77 行.
NOTIC: [8] Undefined variable: specialists /var/www/main/Application/Runtime/Cache/Home/2a94b8bda04ff446dcedd42276fc99ee.php 第 77 行.
NOTIC: [2] count(): Parameter must be an array or an object that implements Countable /var/www/main/Application/Runtime/Cache/Home/2a94b8bda04ff446dcedd42276fc99ee.php 第 77 行.
NOTIC: [8] Undefined variable: serviceitem /var/www/main/Application/Runtime/Cache/Home/2a94b8bda04ff446dcedd42276fc99ee.php 第 169 行.
NOTIC: [8] Undefined variable: serviceitem /var/www/main/Application/Runtime/Cache/Home/2a94b8bda04ff446dcedd42276fc99ee.php 第 176 行.
NOTIC: [8] Undefined variable: fybjinfo /var/www/main/Application/Runtime/Cache/Home/2a94b8bda04ff446dcedd42276fc99ee.php 第 187 行.
NOTIC: [8] Undefined variable: affairpublic /var/www/main/Application/Runtime/Cache/Home/2a94b8bda04ff446dcedd42276fc99ee.php 第 219 行.
NOTIC: [8] Undefined variable: poypublic /var/www/main/Application/Runtime/Cache/Home/2a94b8bda04ff446dcedd42276fc99ee.php 第 230 行.
NOTIC: [8] Undefined variable: lzestablish /var/www/main/Application/Runtime/Cache/Home/2a94b8bda04ff446dcedd42276fc99ee.php 第 241 行.
NOTIC: [8] Undefined variable: specialists /var/www/main/Application/Runtime/Cache/Home/2a94b8bda04ff446dcedd42276fc99ee.php 第 268 行.
INFO: Run Behavior\ParseTemplateBehavior [ RunTime:0.030464s ]
INFO: [ view_parse ] --END-- [ RunTime:0.030519s ]
INFO: [ view_filter ] --START--
INFO: Run Behavior\WriteHtmlCacheBehavior [ RunTime:0.001109s ]
INFO: [ view_filter ] --END-- [ RunTime:0.001168s ]
INFO: [ app_end ] --START--
INFO: Run Behavior\ShowPageTraceBehavior [ RunTime:0.002328s ]
INFO: [ app_end ] --END-- [ RunTime:0.002396s ]

[ 2018-11-15T14:00:20+08:00 ] 192.168.186.1 /main/index.php
INFO: [ app_init ] --START--
INFO: Run Behavior\BuildLiteBehavior [ RunTime:0.000014s ]
INFO: [ app_init ] --END-- [ RunTime:0.000353s ]
INFO: [ app_begin ] --START--
INFO: Run Behavior\ReadHtmlCacheBehavior [ RunTime:0.001364s ]
INFO: [ app_begin ] --END-- [ RunTime:0.002172s ]
SQL: SHOW COLUMNS FROM `t_relation_dd` [ RunTime:0.0244s ]
SQL: SELECT * FROM `t_relation_dd` WHERE ( name='二级导航' )  [ RunTime:0.0076s ]
SQL: SHOW COLUMNS FROM `t_relation_dd` [ RunTime:0.0020s ]
SQL: SELECT trd.pid as tpid,tzd.* FROM t_relation_dd trd LEFT JOIN t_zj_dd tzd on trd.id=tzd.pid  WHERE ( trd.name ='最新公告' and trd.show_status=1 and tzd.pubstatus=1 and tzd.showstatus=1 ) ORDER BY tzd.updatetime desc  [ RunTime:0.0328s ]
SQL: SHOW COLUMNS FROM `t_relation_dd` [ RunTime:0.0103s ]
SQL: SELECT trd.pid as tpid,tzd.* FROM t_relation_dd trd LEFT JOIN t_zj_dd tzd on trd.id=tzd.pid  WHERE ( trd.name ='最新信息' and trd.show_status=1 and tzd.pubstatus=1 and tzd.showstatus=1 ) ORDER BY tzd.updatetime desc LIMIT 5   [ RunTime:0.0009s ]
SQL: SELECT * FROM `t_relation_dd` WHERE ( pid=0 ) ORDER BY vsort asc  [ RunTime:0.0009s ]
SQL: SHOW COLUMNS FROM `t_pic_manager_dd` [ RunTime:0.0049s ]
SQL: SELECT * FROM `t_pic_manager_dd` WHERE ( mid=6 ) ORDER BY vsort desc  [ RunTime:0.0009s ]
INFO: [ view_parse ] --START--
INFO: [ template_filter ] --START--
INFO: Run Behavior\ContentReplaceBehavior [ RunTime:0.000127s ]
INFO: [ template_filter ] --END-- [ RunTime:0.000184s ]
NOTIC: [8] Undefined offset: 0 /var/www/main/Application/Runtime/Cache/Home/2a94b8bda04ff446dcedd42276fc99ee.php 第 77 行.
NOTIC: [8] Undefined variable: affairpublic /var/www/main/Application/Runtime/Cache/Home/2a94b8bda04ff446dcedd42276fc99ee.php 第 77 行.
NOTIC: [8] Undefined offset: 0 /var/www/main/Application/Runtime/Cache/Home/2a94b8bda04ff446dcedd42276fc99ee.php 第 77 行.
NOTIC: [8] Undefined variable: affairpublic /var/www/main/Application/Runtime/Cache/Home/2a94b8bda04ff446dcedd42276fc99ee.php 第 77 行.
NOTIC: [8] Undefined variable: poypublic /var/www/main/Application/Runtime/Cache/Home/2a94b8bda04ff446dcedd42276fc99ee.php 第 77 行.
NOTIC: [8] Undefined variable: lzestablish /var/www/main/Application/Runtime/Cache/Home/2a94b8bda04ff446dcedd42276fc99ee.php 第 77 行.
NOTIC: [8] Undefined variable: specialistintro /var/www/main/Application/Runtime/Cache/Home/2a94b8bda04ff446dcedd42276fc99ee.php 第 77 行.
NOTIC: [8] Undefined variable: specialists /var/www/main/Application/Runtime/Cache/Home/2a94b8bda04ff446dcedd42276fc99ee.php 第 77 行.
NOTIC: [2] count(): Parameter must be an array or an object that implements Countable /var/www/main/Application/Runtime/Cache/Home/2a94b8bda04ff446dcedd42276fc99ee.php 第 77 行.
NOTIC: [8] Undefined variable: serviceitem /var/www/main/Application/Runtime/Cache/Home/2a94b8bda04ff446dcedd42276fc99ee.php 第 169 行.
NOTIC: [8] Undefined variable: serviceitem /var/www/main/Application/Runtime/Cache/Home/2a94b8bda04ff446dcedd42276fc99ee.php 第 176 行.
NOTIC: [8] Undefined variable: fybjinfo /var/www/main/Application/Runtime/Cache/Home/2a94b8bda04ff446dcedd42276fc99ee.php 第 187 行.
NOTIC: [8] Undefined variable: affairpublic /var/www/main/Application/Runtime/Cache/Home/2a94b8bda04ff446dcedd42276fc99ee.php 第 219 行.
NOTIC: [8] Undefined variable: poypublic /var/www/main/Application/Runtime/Cache/Home/2a94b8bda04ff446dcedd42276fc99ee.php 第 230 行.
NOTIC: [8] Undefined variable: lzestablish /var/www/main/Application/Runtime/Cache/Home/2a94b8bda04ff446dcedd42276fc99ee.php 第 241 行.
NOTIC: [8] Undefined variable: specialists /var/www/main/Application/Runtime/Cache/Home/2a94b8bda04ff446dcedd42276fc99ee.php 第 268 行.
INFO: Run Behavior\ParseTemplateBehavior [ RunTime:0.029190s ]
INFO: [ view_parse ] --END-- [ RunTime:0.029252s ]
INFO: [ view_filter ] --START--
INFO: Run Behavior\WriteHtmlCacheBehavior [ RunTime:0.000311s ]
INFO: [ view_filter ] --END-- [ RunTime:0.000337s ]
INFO: [ app_end ] --START--
INFO: Run Behavior\ShowPageTraceBehavior [ RunTime:0.000556s ]
INFO: [ app_end ] --END-- [ RunTime:0.000771s ]

[ 2018-11-15T14:09:29+08:00 ] 192.168.186.1 /main/index.php
INFO: [ app_init ] --START--
INFO: Run Behavior\BuildLiteBehavior [ RunTime:0.000018s ]
INFO: [ app_init ] --END-- [ RunTime:0.000616s ]
INFO: [ app_begin ] --START--
INFO: Run Behavior\ReadHtmlCacheBehavior [ RunTime:0.000727s ]
INFO: [ app_begin ] --END-- [ RunTime:0.000763s ]
SQL: SHOW COLUMNS FROM `t_relation_dd` [ RunTime:0.0049s ]
SQL: SELECT * FROM `t_relation_dd` WHERE ( name='二级导航' )  [ RunTime:0.0011s ]
SQL: SHOW COLUMNS FROM `t_relation_dd` [ RunTime:0.0020s ]
SQL: SELECT trd.pid as tpid,tzd.* FROM t_relation_dd trd LEFT JOIN t_zj_dd tzd on trd.id=tzd.pid  WHERE ( trd.name ='最新公告' and trd.show_status=1 and tzd.pubstatus=1 and tzd.showstatus=1 ) ORDER BY tzd.updatetime desc  [ RunTime:0.0016s ]
SQL: SHOW COLUMNS FROM `t_relation_dd` [ RunTime:0.0024s ]
SQL: SELECT trd.pid as tpid,tzd.* FROM t_relation_dd trd LEFT JOIN t_zj_dd tzd on trd.id=tzd.pid  WHERE ( trd.name ='最新信息' and trd.show_status=1 and tzd.pubstatus=1 and tzd.showstatus=1 ) ORDER BY tzd.updatetime desc LIMIT 5   [ RunTime:0.0012s ]
SQL: SELECT * FROM `t_relation_dd` WHERE ( pid=0 ) ORDER BY vsort asc  [ RunTime:0.0015s ]
SQL: SHOW COLUMNS FROM `t_pic_manager_dd` [ RunTime:0.0021s ]
SQL: SELECT * FROM `t_pic_manager_dd` WHERE ( mid=6 ) ORDER BY vsort desc  [ RunTime:0.0014s ]
INFO: [ view_parse ] --START--
INFO: [ template_filter ] --START--
INFO: Run Behavior\ContentReplaceBehavior [ RunTime:0.000110s ]
INFO: [ template_filter ] --END-- [ RunTime:0.000157s ]
NOTIC: [8] Undefined offset: 0 /var/www/main/Application/Runtime/Cache/Home/2a94b8bda04ff446dcedd42276fc99ee.php 第 77 行.
NOTIC: [8] Undefined variable: affairpublic /var/www/main/Application/Runtime/Cache/Home/2a94b8bda04ff446dcedd42276fc99ee.php 第 77 行.
NOTIC: [8] Undefined offset: 0 /var/www/main/Application/Runtime/Cache/Home/2a94b8bda04ff446dcedd42276fc99ee.php 第 77 行.
NOTIC: [8] Undefined variable: affairpublic /var/www/main/Application/Runtime/Cache/Home/2a94b8bda04ff446dcedd42276fc99ee.php 第 77 行.
NOTIC: [8] Undefined variable: poypublic /var/www/main/Application/Runtime/Cache/Home/2a94b8bda04ff446dcedd42276fc99ee.php 第 77 行.
NOTIC: [8] Undefined variable: lzestablish /var/www/main/Application/Runtime/Cache/Home/2a94b8bda04ff446dcedd42276fc99ee.php 第 77 行.
NOTIC: [8] Undefined variable: specialistintro /var/www/main/Application/Runtime/Cache/Home/2a94b8bda04ff446dcedd42276fc99ee.php 第 77 行.
NOTIC: [8] Undefined variable: specialists /var/www/main/Application/Runtime/Cache/Home/2a94b8bda04ff446dcedd42276fc99ee.php 第 77 行.
NOTIC: [2] count(): Parameter must be an array or an object that implements Countable /var/www/main/Application/Runtime/Cache/Home/2a94b8bda04ff446dcedd42276fc99ee.php 第 77 行.
NOTIC: [8] Undefined variable: serviceitem /var/www/main/Application/Runtime/Cache/Home/2a94b8bda04ff446dcedd42276fc99ee.php 第 169 行.
NOTIC: [8] Undefined variable: serviceitem /var/www/main/Application/Runtime/Cache/Home/2a94b8bda04ff446dcedd42276fc99ee.php 第 176 行.
NOTIC: [8] Undefined variable: fybjinfo /var/www/main/Application/Runtime/Cache/Home/2a94b8bda04ff446dcedd42276fc99ee.php 第 187 行.
NOTIC: [8] Undefined variable: affairpublic /var/www/main/Application/Runtime/Cache/Home/2a94b8bda04ff446dcedd42276fc99ee.php 第 219 行.
NOTIC: [8] Undefined variable: poypublic /var/www/main/Application/Runtime/Cache/Home/2a94b8bda04ff446dcedd42276fc99ee.php 第 230 行.
NOTIC: [8] Undefined variable: lzestablish /var/www/main/Application/Runtime/Cache/Home/2a94b8bda04ff446dcedd42276fc99ee.php 第 241 行.
NOTIC: [8] Undefined variable: specialists /var/www/main/Application/Runtime/Cache/Home/2a94b8bda04ff446dcedd42276fc99ee.php 第 268 行.
INFO: Run Behavior\ParseTemplateBehavior [ RunTime:0.019160s ]
INFO: [ view_parse ] --END-- [ RunTime:0.019472s ]
INFO: [ view_filter ] --START--
INFO: Run Behavior\WriteHtmlCacheBehavior [ RunTime:0.000528s ]
INFO: [ view_filter ] --END-- [ RunTime:0.000589s ]
INFO: [ app_end ] --START--
INFO: Run Behavior\ShowPageTraceBehavior [ RunTime:0.001782s ]
INFO: [ app_end ] --END-- [ RunTime:0.001861s ]

[ 2018-11-15T14:10:08+08:00 ] 192.168.186.1 /main/index.php
INFO: [ app_init ] --START--
INFO: Run Behavior\BuildLiteBehavior [ RunTime:0.000014s ]
INFO: [ app_init ] --END-- [ RunTime:0.000371s ]
INFO: [ app_begin ] --START--
INFO: Run Behavior\ReadHtmlCacheBehavior [ RunTime:0.000660s ]
INFO: [ app_begin ] --END-- [ RunTime:0.000721s ]
SQL: SHOW COLUMNS FROM `t_user_dd` [ RunTime:0.0032s ]
SQL: SELECT * FROM `t_user_dd` WHERE ( id=2 ) LIMIT 1   [ RunTime:0.0005s ]
SQL: SHOW COLUMNS FROM `t_relation_dd` [ RunTime:0.0015s ]
SQL: SELECT * FROM `t_relation_dd` WHERE ( name='二级导航' )  [ RunTime:0.0003s ]
SQL: SHOW COLUMNS FROM `t_relation_dd` [ RunTime:0.0019s ]
SQL: SELECT trd.pid as tpid,tzd.* FROM t_relation_dd trd LEFT JOIN t_zj_dd tzd on trd.id=tzd.pid  WHERE ( trd.name ='最新公告' and trd.show_status=1 and tzd.pubstatus=1 and tzd.showstatus=1 ) ORDER BY tzd.updatetime desc  [ RunTime:0.0004s ]
SQL: SHOW COLUMNS FROM `t_relation_dd` [ RunTime:0.0017s ]
SQL: SELECT trd.pid as tpid,tzd.* FROM t_relation_dd trd LEFT JOIN t_zj_dd tzd on trd.id=tzd.pid  WHERE ( trd.name ='最新信息' and trd.show_status=1 and tzd.pubstatus=1 and tzd.showstatus=1 ) ORDER BY tzd.updatetime desc LIMIT 5   [ RunTime:0.0004s ]
SQL: SELECT * FROM `t_relation_dd` WHERE ( pid=0 ) ORDER BY vsort asc  [ RunTime:0.0002s ]
SQL: SHOW COLUMNS FROM `t_pic_manager_dd` [ RunTime:0.0019s ]
SQL: SELECT * FROM `t_pic_manager_dd` WHERE ( mid=6 ) ORDER BY vsort desc  [ RunTime:0.0004s ]
INFO: [ view_parse ] --START--
INFO: [ template_filter ] --START--
INFO: Run Behavior\ContentReplaceBehavior [ RunTime:0.000136s ]
INFO: [ template_filter ] --END-- [ RunTime:0.000179s ]
NOTIC: [8] Undefined offset: 0 /var/www/main/Application/Runtime/Cache/Home/2a94b8bda04ff446dcedd42276fc99ee.php 第 77 行.
NOTIC: [8] Undefined variable: affairpublic /var/www/main/Application/Runtime/Cache/Home/2a94b8bda04ff446dcedd42276fc99ee.php 第 77 行.
NOTIC: [8] Undefined offset: 0 /var/www/main/Application/Runtime/Cache/Home/2a94b8bda04ff446dcedd42276fc99ee.php 第 77 行.
NOTIC: [8] Undefined variable: affairpublic /var/www/main/Application/Runtime/Cache/Home/2a94b8bda04ff446dcedd42276fc99ee.php 第 77 行.
NOTIC: [8] Undefined variable: poypublic /var/www/main/Application/Runtime/Cache/Home/2a94b8bda04ff446dcedd42276fc99ee.php 第 77 行.
NOTIC: [8] Undefined variable: lzestablish /var/www/main/Application/Runtime/Cache/Home/2a94b8bda04ff446dcedd42276fc99ee.php 第 77 行.
NOTIC: [8] Undefined variable: specialistintro /var/www/main/Application/Runtime/Cache/Home/2a94b8bda04ff446dcedd42276fc99ee.php 第 77 行.
NOTIC: [8] Undefined variable: specialists /var/www/main/Application/Runtime/Cache/Home/2a94b8bda04ff446dcedd42276fc99ee.php 第 77 行.
NOTIC: [2] count(): Parameter must be an array or an object that implements Countable /var/www/main/Application/Runtime/Cache/Home/2a94b8bda04ff446dcedd42276fc99ee.php 第 77 行.
NOTIC: [8] Undefined variable: serviceitem /var/www/main/Application/Runtime/Cache/Home/2a94b8bda04ff446dcedd42276fc99ee.php 第 169 行.
NOTIC: [8] Undefined variable: serviceitem /var/www/main/Application/Runtime/Cache/Home/2a94b8bda04ff446dcedd42276fc99ee.php 第 176 行.
NOTIC: [8] Undefined variable: fybjinfo /var/www/main/Application/Runtime/Cache/Home/2a94b8bda04ff446dcedd42276fc99ee.php 第 187 行.
NOTIC: [8] Undefined variable: affairpublic /var/www/main/Application/Runtime/Cache/Home/2a94b8bda04ff446dcedd42276fc99ee.php 第 219 行.
NOTIC: [8] Undefined variable: poypublic /var/www/main/Application/Runtime/Cache/Home/2a94b8bda04ff446dcedd42276fc99ee.php 第 230 行.
NOTIC: [8] Undefined variable: lzestablish /var/www/main/Application/Runtime/Cache/Home/2a94b8bda04ff446dcedd42276fc99ee.php 第 241 行.
NOTIC: [8] Undefined variable: specialists /var/www/main/Application/Runtime/Cache/Home/2a94b8bda04ff446dcedd42276fc99ee.php 第 268 行.
INFO: Run Behavior\ParseTemplateBehavior [ RunTime:0.015618s ]
INFO: [ view_parse ] --END-- [ RunTime:0.015655s ]
INFO: [ view_filter ] --START--
INFO: Run Behavior\WriteHtmlCacheBehavior [ RunTime:0.000320s ]
INFO: [ view_filter ] --END-- [ RunTime:0.000345s ]
INFO: [ app_end ] --START--
INFO: Run Behavior\ShowPageTraceBehavior [ RunTime:0.000762s ]
INFO: [ app_end ] --END-- [ RunTime:0.000819s ]

[ 2018-11-15T14:11:30+08:00 ] 192.168.186.1 /main/index.php
INFO: [ app_init ] --START--
INFO: Run Behavior\BuildLiteBehavior [ RunTime:0.000016s ]
INFO: [ app_init ] --END-- [ RunTime:0.000553s ]
INFO: [ app_begin ] --START--
INFO: Run Behavior\ReadHtmlCacheBehavior [ RunTime:0.000403s ]
INFO: [ app_begin ] --END-- [ RunTime:0.000427s ]
SQL: SHOW COLUMNS FROM `t_relation_dd` [ RunTime:0.0018s ]
SQL: SELECT * FROM `t_relation_dd` WHERE ( name='二级导航' )  [ RunTime:0.0003s ]
SQL: SHOW COLUMNS FROM `t_relation_dd` [ RunTime:0.0017s ]
SQL: SELECT trd.pid as tpid,tzd.* FROM t_relation_dd trd LEFT JOIN t_zj_dd tzd on trd.id=tzd.pid  WHERE ( trd.name ='最新公告' and trd.show_status=1 and tzd.pubstatus=1 and tzd.showstatus=1 ) ORDER BY tzd.updatetime desc  [ RunTime:0.0004s ]
SQL: SHOW COLUMNS FROM `t_relation_dd` [ RunTime:0.0016s ]
SQL: SELECT trd.pid as tpid,tzd.* FROM t_relation_dd trd LEFT JOIN t_zj_dd tzd on trd.id=tzd.pid  WHERE ( trd.name ='最新信息' and trd.show_status=1 and tzd.pubstatus=1 and tzd.showstatus=1 ) ORDER BY tzd.updatetime desc LIMIT 5   [ RunTime:0.0006s ]
SQL: SELECT * FROM `t_relation_dd` WHERE ( pid=0 ) ORDER BY vsort asc  [ RunTime:0.0002s ]
SQL: SHOW COLUMNS FROM `t_pic_manager_dd` [ RunTime:0.0022s ]
SQL: SELECT * FROM `t_pic_manager_dd` WHERE ( mid=6 ) ORDER BY vsort desc  [ RunTime:0.0003s ]
INFO: [ view_parse ] --START--
INFO: [ template_filter ] --START--
INFO: Run Behavior\ContentReplaceBehavior [ RunTime:0.000160s ]
INFO: [ template_filter ] --END-- [ RunTime:0.000209s ]
NOTIC: [8] Undefined offset: 0 /var/www/main/Application/Runtime/Cache/Home/2a94b8bda04ff446dcedd42276fc99ee.php 第 77 行.
NOTIC: [8] Undefined variable: affairpublic /var/www/main/Application/Runtime/Cache/Home/2a94b8bda04ff446dcedd42276fc99ee.php 第 77 行.
NOTIC: [8] Undefined offset: 0 /var/www/main/Application/Runtime/Cache/Home/2a94b8bda04ff446dcedd42276fc99ee.php 第 77 行.
NOTIC: [8] Undefined variable: affairpublic /var/www/main/Application/Runtime/Cache/Home/2a94b8bda04ff446dcedd42276fc99ee.php 第 77 行.
NOTIC: [8] Undefined variable: poypublic /var/www/main/Application/Runtime/Cache/Home/2a94b8bda04ff446dcedd42276fc99ee.php 第 77 行.
NOTIC: [8] Undefined variable: lzestablish /var/www/main/Application/Runtime/Cache/Home/2a94b8bda04ff446dcedd42276fc99ee.php 第 77 行.
NOTIC: [8] Undefined variable: specialistintro /var/www/main/Application/Runtime/Cache/Home/2a94b8bda04ff446dcedd42276fc99ee.php 第 77 行.
NOTIC: [8] Undefined variable: specialists /var/www/main/Application/Runtime/Cache/Home/2a94b8bda04ff446dcedd42276fc99ee.php 第 77 行.
NOTIC: [2] count(): Parameter must be an array or an object that implements Countable /var/www/main/Application/Runtime/Cache/Home/2a94b8bda04ff446dcedd42276fc99ee.php 第 77 行.
NOTIC: [8] Undefined variable: serviceitem /var/www/main/Application/Runtime/Cache/Home/2a94b8bda04ff446dcedd42276fc99ee.php 第 169 行.
NOTIC: [8] Undefined variable: serviceitem /var/www/main/Application/Runtime/Cache/Home/2a94b8bda04ff446dcedd42276fc99ee.php 第 176 行.
NOTIC: [8] Undefined variable: fybjinfo /var/www/main/Application/Runtime/Cache/Home/2a94b8bda04ff446dcedd42276fc99ee.php 第 187 行.
NOTIC: [8] Undefined variable: affairpublic /var/www/main/Application/Runtime/Cache/Home/2a94b8bda04ff446dcedd42276fc99ee.php 第 219 行.
NOTIC: [8] Undefined variable: poypublic /var/www/main/Application/Runtime/Cache/Home/2a94b8bda04ff446dcedd42276fc99ee.php 第 230 行.
NOTIC: [8] Undefined variable: lzestablish /var/www/main/Application/Runtime/Cache/Home/2a94b8bda04ff446dcedd42276fc99ee.php 第 241 行.
NOTIC: [8] Undefined variable: specialists /var/www/main/Application/Runtime/Cache/Home/2a94b8bda04ff446dcedd42276fc99ee.php 第 268 行.
INFO: Run Behavior\ParseTemplateBehavior [ RunTime:0.014804s ]
INFO: [ view_parse ] --END-- [ RunTime:0.014842s ]
INFO: [ view_filter ] --START--
INFO: Run Behavior\WriteHtmlCacheBehavior [ RunTime:0.000270s ]
INFO: [ view_filter ] --END-- [ RunTime:0.000290s ]
INFO: [ app_end ] --START--
INFO: Run Behavior\ShowPageTraceBehavior [ RunTime:0.000772s ]
INFO: [ app_end ] --END-- [ RunTime:0.000840s ]

[ 2018-11-15T14:11:30+08:00 ] 192.168.186.1 /main/index.php
INFO: [ app_init ] --START--
INFO: Run Behavior\BuildLiteBehavior [ RunTime:0.000016s ]
INFO: [ app_init ] --END-- [ RunTime:0.000513s ]
INFO: [ app_begin ] --START--
INFO: Run Behavior\ReadHtmlCacheBehavior [ RunTime:0.000571s ]
INFO: [ app_begin ] --END-- [ RunTime:0.000602s ]
SQL: SHOW COLUMNS FROM `t_relation_dd` [ RunTime:0.0016s ]
SQL: SELECT * FROM `t_relation_dd` WHERE ( name='二级导航' )  [ RunTime:0.0004s ]
SQL: SHOW COLUMNS FROM `t_relation_dd` [ RunTime:0.0016s ]
SQL: SELECT trd.pid as tpid,tzd.* FROM t_relation_dd trd LEFT JOIN t_zj_dd tzd on trd.id=tzd.pid  WHERE ( trd.name ='最新公告' and trd.show_status=1 and tzd.pubstatus=1 and tzd.showstatus=1 ) ORDER BY tzd.updatetime desc  [ RunTime:0.0003s ]
SQL: SHOW COLUMNS FROM `t_relation_dd` [ RunTime:0.0028s ]
SQL: SELECT trd.pid as tpid,tzd.* FROM t_relation_dd trd LEFT JOIN t_zj_dd tzd on trd.id=tzd.pid  WHERE ( trd.name ='最新信息' and trd.show_status=1 and tzd.pubstatus=1 and tzd.showstatus=1 ) ORDER BY tzd.updatetime desc LIMIT 5   [ RunTime:0.0004s ]
SQL: SELECT * FROM `t_relation_dd` WHERE ( pid=0 ) ORDER BY vsort asc  [ RunTime:0.0002s ]
SQL: SHOW COLUMNS FROM `t_pic_manager_dd` [ RunTime:0.0016s ]
SQL: SELECT * FROM `t_pic_manager_dd` WHERE ( mid=6 ) ORDER BY vsort desc  [ RunTime:0.0003s ]
INFO: [ view_parse ] --START--
INFO: [ template_filter ] --START--
INFO: Run Behavior\ContentReplaceBehavior [ RunTime:0.000159s ]
INFO: [ template_filter ] --END-- [ RunTime:0.000210s ]
NOTIC: [8] Undefined offset: 0 /var/www/main/Application/Runtime/Cache/Home/2a94b8bda04ff446dcedd42276fc99ee.php 第 77 行.
NOTIC: [8] Undefined variable: affairpublic /var/www/main/Application/Runtime/Cache/Home/2a94b8bda04ff446dcedd42276fc99ee.php 第 77 行.
NOTIC: [8] Undefined offset: 0 /var/www/main/Application/Runtime/Cache/Home/2a94b8bda04ff446dcedd42276fc99ee.php 第 77 行.
NOTIC: [8] Undefined variable: affairpublic /var/www/main/Application/Runtime/Cache/Home/2a94b8bda04ff446dcedd42276fc99ee.php 第 77 行.
NOTIC: [8] Undefined variable: poypublic /var/www/main/Application/Runtime/Cache/Home/2a94b8bda04ff446dcedd42276fc99ee.php 第 77 行.
NOTIC: [8] Undefined variable: lzestablish /var/www/main/Application/Runtime/Cache/Home/2a94b8bda04ff446dcedd42276fc99ee.php 第 77 行.
NOTIC: [8] Undefined variable: specialistintro /var/www/main/Application/Runtime/Cache/Home/2a94b8bda04ff446dcedd42276fc99ee.php 第 77 行.
NOTIC: [8] Undefined variable: specialists /var/www/main/Application/Runtime/Cache/Home/2a94b8bda04ff446dcedd42276fc99ee.php 第 77 行.
NOTIC: [2] count(): Parameter must be an array or an object that implements Countable /var/www/main/Application/Runtime/Cache/Home/2a94b8bda04ff446dcedd42276fc99ee.php 第 77 行.
NOTIC: [8] Undefined variable: serviceitem /var/www/main/Application/Runtime/Cache/Home/2a94b8bda04ff446dcedd42276fc99ee.php 第 169 行.
NOTIC: [8] Undefined variable: serviceitem /var/www/main/Application/Runtime/Cache/Home/2a94b8bda04ff446dcedd42276fc99ee.php 第 176 行.
NOTIC: [8] Undefined variable: fybjinfo /var/www/main/Application/Runtime/Cache/Home/2a94b8bda04ff446dcedd42276fc99ee.php 第 187 行.
NOTIC: [8] Undefined variable: affairpublic /var/www/main/Application/Runtime/Cache/Home/2a94b8bda04ff446dcedd42276fc99ee.php 第 219 行.
NOTIC: [8] Undefined variable: poypublic /var/www/main/Application/Runtime/Cache/Home/2a94b8bda04ff446dcedd42276fc99ee.php 第 230 行.
NOTIC: [8] Undefined variable: lzestablish /var/www/main/Application/Runtime/Cache/Home/2a94b8bda04ff446dcedd42276fc99ee.php 第 241 行.
NOTIC: [8] Undefined variable: specialists /var/www/main/Application/Runtime/Cache/Home/2a94b8bda04ff446dcedd42276fc99ee.php 第 268 行.
INFO: Run Behavior\ParseTemplateBehavior [ RunTime:0.015093s ]
INFO: [ view_parse ] --END-- [ RunTime:0.015130s ]
INFO: [ view_filter ] --START--
INFO: Run Behavior\WriteHtmlCacheBehavior [ RunTime:0.000232s ]
INFO: [ view_filter ] --END-- [ RunTime:0.000257s ]
INFO: [ app_end ] --START--
INFO: Run Behavior\ShowPageTraceBehavior [ RunTime:0.000559s ]
INFO: [ app_end ] --END-- [ RunTime:0.000591s ]

[ 2018-11-15T14:13:02+08:00 ] 192.168.186.1 /main/index.php
INFO: [ app_init ] --START--
INFO: Run Behavior\BuildLiteBehavior [ RunTime:0.000016s ]
INFO: [ app_init ] --END-- [ RunTime:0.000595s ]
INFO: [ app_begin ] --START--
INFO: Run Behavior\ReadHtmlCacheBehavior [ RunTime:0.000557s ]
INFO: [ app_begin ] --END-- [ RunTime:0.000591s ]
SQL: SHOW COLUMNS FROM `t_user_dd` [ RunTime:0.0019s ]
SQL: SELECT * FROM `t_user_dd` WHERE ( id=2 ) LIMIT 1   [ RunTime:0.0005s ]
SQL: SHOW COLUMNS FROM `t_relation_dd` [ RunTime:0.0021s ]
SQL: SELECT * FROM `t_relation_dd` WHERE ( name='二级导航' )  [ RunTime:0.0004s ]
SQL: SHOW COLUMNS FROM `t_relation_dd` [ RunTime:0.0017s ]
SQL: SELECT trd.pid as tpid,tzd.* FROM t_relation_dd trd LEFT JOIN t_zj_dd tzd on trd.id=tzd.pid  WHERE ( trd.name ='最新公告' and trd.show_status=1 and tzd.pubstatus=1 and tzd.showstatus=1 ) ORDER BY tzd.updatetime desc  [ RunTime:0.0009s ]
SQL: SHOW COLUMNS FROM `t_relation_dd` [ RunTime:0.0020s ]
SQL: SELECT trd.pid as tpid,tzd.* FROM t_relation_dd trd LEFT JOIN t_zj_dd tzd on trd.id=tzd.pid  WHERE ( trd.name ='最新信息' and trd.show_status=1 and tzd.pubstatus=1 and tzd.showstatus=1 ) ORDER BY tzd.updatetime desc LIMIT 5   [ RunTime:0.0008s ]
SQL: SELECT * FROM `t_relation_dd` WHERE ( pid=0 ) ORDER BY vsort asc  [ RunTime:0.0008s ]
SQL: SHOW COLUMNS FROM `t_pic_manager_dd` [ RunTime:0.0021s ]
SQL: SELECT * FROM `t_pic_manager_dd` WHERE ( mid=6 ) ORDER BY vsort desc  [ RunTime:0.0005s ]
INFO: [ view_parse ] --START--
INFO: [ template_filter ] --START--
INFO: Run Behavior\ContentReplaceBehavior [ RunTime:0.000159s ]
INFO: [ template_filter ] --END-- [ RunTime:0.000211s ]
NOTIC: [8] Undefined offset: 0 /var/www/main/Application/Runtime/Cache/Home/2a94b8bda04ff446dcedd42276fc99ee.php 第 77 行.
NOTIC: [8] Undefined variable: affairpublic /var/www/main/Application/Runtime/Cache/Home/2a94b8bda04ff446dcedd42276fc99ee.php 第 77 行.
NOTIC: [8] Undefined offset: 0 /var/www/main/Application/Runtime/Cache/Home/2a94b8bda04ff446dcedd42276fc99ee.php 第 77 行.
NOTIC: [8] Undefined variable: affairpublic /var/www/main/Application/Runtime/Cache/Home/2a94b8bda04ff446dcedd42276fc99ee.php 第 77 行.
NOTIC: [8] Undefined variable: poypublic /var/www/main/Application/Runtime/Cache/Home/2a94b8bda04ff446dcedd42276fc99ee.php 第 77 行.
NOTIC: [8] Undefined variable: lzestablish /var/www/main/Application/Runtime/Cache/Home/2a94b8bda04ff446dcedd42276fc99ee.php 第 77 行.
NOTIC: [8] Undefined variable: specialistintro /var/www/main/Application/Runtime/Cache/Home/2a94b8bda04ff446dcedd42276fc99ee.php 第 77 行.
NOTIC: [8] Undefined variable: specialists /var/www/main/Application/Runtime/Cache/Home/2a94b8bda04ff446dcedd42276fc99ee.php 第 77 行.
NOTIC: [2] count(): Parameter must be an array or an object that implements Countable /var/www/main/Application/Runtime/Cache/Home/2a94b8bda04ff446dcedd42276fc99ee.php 第 77 行.
NOTIC: [8] Undefined variable: serviceitem /var/www/main/Application/Runtime/Cache/Home/2a94b8bda04ff446dcedd42276fc99ee.php 第 169 行.
NOTIC: [8] Undefined variable: serviceitem /var/www/main/Application/Runtime/Cache/Home/2a94b8bda04ff446dcedd42276fc99ee.php 第 176 行.
NOTIC: [8] Undefined variable: fybjinfo /var/www/main/Application/Runtime/Cache/Home/2a94b8bda04ff446dcedd42276fc99ee.php 第 187 行.
NOTIC: [8] Undefined variable: affairpublic /var/www/main/Application/Runtime/Cache/Home/2a94b8bda04ff446dcedd42276fc99ee.php 第 219 行.
NOTIC: [8] Undefined variable: poypublic /var/www/main/Application/Runtime/Cache/Home/2a94b8bda04ff446dcedd42276fc99ee.php 第 230 行.
NOTIC: [8] Undefined variable: lzestablish /var/www/main/Application/Runtime/Cache/Home/2a94b8bda04ff446dcedd42276fc99ee.php 第 241 行.
NOTIC: [8] Undefined variable: specialists /var/www/main/Application/Runtime/Cache/Home/2a94b8bda04ff446dcedd42276fc99ee.php 第 268 行.
INFO: Run Behavior\ParseTemplateBehavior [ RunTime:0.015560s ]
INFO: [ view_parse ] --END-- [ RunTime:0.015599s ]
INFO: [ view_filter ] --START--
INFO: Run Behavior\WriteHtmlCacheBehavior [ RunTime:0.000235s ]
INFO: [ view_filter ] --END-- [ RunTime:0.000261s ]
INFO: [ app_end ] --START--
INFO: Run Behavior\ShowPageTraceBehavior [ RunTime:0.000888s ]
INFO: [ app_end ] --END-- [ RunTime:0.000966s ]

[ 2018-11-15T14:37:34+08:00 ] 192.168.186.1 /main/index.php
INFO: [ app_init ] --START--
INFO: Run Behavior\BuildLiteBehavior [ RunTime:0.000017s ]
INFO: [ app_init ] --END-- [ RunTime:0.000448s ]
INFO: [ app_begin ] --START--
INFO: Run Behavior\ReadHtmlCacheBehavior [ RunTime:0.000421s ]
INFO: [ app_begin ] --END-- [ RunTime:0.000448s ]
SQL: SHOW COLUMNS FROM `t_user_dd` [ RunTime:0.0057s ]
SQL: SELECT * FROM `t_user_dd` WHERE ( id=2 ) LIMIT 1   [ RunTime:0.0005s ]
SQL: SHOW COLUMNS FROM `t_relation_dd` [ RunTime:0.0019s ]
SQL: SELECT * FROM `t_relation_dd` WHERE ( name='二级导航' )  [ RunTime:0.0007s ]
SQL: SHOW COLUMNS FROM `t_relation_dd` [ RunTime:0.0013s ]
SQL: SELECT trd.pid as tpid,tzd.* FROM t_relation_dd trd LEFT JOIN t_zj_dd tzd on trd.id=tzd.pid  WHERE ( trd.name ='最新公告' and trd.show_status=1 and tzd.pubstatus=1 and tzd.showstatus=1 ) ORDER BY tzd.updatetime desc  [ RunTime:0.0006s ]
SQL: SHOW COLUMNS FROM `t_relation_dd` [ RunTime:0.0030s ]
SQL: SELECT trd.pid as tpid,tzd.* FROM t_relation_dd trd LEFT JOIN t_zj_dd tzd on trd.id=tzd.pid  WHERE ( trd.name ='最新信息' and trd.show_status=1 and tzd.pubstatus=1 and tzd.showstatus=1 ) ORDER BY tzd.updatetime desc LIMIT 5   [ RunTime:0.0005s ]
SQL: SELECT * FROM `t_relation_dd` WHERE ( pid=0 ) ORDER BY vsort asc  [ RunTime:0.0002s ]
SQL: SHOW COLUMNS FROM `t_pic_manager_dd` [ RunTime:0.0019s ]
SQL: SELECT * FROM `t_pic_manager_dd` WHERE ( mid=6 ) ORDER BY vsort desc  [ RunTime:0.0008s ]
INFO: [ view_parse ] --START--
INFO: [ template_filter ] --START--
INFO: Run Behavior\ContentReplaceBehavior [ RunTime:0.000162s ]
INFO: [ template_filter ] --END-- [ RunTime:0.000216s ]
NOTIC: [8] Undefined offset: 0 /var/www/main/Application/Runtime/Cache/Home/2a94b8bda04ff446dcedd42276fc99ee.php 第 77 行.
NOTIC: [8] Undefined variable: affairpublic /var/www/main/Application/Runtime/Cache/Home/2a94b8bda04ff446dcedd42276fc99ee.php 第 77 行.
NOTIC: [8] Undefined offset: 0 /var/www/main/Application/Runtime/Cache/Home/2a94b8bda04ff446dcedd42276fc99ee.php 第 77 行.
NOTIC: [8] Undefined variable: affairpublic /var/www/main/Application/Runtime/Cache/Home/2a94b8bda04ff446dcedd42276fc99ee.php 第 77 行.
NOTIC: [8] Undefined variable: poypublic /var/www/main/Application/Runtime/Cache/Home/2a94b8bda04ff446dcedd42276fc99ee.php 第 77 行.
NOTIC: [8] Undefined variable: lzestablish /var/www/main/Application/Runtime/Cache/Home/2a94b8bda04ff446dcedd42276fc99ee.php 第 77 行.
NOTIC: [8] Undefined variable: specialistintro /var/www/main/Application/Runtime/Cache/Home/2a94b8bda04ff446dcedd42276fc99ee.php 第 77 行.
NOTIC: [8] Undefined variable: specialists /var/www/main/Application/Runtime/Cache/Home/2a94b8bda04ff446dcedd42276fc99ee.php 第 77 行.
NOTIC: [2] count(): Parameter must be an array or an object that implements Countable /var/www/main/Application/Runtime/Cache/Home/2a94b8bda04ff446dcedd42276fc99ee.php 第 77 行.
NOTIC: [8] Undefined variable: serviceitem /var/www/main/Application/Runtime/Cache/Home/2a94b8bda04ff446dcedd42276fc99ee.php 第 169 行.
NOTIC: [8] Undefined variable: serviceitem /var/www/main/Application/Runtime/Cache/Home/2a94b8bda04ff446dcedd42276fc99ee.php 第 176 行.
NOTIC: [8] Undefined variable: fybjinfo /var/www/main/Application/Runtime/Cache/Home/2a94b8bda04ff446dcedd42276fc99ee.php 第 187 行.
NOTIC: [8] Undefined variable: affairpublic /var/www/main/Application/Runtime/Cache/Home/2a94b8bda04ff446dcedd42276fc99ee.php 第 219 行.
NOTIC: [8] Undefined variable: poypublic /var/www/main/Application/Runtime/Cache/Home/2a94b8bda04ff446dcedd42276fc99ee.php 第 230 行.
NOTIC: [8] Undefined variable: lzestablish /var/www/main/Application/Runtime/Cache/Home/2a94b8bda04ff446dcedd42276fc99ee.php 第 241 行.
NOTIC: [8] Undefined variable: specialists /var/www/main/Application/Runtime/Cache/Home/2a94b8bda04ff446dcedd42276fc99ee.php 第 268 行.
INFO: Run Behavior\ParseTemplateBehavior [ RunTime:0.015483s ]
INFO: [ view_parse ] --END-- [ RunTime:0.015523s ]
INFO: [ view_filter ] --START--
INFO: Run Behavior\WriteHtmlCacheBehavior [ RunTime:0.000329s ]
INFO: [ view_filter ] --END-- [ RunTime:0.000354s ]
INFO: [ app_end ] --START--
INFO: Run Behavior\ShowPageTraceBehavior [ RunTime:0.001407s ]
INFO: [ app_end ] --END-- [ RunTime:0.001558s ]

[ 2018-11-15T14:37:35+08:00 ] 192.168.186.1 /main/index.php
INFO: [ app_init ] --START--
INFO: Run Behavior\BuildLiteBehavior [ RunTime:0.000014s ]
INFO: [ app_init ] --END-- [ RunTime:0.000278s ]
INFO: [ app_begin ] --START--
INFO: Run Behavior\ReadHtmlCacheBehavior [ RunTime:0.000433s ]
INFO: [ app_begin ] --END-- [ RunTime:0.000470s ]
SQL: SHOW COLUMNS FROM `t_user_dd` [ RunTime:0.0031s ]
SQL: SELECT * FROM `t_user_dd` WHERE ( id=2 ) LIMIT 1   [ RunTime:0.0005s ]
SQL: SHOW COLUMNS FROM `t_relation_dd` [ RunTime:0.0017s ]
SQL: SELECT * FROM `t_relation_dd` WHERE ( name='二级导航' )  [ RunTime:0.0007s ]
SQL: SHOW COLUMNS FROM `t_relation_dd` [ RunTime:0.0021s ]
SQL: SELECT trd.pid as tpid,tzd.* FROM t_relation_dd trd LEFT JOIN t_zj_dd tzd on trd.id=tzd.pid  WHERE ( trd.name ='最新公告' and trd.show_status=1 and tzd.pubstatus=1 and tzd.showstatus=1 ) ORDER BY tzd.updatetime desc  [ RunTime:0.0005s ]
SQL: SHOW COLUMNS FROM `t_relation_dd` [ RunTime:0.0019s ]
SQL: SELECT trd.pid as tpid,tzd.* FROM t_relation_dd trd LEFT JOIN t_zj_dd tzd on trd.id=tzd.pid  WHERE ( trd.name ='最新信息' and trd.show_status=1 and tzd.pubstatus=1 and tzd.showstatus=1 ) ORDER BY tzd.updatetime desc LIMIT 5   [ RunTime:0.0021s ]
SQL: SELECT * FROM `t_relation_dd` WHERE ( pid=0 ) ORDER BY vsort asc  [ RunTime:0.0006s ]
SQL: SHOW COLUMNS FROM `t_pic_manager_dd` [ RunTime:0.0018s ]
SQL: SELECT * FROM `t_pic_manager_dd` WHERE ( mid=6 ) ORDER BY vsort desc  [ RunTime:0.0008s ]
INFO: [ view_parse ] --START--
INFO: [ template_filter ] --START--
INFO: Run Behavior\ContentReplaceBehavior [ RunTime:0.000189s ]
INFO: [ template_filter ] --END-- [ RunTime:0.000240s ]
NOTIC: [8] Undefined offset: 0 /var/www/main/Application/Runtime/Cache/Home/2a94b8bda04ff446dcedd42276fc99ee.php 第 77 行.
NOTIC: [8] Undefined variable: affairpublic /var/www/main/Application/Runtime/Cache/Home/2a94b8bda04ff446dcedd42276fc99ee.php 第 77 行.
NOTIC: [8] Undefined offset: 0 /var/www/main/Application/Runtime/Cache/Home/2a94b8bda04ff446dcedd42276fc99ee.php 第 77 行.
NOTIC: [8] Undefined variable: affairpublic /var/www/main/Application/Runtime/Cache/Home/2a94b8bda04ff446dcedd42276fc99ee.php 第 77 行.
NOTIC: [8] Undefined variable: poypublic /var/www/main/Application/Runtime/Cache/Home/2a94b8bda04ff446dcedd42276fc99ee.php 第 77 行.
NOTIC: [8] Undefined variable: lzestablish /var/www/main/Application/Runtime/Cache/Home/2a94b8bda04ff446dcedd42276fc99ee.php 第 77 行.
NOTIC: [8] Undefined variable: specialistintro /var/www/main/Application/Runtime/Cache/Home/2a94b8bda04ff446dcedd42276fc99ee.php 第 77 行.
NOTIC: [8] Undefined variable: specialists /var/www/main/Application/Runtime/Cache/Home/2a94b8bda04ff446dcedd42276fc99ee.php 第 77 行.
NOTIC: [2] count(): Parameter must be an array or an object that implements Countable /var/www/main/Application/Runtime/Cache/Home/2a94b8bda04ff446dcedd42276fc99ee.php 第 77 行.
NOTIC: [8] Undefined variable: serviceitem /var/www/main/Application/Runtime/Cache/Home/2a94b8bda04ff446dcedd42276fc99ee.php 第 169 行.
NOTIC: [8] Undefined variable: serviceitem /var/www/main/Application/Runtime/Cache/Home/2a94b8bda04ff446dcedd42276fc99ee.php 第 176 行.
NOTIC: [8] Undefined variable: fybjinfo /var/www/main/Application/Runtime/Cache/Home/2a94b8bda04ff446dcedd42276fc99ee.php 第 187 行.
NOTIC: [8] Undefined variable: affairpublic /var/www/main/Application/Runtime/Cache/Home/2a94b8bda04ff446dcedd42276fc99ee.php 第 219 行.
NOTIC: [8] Undefined variable: poypublic /var/www/main/Application/Runtime/Cache/Home/2a94b8bda04ff446dcedd42276fc99ee.php 第 230 行.
NOTIC: [8] Undefined variable: lzestablish /var/www/main/Application/Runtime/Cache/Home/2a94b8bda04ff446dcedd42276fc99ee.php 第 241 行.
NOTIC: [8] Undefined variable: specialists /var/www/main/Application/Runtime/Cache/Home/2a94b8bda04ff446dcedd42276fc99ee.php 第 268 行.
INFO: Run Behavior\ParseTemplateBehavior [ RunTime:0.016087s ]
INFO: [ view_parse ] --END-- [ RunTime:0.016126s ]
INFO: [ view_filter ] --START--
INFO: Run Behavior\WriteHtmlCacheBehavior [ RunTime:0.000197s ]
INFO: [ view_filter ] --END-- [ RunTime:0.000224s ]
INFO: [ app_end ] --START--
INFO: Run Behavior\ShowPageTraceBehavior [ RunTime:0.001061s ]
INFO: [ app_end ] --END-- [ RunTime:0.001128s ]

[ 2018-11-15T15:19:14+08:00 ] 192.168.186.1 /main/index.php
INFO: [ app_init ] --START--
INFO: Run Behavior\BuildLiteBehavior [ RunTime:0.000015s ]
INFO: [ app_init ] --END-- [ RunTime:0.000335s ]
INFO: [ app_begin ] --START--
INFO: Run Behavior\ReadHtmlCacheBehavior [ RunTime:0.000422s ]
INFO: [ app_begin ] --END-- [ RunTime:0.000445s ]
SQL: SHOW COLUMNS FROM `t_user_dd` [ RunTime:0.0039s ]
SQL: SELECT * FROM `t_user_dd` WHERE ( id=2 ) LIMIT 1   [ RunTime:0.0009s ]
SQL: SHOW COLUMNS FROM `t_relation_dd` [ RunTime:0.0022s ]
SQL: SELECT * FROM `t_relation_dd` WHERE ( name='二级导航' )  [ RunTime:0.0005s ]
SQL: SHOW COLUMNS FROM `t_relation_dd` [ RunTime:0.0019s ]
SQL: SELECT trd.pid as tpid,tzd.* FROM t_relation_dd trd LEFT JOIN t_zj_dd tzd on trd.id=tzd.pid  WHERE ( trd.name ='最新公告' and trd.show_status=1 and tzd.pubstatus=1 and tzd.showstatus=1 ) ORDER BY tzd.updatetime desc  [ RunTime:0.0005s ]
SQL: SHOW COLUMNS FROM `t_relation_dd` [ RunTime:0.0018s ]
SQL: SELECT trd.pid as tpid,tzd.* FROM t_relation_dd trd LEFT JOIN t_zj_dd tzd on trd.id=tzd.pid  WHERE ( trd.name ='最新信息' and trd.show_status=1 and tzd.pubstatus=1 and tzd.showstatus=1 ) ORDER BY tzd.updatetime desc LIMIT 5   [ RunTime:0.0009s ]
SQL: SELECT * FROM `t_relation_dd` WHERE ( pid=0 ) ORDER BY vsort asc  [ RunTime:0.0004s ]
SQL: SHOW COLUMNS FROM `t_pic_manager_dd` [ RunTime:0.0018s ]
SQL: SELECT * FROM `t_pic_manager_dd` WHERE ( mid=6 ) ORDER BY vsort desc  [ RunTime:0.0005s ]
INFO: [ view_parse ] --START--
INFO: [ template_filter ] --START--
INFO: Run Behavior\ContentReplaceBehavior [ RunTime:0.000146s ]
INFO: [ template_filter ] --END-- [ RunTime:0.000189s ]
NOTIC: [8] Undefined offset: 0 /var/www/main/Application/Runtime/Cache/Home/2a94b8bda04ff446dcedd42276fc99ee.php 第 77 行.
NOTIC: [8] Undefined variable: affairpublic /var/www/main/Application/Runtime/Cache/Home/2a94b8bda04ff446dcedd42276fc99ee.php 第 77 行.
NOTIC: [8] Undefined offset: 0 /var/www/main/Application/Runtime/Cache/Home/2a94b8bda04ff446dcedd42276fc99ee.php 第 77 行.
NOTIC: [8] Undefined variable: affairpublic /var/www/main/Application/Runtime/Cache/Home/2a94b8bda04ff446dcedd42276fc99ee.php 第 77 行.
NOTIC: [8] Undefined variable: poypublic /var/www/main/Application/Runtime/Cache/Home/2a94b8bda04ff446dcedd42276fc99ee.php 第 77 行.
NOTIC: [8] Undefined variable: lzestablish /var/www/main/Application/Runtime/Cache/Home/2a94b8bda04ff446dcedd42276fc99ee.php 第 77 行.
NOTIC: [8] Undefined variable: specialistintro /var/www/main/Application/Runtime/Cache/Home/2a94b8bda04ff446dcedd42276fc99ee.php 第 77 行.
NOTIC: [8] Undefined variable: specialists /var/www/main/Application/Runtime/Cache/Home/2a94b8bda04ff446dcedd42276fc99ee.php 第 77 行.
NOTIC: [2] count(): Parameter must be an array or an object that implements Countable /var/www/main/Application/Runtime/Cache/Home/2a94b8bda04ff446dcedd42276fc99ee.php 第 77 行.
NOTIC: [8] Undefined variable: serviceitem /var/www/main/Application/Runtime/Cache/Home/2a94b8bda04ff446dcedd42276fc99ee.php 第 169 行.
NOTIC: [8] Undefined variable: serviceitem /var/www/main/Application/Runtime/Cache/Home/2a94b8bda04ff446dcedd42276fc99ee.php 第 176 行.
NOTIC: [8] Undefined variable: fybjinfo /var/www/main/Application/Runtime/Cache/Home/2a94b8bda04ff446dcedd42276fc99ee.php 第 187 行.
NOTIC: [8] Undefined variable: affairpublic /var/www/main/Application/Runtime/Cache/Home/2a94b8bda04ff446dcedd42276fc99ee.php 第 219 行.
NOTIC: [8] Undefined variable: poypublic /var/www/main/Application/Runtime/Cache/Home/2a94b8bda04ff446dcedd42276fc99ee.php 第 230 行.
NOTIC: [8] Undefined variable: lzestablish /var/www/main/Application/Runtime/Cache/Home/2a94b8bda04ff446dcedd42276fc99ee.php 第 241 行.
NOTIC: [8] Undefined variable: specialists /var/www/main/Application/Runtime/Cache/Home/2a94b8bda04ff446dcedd42276fc99ee.php 第 268 行.
INFO: Run Behavior\ParseTemplateBehavior [ RunTime:0.015215s ]
INFO: [ view_parse ] --END-- [ RunTime:0.015254s ]
INFO: [ view_filter ] --START--
INFO: Run Behavior\WriteHtmlCacheBehavior [ RunTime:0.000161s ]
INFO: [ view_filter ] --END-- [ RunTime:0.000183s ]
INFO: [ app_end ] --START--
INFO: Run Behavior\ShowPageTraceBehavior [ RunTime:0.000795s ]
INFO: [ app_end ] --END-- [ RunTime:0.000856s ]

[ 2018-11-15T15:29:29+08:00 ] 192.168.186.1 /main/index.php/images/aut_icon.png
INFO: [ app_init ] --START--
INFO: Run Behavior\BuildLiteBehavior [ RunTime:0.000015s ]
INFO: [ app_init ] --END-- [ RunTime:0.000333s ]

[ 2018-11-15T15:31:12+08:00 ] 192.168.186.1 /main/index.php/images/aut_icon.png
INFO: [ app_init ] --START--
INFO: Run Behavior\BuildLiteBehavior [ RunTime:0.000015s ]
INFO: [ app_init ] --END-- [ RunTime:0.000475s ]

[ 2018-11-15T15:31:25+08:00 ] 192.168.186.1 /main/index.php/images/aut_icon.png
INFO: [ app_init ] --START--
INFO: Run Behavior\BuildLiteBehavior [ RunTime:0.000014s ]
INFO: [ app_init ] --END-- [ RunTime:0.000386s ]

[ 2018-11-15T15:34:09+08:00 ] 192.168.186.1 /main/index.php/images/aut_icon.png
INFO: [ app_init ] --START--
INFO: Run Behavior\BuildLiteBehavior [ RunTime:0.000016s ]
INFO: [ app_init ] --END-- [ RunTime:0.000454s ]

[ 2018-11-15T15:34:39+08:00 ] 192.168.186.1 /main/index.php/images/aut_icon.png
INFO: [ app_init ] --START--
INFO: Run Behavior\BuildLiteBehavior [ RunTime:0.000015s ]
INFO: [ app_init ] --END-- [ RunTime:0.000412s ]

[ 2018-11-15T15:37:10+08:00 ] 192.168.186.1 /main/index.php/images/aut_icon.png
INFO: [ app_init ] --START--
INFO: Run Behavior\BuildLiteBehavior [ RunTime:0.000016s ]
INFO: [ app_init ] --END-- [ RunTime:0.000516s ]

[ 2018-11-15T15:37:42+08:00 ] 192.168.186.1 /main/index.php/images/aut_icon.png
INFO: [ app_init ] --START--
INFO: Run Behavior\BuildLiteBehavior [ RunTime:0.000016s ]
INFO: [ app_init ] --END-- [ RunTime:0.000553s ]

[ 2018-11-15T15:38:43+08:00 ] 192.168.186.1 /main/index.php/images/aut_icon.png
INFO: [ app_init ] --START--
INFO: Run Behavior\BuildLiteBehavior [ RunTime:0.000011s ]
INFO: [ app_init ] --END-- [ RunTime:0.000343s ]

[ 2018-11-15T15:39:46+08:00 ] 192.168.186.1 /main/index.php/images/aut_icon.png
INFO: [ app_init ] --START--
INFO: Run Behavior\BuildLiteBehavior [ RunTime:0.000010s ]
INFO: [ app_init ] --END-- [ RunTime:0.000329s ]

[ 2018-11-15T15:43:35+08:00 ] 192.168.186.1 /main/index.php/images/aut_icon.png
INFO: [ app_init ] --START--
INFO: Run Behavior\BuildLiteBehavior [ RunTime:0.000014s ]
INFO: [ app_init ] --END-- [ RunTime:0.000792s ]

[ 2018-11-15T15:44:02+08:00 ] 192.168.186.1 /main/index.php/images/aut_icon.png
INFO: [ app_init ] --START--
INFO: Run Behavior\BuildLiteBehavior [ RunTime:0.000011s ]
INFO: [ app_init ] --END-- [ RunTime:0.000329s ]

[ 2018-11-15T15:45:03+08:00 ] 192.168.186.1 /main/index.php/images/aut_icon.png
INFO: [ app_init ] --START--
INFO: Run Behavior\BuildLiteBehavior [ RunTime:0.000021s ]
INFO: [ app_init ] --END-- [ RunTime:0.001494s ]

[ 2018-11-15T15:45:42+08:00 ] 192.168.186.1 /main/index.php/images/aut_icon.png
INFO: [ app_init ] --START--
INFO: Run Behavior\BuildLiteBehavior [ RunTime:0.000016s ]
INFO: [ app_init ] --END-- [ RunTime:0.000386s ]

[ 2018-11-15T15:46:24+08:00 ] 192.168.186.1 /main/index.php/images/aut_icon.png
INFO: [ app_init ] --START--
INFO: Run Behavior\BuildLiteBehavior [ RunTime:0.000015s ]
INFO: [ app_init ] --END-- [ RunTime:0.000472s ]

[ 2018-11-15T15:49:29+08:00 ] 192.168.186.1 /main/index.php/images/aut_icon.png
INFO: [ app_init ] --START--
INFO: Run Behavior\BuildLiteBehavior [ RunTime:0.000014s ]
INFO: [ app_init ] --END-- [ RunTime:0.000300s ]

[ 2018-11-15T15:53:01+08:00 ] 192.168.186.1 /main/index.php/images/aut_icon.png
INFO: [ app_init ] --START--
INFO: Run Behavior\BuildLiteBehavior [ RunTime:0.000015s ]
INFO: [ app_init ] --END-- [ RunTime:0.000389s ]

[ 2018-11-15T15:58:58+08:00 ] 192.168.186.1 /main/index.php/images/aut_icon.png
INFO: [ app_init ] --START--
INFO: Run Behavior\BuildLiteBehavior [ RunTime:0.000015s ]
INFO: [ app_init ] --END-- [ RunTime:0.000443s ]

[ 2018-11-15T19:36:30+08:00 ] 192.168.186.1 /main/index.php/images/aut_icon.png
INFO: [ app_init ] --START--
INFO: Run Behavior\BuildLiteBehavior [ RunTime:0.000015s ]
INFO: [ app_init ] --END-- [ RunTime:0.000397s ]

[ 2018-11-15T19:36:44+08:00 ] 192.168.186.1 /main/index.php
INFO: [ app_init ] --START--
INFO: Run Behavior\BuildLiteBehavior [ RunTime:0.000015s ]
INFO: [ app_init ] --END-- [ RunTime:0.000414s ]
INFO: [ app_begin ] --START--
INFO: Run Behavior\ReadHtmlCacheBehavior [ RunTime:0.000971s ]
INFO: [ app_begin ] --END-- [ RunTime:0.001009s ]
SQL: SHOW COLUMNS FROM `t_relation_dd` [ RunTime:0.0272s ]
SQL: SELECT * FROM `t_relation_dd` WHERE ( name='二级导航' )  [ RunTime:0.0010s ]
SQL: SHOW COLUMNS FROM `t_relation_dd` [ RunTime:0.0025s ]
SQL: SELECT trd.pid as tpid,tzd.* FROM t_relation_dd trd LEFT JOIN t_zj_dd tzd on trd.id=tzd.pid  WHERE ( trd.name ='最新公告' and trd.show_status=1 and tzd.pubstatus=1 and tzd.showstatus=1 ) ORDER BY tzd.updatetime desc  [ RunTime:0.0071s ]
SQL: SHOW COLUMNS FROM `t_relation_dd` [ RunTime:0.0038s ]
SQL: SELECT trd.pid as tpid,tzd.* FROM t_relation_dd trd LEFT JOIN t_zj_dd tzd on trd.id=tzd.pid  WHERE ( trd.name ='最新信息' and trd.show_status=1 and tzd.pubstatus=1 and tzd.showstatus=1 ) ORDER BY tzd.updatetime desc LIMIT 5   [ RunTime:0.0011s ]
SQL: SELECT * FROM `t_relation_dd` WHERE ( pid=0 ) ORDER BY vsort asc  [ RunTime:0.0006s ]
SQL: SHOW COLUMNS FROM `t_pic_manager_dd` [ RunTime:0.0022s ]
SQL: SELECT * FROM `t_pic_manager_dd` WHERE ( mid=6 ) ORDER BY vsort desc  [ RunTime:0.0007s ]
INFO: [ view_parse ] --START--
INFO: [ template_filter ] --START--
INFO: Run Behavior\ContentReplaceBehavior [ RunTime:0.000163s ]
INFO: [ template_filter ] --END-- [ RunTime:0.000218s ]
NOTIC: [8] Undefined offset: 0 /var/www/main/Application/Runtime/Cache/Home/2a94b8bda04ff446dcedd42276fc99ee.php 第 77 行.
NOTIC: [8] Undefined variable: affairpublic /var/www/main/Application/Runtime/Cache/Home/2a94b8bda04ff446dcedd42276fc99ee.php 第 77 行.
NOTIC: [8] Undefined offset: 0 /var/www/main/Application/Runtime/Cache/Home/2a94b8bda04ff446dcedd42276fc99ee.php 第 77 行.
NOTIC: [8] Undefined variable: affairpublic /var/www/main/Application/Runtime/Cache/Home/2a94b8bda04ff446dcedd42276fc99ee.php 第 77 行.
NOTIC: [8] Undefined variable: poypublic /var/www/main/Application/Runtime/Cache/Home/2a94b8bda04ff446dcedd42276fc99ee.php 第 77 行.
NOTIC: [8] Undefined variable: lzestablish /var/www/main/Application/Runtime/Cache/Home/2a94b8bda04ff446dcedd42276fc99ee.php 第 77 行.
NOTIC: [8] Undefined variable: specialistintro /var/www/main/Application/Runtime/Cache/Home/2a94b8bda04ff446dcedd42276fc99ee.php 第 77 行.
NOTIC: [8] Undefined variable: specialists /var/www/main/Application/Runtime/Cache/Home/2a94b8bda04ff446dcedd42276fc99ee.php 第 77 行.
NOTIC: [2] count(): Parameter must be an array or an object that implements Countable /var/www/main/Application/Runtime/Cache/Home/2a94b8bda04ff446dcedd42276fc99ee.php 第 77 行.
NOTIC: [8] Undefined variable: serviceitem /var/www/main/Application/Runtime/Cache/Home/2a94b8bda04ff446dcedd42276fc99ee.php 第 169 行.
NOTIC: [8] Undefined variable: serviceitem /var/www/main/Application/Runtime/Cache/Home/2a94b8bda04ff446dcedd42276fc99ee.php 第 176 行.
NOTIC: [8] Undefined variable: fybjinfo /var/www/main/Application/Runtime/Cache/Home/2a94b8bda04ff446dcedd42276fc99ee.php 第 187 行.
NOTIC: [8] Undefined variable: affairpublic /var/www/main/Application/Runtime/Cache/Home/2a94b8bda04ff446dcedd42276fc99ee.php 第 219 行.
NOTIC: [8] Undefined variable: poypublic /var/www/main/Application/Runtime/Cache/Home/2a94b8bda04ff446dcedd42276fc99ee.php 第 230 行.
NOTIC: [8] Undefined variable: lzestablish /var/www/main/Application/Runtime/Cache/Home/2a94b8bda04ff446dcedd42276fc99ee.php 第 241 行.
NOTIC: [8] Undefined variable: specialists /var/www/main/Application/Runtime/Cache/Home/2a94b8bda04ff446dcedd42276fc99ee.php 第 268 行.
INFO: Run Behavior\ParseTemplateBehavior [ RunTime:0.016463s ]
INFO: [ view_parse ] --END-- [ RunTime:0.016503s ]
INFO: [ view_filter ] --START--
INFO: Run Behavior\WriteHtmlCacheBehavior [ RunTime:0.000238s ]
INFO: [ view_filter ] --END-- [ RunTime:0.000265s ]
INFO: [ app_end ] --START--
INFO: Run Behavior\ShowPageTraceBehavior [ RunTime:0.000510s ]
INFO: [ app_end ] --END-- [ RunTime:0.000543s ]

[ 2018-11-15T19:36:45+08:00 ] 192.168.186.1 /main/index.php
INFO: [ app_init ] --START--
INFO: Run Behavior\BuildLiteBehavior [ RunTime:0.000061s ]
INFO: [ app_init ] --END-- [ RunTime:0.000877s ]
INFO: [ app_begin ] --START--
INFO: Run Behavior\ReadHtmlCacheBehavior [ RunTime:0.001003s ]
INFO: [ app_begin ] --END-- [ RunTime:0.001243s ]
SQL: SHOW COLUMNS FROM `t_relation_dd` [ RunTime:0.0039s ]
SQL: SELECT * FROM `t_relation_dd` WHERE ( name='二级导航' )  [ RunTime:0.0235s ]
SQL: SHOW COLUMNS FROM `t_relation_dd` [ RunTime:0.0020s ]
SQL: SELECT trd.pid as tpid,tzd.* FROM t_relation_dd trd LEFT JOIN t_zj_dd tzd on trd.id=tzd.pid  WHERE ( trd.name ='最新公告' and trd.show_status=1 and tzd.pubstatus=1 and tzd.showstatus=1 ) ORDER BY tzd.updatetime desc  [ RunTime:0.0009s ]
SQL: SHOW COLUMNS FROM `t_relation_dd` [ RunTime:0.0020s ]
SQL: SELECT trd.pid as tpid,tzd.* FROM t_relation_dd trd LEFT JOIN t_zj_dd tzd on trd.id=tzd.pid  WHERE ( trd.name ='最新信息' and trd.show_status=1 and tzd.pubstatus=1 and tzd.showstatus=1 ) ORDER BY tzd.updatetime desc LIMIT 5   [ RunTime:0.0004s ]
SQL: SELECT * FROM `t_relation_dd` WHERE ( pid=0 ) ORDER BY vsort asc  [ RunTime:0.0003s ]
SQL: SHOW COLUMNS FROM `t_pic_manager_dd` [ RunTime:0.0037s ]
SQL: SELECT * FROM `t_pic_manager_dd` WHERE ( mid=6 ) ORDER BY vsort desc  [ RunTime:0.0006s ]
INFO: [ view_parse ] --START--
INFO: [ template_filter ] --START--
INFO: Run Behavior\ContentReplaceBehavior [ RunTime:0.000158s ]
INFO: [ template_filter ] --END-- [ RunTime:0.000267s ]
NOTIC: [8] Undefined offset: 0 /var/www/main/Application/Runtime/Cache/Home/2a94b8bda04ff446dcedd42276fc99ee.php 第 77 行.
NOTIC: [8] Undefined variable: affairpublic /var/www/main/Application/Runtime/Cache/Home/2a94b8bda04ff446dcedd42276fc99ee.php 第 77 行.
NOTIC: [8] Undefined offset: 0 /var/www/main/Application/Runtime/Cache/Home/2a94b8bda04ff446dcedd42276fc99ee.php 第 77 行.
NOTIC: [8] Undefined variable: affairpublic /var/www/main/Application/Runtime/Cache/Home/2a94b8bda04ff446dcedd42276fc99ee.php 第 77 行.
NOTIC: [8] Undefined variable: poypublic /var/www/main/Application/Runtime/Cache/Home/2a94b8bda04ff446dcedd42276fc99ee.php 第 77 行.
NOTIC: [8] Undefined variable: lzestablish /var/www/main/Application/Runtime/Cache/Home/2a94b8bda04ff446dcedd42276fc99ee.php 第 77 行.
NOTIC: [8] Undefined variable: specialistintro /var/www/main/Application/Runtime/Cache/Home/2a94b8bda04ff446dcedd42276fc99ee.php 第 77 行.
NOTIC: [8] Undefined variable: specialists /var/www/main/Application/Runtime/Cache/Home/2a94b8bda04ff446dcedd42276fc99ee.php 第 77 行.
NOTIC: [2] count(): Parameter must be an array or an object that implements Countable /var/www/main/Application/Runtime/Cache/Home/2a94b8bda04ff446dcedd42276fc99ee.php 第 77 行.
NOTIC: [8] Undefined variable: serviceitem /var/www/main/Application/Runtime/Cache/Home/2a94b8bda04ff446dcedd42276fc99ee.php 第 169 行.
NOTIC: [8] Undefined variable: serviceitem /var/www/main/Application/Runtime/Cache/Home/2a94b8bda04ff446dcedd42276fc99ee.php 第 176 行.
NOTIC: [8] Undefined variable: fybjinfo /var/www/main/Application/Runtime/Cache/Home/2a94b8bda04ff446dcedd42276fc99ee.php 第 187 行.
NOTIC: [8] Undefined variable: affairpublic /var/www/main/Application/Runtime/Cache/Home/2a94b8bda04ff446dcedd42276fc99ee.php 第 219 行.
NOTIC: [8] Undefined variable: poypublic /var/www/main/Application/Runtime/Cache/Home/2a94b8bda04ff446dcedd42276fc99ee.php 第 230 行.
NOTIC: [8] Undefined variable: lzestablish /var/www/main/Application/Runtime/Cache/Home/2a94b8bda04ff446dcedd42276fc99ee.php 第 241 行.
NOTIC: [8] Undefined variable: specialists /var/www/main/Application/Runtime/Cache/Home/2a94b8bda04ff446dcedd42276fc99ee.php 第 268 行.
INFO: Run Behavior\ParseTemplateBehavior [ RunTime:0.014679s ]
INFO: [ view_parse ] --END-- [ RunTime:0.014841s ]
INFO: [ view_filter ] --START--
INFO: Run Behavior\WriteHtmlCacheBehavior [ RunTime:0.000352s ]
INFO: [ view_filter ] --END-- [ RunTime:0.000380s ]
INFO: [ app_end ] --START--
INFO: Run Behavior\ShowPageTraceBehavior [ RunTime:0.001253s ]
INFO: [ app_end ] --END-- [ RunTime:0.001358s ]

[ 2018-11-15T21:52:13+08:00 ] 192.168.186.1 /main/index.php
INFO: [ app_init ] --START--
INFO: Run Behavior\BuildLiteBehavior [ RunTime:0.000044s ]
INFO: [ app_init ] --END-- [ RunTime:0.001201s ]
INFO: [ app_begin ] --START--
INFO: Run Behavior\ReadHtmlCacheBehavior [ RunTime:0.000722s ]
INFO: [ app_begin ] --END-- [ RunTime:0.000749s ]
SQL: SHOW COLUMNS FROM `t_relation_dd` [ RunTime:0.0169s ]
SQL: SELECT * FROM `t_relation_dd` WHERE ( name='二级导航' )  [ RunTime:0.0020s ]
SQL: SHOW COLUMNS FROM `t_relation_dd` [ RunTime:0.0025s ]
SQL: SELECT trd.pid as tpid,tzd.* FROM t_relation_dd trd LEFT JOIN t_zj_dd tzd on trd.id=tzd.pid  WHERE ( trd.name ='最新公告' and trd.show_status=1 and tzd.pubstatus=1 and tzd.showstatus=1 ) ORDER BY tzd.updatetime desc  [ RunTime:0.0017s ]
SQL: SHOW COLUMNS FROM `t_relation_dd` [ RunTime:0.0025s ]
SQL: SELECT trd.pid as tpid,tzd.* FROM t_relation_dd trd LEFT JOIN t_zj_dd tzd on trd.id=tzd.pid  WHERE ( trd.name ='最新信息' and trd.show_status=1 and tzd.pubstatus=1 and tzd.showstatus=1 ) ORDER BY tzd.updatetime desc LIMIT 5   [ RunTime:0.0006s ]
SQL: SELECT * FROM `t_relation_dd` WHERE ( pid=0 ) ORDER BY vsort asc  [ RunTime:0.0004s ]
SQL: SHOW COLUMNS FROM `t_pic_manager_dd` [ RunTime:0.0022s ]
SQL: SELECT * FROM `t_pic_manager_dd` WHERE ( mid=6 ) ORDER BY vsort desc  [ RunTime:0.0005s ]
INFO: [ view_parse ] --START--
INFO: [ template_filter ] --START--
INFO: Run Behavior\ContentReplaceBehavior [ RunTime:0.000321s ]
INFO: [ template_filter ] --END-- [ RunTime:0.000376s ]
NOTIC: [8] Undefined offset: 0 /var/www/main/Application/Runtime/Cache/Home/2a94b8bda04ff446dcedd42276fc99ee.php 第 77 行.
NOTIC: [8] Undefined variable: affairpublic /var/www/main/Application/Runtime/Cache/Home/2a94b8bda04ff446dcedd42276fc99ee.php 第 77 行.
NOTIC: [8] Undefined offset: 0 /var/www/main/Application/Runtime/Cache/Home/2a94b8bda04ff446dcedd42276fc99ee.php 第 77 行.
NOTIC: [8] Undefined variable: affairpublic /var/www/main/Application/Runtime/Cache/Home/2a94b8bda04ff446dcedd42276fc99ee.php 第 77 行.
NOTIC: [8] Undefined variable: poypublic /var/www/main/Application/Runtime/Cache/Home/2a94b8bda04ff446dcedd42276fc99ee.php 第 77 行.
NOTIC: [8] Undefined variable: lzestablish /var/www/main/Application/Runtime/Cache/Home/2a94b8bda04ff446dcedd42276fc99ee.php 第 77 行.
NOTIC: [8] Undefined variable: specialistintro /var/www/main/Application/Runtime/Cache/Home/2a94b8bda04ff446dcedd42276fc99ee.php 第 77 行.
NOTIC: [8] Undefined variable: specialists /var/www/main/Application/Runtime/Cache/Home/2a94b8bda04ff446dcedd42276fc99ee.php 第 77 行.
NOTIC: [2] count(): Parameter must be an array or an object that implements Countable /var/www/main/Application/Runtime/Cache/Home/2a94b8bda04ff446dcedd42276fc99ee.php 第 77 行.
NOTIC: [8] Undefined variable: serviceitem /var/www/main/Application/Runtime/Cache/Home/2a94b8bda04ff446dcedd42276fc99ee.php 第 169 行.
NOTIC: [8] Undefined variable: serviceitem /var/www/main/Application/Runtime/Cache/Home/2a94b8bda04ff446dcedd42276fc99ee.php 第 176 行.
NOTIC: [8] Undefined variable: fybjinfo /var/www/main/Application/Runtime/Cache/Home/2a94b8bda04ff446dcedd42276fc99ee.php 第 187 行.
NOTIC: [8] Undefined variable: affairpublic /var/www/main/Application/Runtime/Cache/Home/2a94b8bda04ff446dcedd42276fc99ee.php 第 219 行.
NOTIC: [8] Undefined variable: poypublic /var/www/main/Application/Runtime/Cache/Home/2a94b8bda04ff446dcedd42276fc99ee.php 第 230 行.
NOTIC: [8] Undefined variable: lzestablish /var/www/main/Application/Runtime/Cache/Home/2a94b8bda04ff446dcedd42276fc99ee.php 第 241 行.
NOTIC: [8] Undefined variable: specialists /var/www/main/Application/Runtime/Cache/Home/2a94b8bda04ff446dcedd42276fc99ee.php 第 268 行.
INFO: Run Behavior\ParseTemplateBehavior [ RunTime:0.026405s ]
INFO: [ view_parse ] --END-- [ RunTime:0.026446s ]
INFO: [ view_filter ] --START--
INFO: Run Behavior\WriteHtmlCacheBehavior [ RunTime:0.000353s ]
INFO: [ view_filter ] --END-- [ RunTime:0.000377s ]
INFO: [ app_end ] --START--
INFO: Run Behavior\ShowPageTraceBehavior [ RunTime:0.000916s ]
INFO: [ app_end ] --END-- [ RunTime:0.000951s ]

[ 2018-11-15T22:03:25+08:00 ] 192.168.186.1 /main/index.php
INFO: [ app_init ] --START--
INFO: Run Behavior\BuildLiteBehavior [ RunTime:0.000015s ]
INFO: [ app_init ] --END-- [ RunTime:0.000477s ]
INFO: [ app_begin ] --START--
INFO: Run Behavior\ReadHtmlCacheBehavior [ RunTime:0.000767s ]
INFO: [ app_begin ] --END-- [ RunTime:0.000800s ]
SQL: SHOW COLUMNS FROM `t_user_dd` [ RunTime:0.0106s ]
SQL: SELECT * FROM `t_user_dd` WHERE ( id=2 ) LIMIT 1   [ RunTime:0.0006s ]
SQL: SHOW COLUMNS FROM `t_relation_dd` [ RunTime:0.0027s ]
SQL: SELECT * FROM `t_relation_dd` WHERE ( name='二级导航' )  [ RunTime:0.0008s ]
SQL: SHOW COLUMNS FROM `t_relation_dd` [ RunTime:0.0026s ]
SQL: SELECT trd.pid as tpid,tzd.* FROM t_relation_dd trd LEFT JOIN t_zj_dd tzd on trd.id=tzd.pid  WHERE ( trd.name ='最新公告' and trd.show_status=1 and tzd.pubstatus=1 and tzd.showstatus=1 ) ORDER BY tzd.updatetime desc  [ RunTime:0.0008s ]
SQL: SHOW COLUMNS FROM `t_relation_dd` [ RunTime:0.0041s ]
SQL: SELECT trd.pid as tpid,tzd.* FROM t_relation_dd trd LEFT JOIN t_zj_dd tzd on trd.id=tzd.pid  WHERE ( trd.name ='最新信息' and trd.show_status=1 and tzd.pubstatus=1 and tzd.showstatus=1 ) ORDER BY tzd.updatetime desc LIMIT 5   [ RunTime:0.0007s ]
SQL: SELECT * FROM `t_relation_dd` WHERE ( pid=0 ) ORDER BY vsort asc  [ RunTime:0.0005s ]
SQL: SHOW COLUMNS FROM `t_pic_manager_dd` [ RunTime:0.0022s ]
SQL: SELECT * FROM `t_pic_manager_dd` WHERE ( mid=6 ) ORDER BY vsort desc  [ RunTime:0.0003s ]
INFO: [ view_parse ] --START--
INFO: [ template_filter ] --START--
INFO: Run Behavior\ContentReplaceBehavior [ RunTime:0.000239s ]
INFO: [ template_filter ] --END-- [ RunTime:0.000285s ]
NOTIC: [8] Undefined offset: 0 /var/www/main/Application/Runtime/Cache/Home/2a94b8bda04ff446dcedd42276fc99ee.php 第 77 行.
NOTIC: [8] Undefined variable: affairpublic /var/www/main/Application/Runtime/Cache/Home/2a94b8bda04ff446dcedd42276fc99ee.php 第 77 行.
NOTIC: [8] Undefined offset: 0 /var/www/main/Application/Runtime/Cache/Home/2a94b8bda04ff446dcedd42276fc99ee.php 第 77 行.
NOTIC: [8] Undefined variable: affairpublic /var/www/main/Application/Runtime/Cache/Home/2a94b8bda04ff446dcedd42276fc99ee.php 第 77 行.
NOTIC: [8] Undefined variable: poypublic /var/www/main/Application/Runtime/Cache/Home/2a94b8bda04ff446dcedd42276fc99ee.php 第 77 行.
NOTIC: [8] Undefined variable: lzestablish /var/www/main/Application/Runtime/Cache/Home/2a94b8bda04ff446dcedd42276fc99ee.php 第 77 行.
NOTIC: [8] Undefined variable: specialistintro /var/www/main/Application/Runtime/Cache/Home/2a94b8bda04ff446dcedd42276fc99ee.php 第 77 行.
NOTIC: [8] Undefined variable: specialists /var/www/main/Application/Runtime/Cache/Home/2a94b8bda04ff446dcedd42276fc99ee.php 第 77 行.
NOTIC: [2] count(): Parameter must be an array or an object that implements Countable /var/www/main/Application/Runtime/Cache/Home/2a94b8bda04ff446dcedd42276fc99ee.php 第 77 行.
NOTIC: [8] Undefined variable: serviceitem /var/www/main/Application/Runtime/Cache/Home/2a94b8bda04ff446dcedd42276fc99ee.php 第 169 行.
NOTIC: [8] Undefined variable: serviceitem /var/www/main/Application/Runtime/Cache/Home/2a94b8bda04ff446dcedd42276fc99ee.php 第 176 行.
NOTIC: [8] Undefined variable: fybjinfo /var/www/main/Application/Runtime/Cache/Home/2a94b8bda04ff446dcedd42276fc99ee.php 第 187 行.
NOTIC: [8] Undefined variable: affairpublic /var/www/main/Application/Runtime/Cache/Home/2a94b8bda04ff446dcedd42276fc99ee.php 第 219 行.
NOTIC: [8] Undefined variable: poypublic /var/www/main/Application/Runtime/Cache/Home/2a94b8bda04ff446dcedd42276fc99ee.php 第 230 行.
NOTIC: [8] Undefined variable: lzestablish /var/www/main/Application/Runtime/Cache/Home/2a94b8bda04ff446dcedd42276fc99ee.php 第 241 行.
NOTIC: [8] Undefined variable: specialists /var/www/main/Application/Runtime/Cache/Home/2a94b8bda04ff446dcedd42276fc99ee.php 第 268 行.
INFO: Run Behavior\ParseTemplateBehavior [ RunTime:0.018986s ]
INFO: [ view_parse ] --END-- [ RunTime:0.019028s ]
INFO: [ view_filter ] --START--
INFO: Run Behavior\WriteHtmlCacheBehavior [ RunTime:0.000348s ]
INFO: [ view_filter ] --END-- [ RunTime:0.000369s ]
INFO: [ app_end ] --START--
INFO: Run Behavior\ShowPageTraceBehavior [ RunTime:0.000959s ]
INFO: [ app_end ] --END-- [ RunTime:0.001028s ]

[ 2018-11-15T22:03:26+08:00 ] 192.168.186.1 /main/index.php
INFO: [ app_init ] --START--
INFO: Run Behavior\BuildLiteBehavior [ RunTime:0.000020s ]
INFO: [ app_init ] --END-- [ RunTime:0.001032s ]
INFO: [ app_begin ] --START--
INFO: Run Behavior\ReadHtmlCacheBehavior [ RunTime:0.001130s ]
INFO: [ app_begin ] --END-- [ RunTime:0.001178s ]
SQL: SHOW COLUMNS FROM `t_user_dd` [ RunTime:0.0043s ]
SQL: SELECT * FROM `t_user_dd` WHERE ( id=2 ) LIMIT 1   [ RunTime:0.0005s ]
SQL: SHOW COLUMNS FROM `t_relation_dd` [ RunTime:0.0036s ]
SQL: SELECT * FROM `t_relation_dd` WHERE ( name='二级导航' )  [ RunTime:0.0003s ]
SQL: SHOW COLUMNS FROM `t_relation_dd` [ RunTime:0.0021s ]
SQL: SELECT trd.pid as tpid,tzd.* FROM t_relation_dd trd LEFT JOIN t_zj_dd tzd on trd.id=tzd.pid  WHERE ( trd.name ='最新公告' and trd.show_status=1 and tzd.pubstatus=1 and tzd.showstatus=1 ) ORDER BY tzd.updatetime desc  [ RunTime:0.0005s ]
SQL: SHOW COLUMNS FROM `t_relation_dd` [ RunTime:0.0020s ]
SQL: SELECT trd.pid as tpid,tzd.* FROM t_relation_dd trd LEFT JOIN t_zj_dd tzd on trd.id=tzd.pid  WHERE ( trd.name ='最新信息' and trd.show_status=1 and tzd.pubstatus=1 and tzd.showstatus=1 ) ORDER BY tzd.updatetime desc LIMIT 5   [ RunTime:0.0004s ]
SQL: SELECT * FROM `t_relation_dd` WHERE ( pid=0 ) ORDER BY vsort asc  [ RunTime:0.0002s ]
SQL: SHOW COLUMNS FROM `t_pic_manager_dd` [ RunTime:0.0020s ]
SQL: SELECT * FROM `t_pic_manager_dd` WHERE ( mid=6 ) ORDER BY vsort desc  [ RunTime:0.0004s ]
INFO: [ view_parse ] --START--
INFO: [ template_filter ] --START--
INFO: Run Behavior\ContentReplaceBehavior [ RunTime:0.000209s ]
INFO: [ template_filter ] --END-- [ RunTime:0.000259s ]
NOTIC: [8] Undefined offset: 0 /var/www/main/Application/Runtime/Cache/Home/2a94b8bda04ff446dcedd42276fc99ee.php 第 77 行.
NOTIC: [8] Undefined variable: affairpublic /var/www/main/Application/Runtime/Cache/Home/2a94b8bda04ff446dcedd42276fc99ee.php 第 77 行.
NOTIC: [8] Undefined offset: 0 /var/www/main/Application/Runtime/Cache/Home/2a94b8bda04ff446dcedd42276fc99ee.php 第 77 行.
NOTIC: [8] Undefined variable: affairpublic /var/www/main/Application/Runtime/Cache/Home/2a94b8bda04ff446dcedd42276fc99ee.php 第 77 行.
NOTIC: [8] Undefined variable: poypublic /var/www/main/Application/Runtime/Cache/Home/2a94b8bda04ff446dcedd42276fc99ee.php 第 77 行.
NOTIC: [8] Undefined variable: lzestablish /var/www/main/Application/Runtime/Cache/Home/2a94b8bda04ff446dcedd42276fc99ee.php 第 77 行.
NOTIC: [8] Undefined variable: specialistintro /var/www/main/Application/Runtime/Cache/Home/2a94b8bda04ff446dcedd42276fc99ee.php 第 77 行.
NOTIC: [8] Undefined variable: specialists /var/www/main/Application/Runtime/Cache/Home/2a94b8bda04ff446dcedd42276fc99ee.php 第 77 行.
NOTIC: [2] count(): Parameter must be an array or an object that implements Countable /var/www/main/Application/Runtime/Cache/Home/2a94b8bda04ff446dcedd42276fc99ee.php 第 77 行.
NOTIC: [8] Undefined variable: serviceitem /var/www/main/Application/Runtime/Cache/Home/2a94b8bda04ff446dcedd42276fc99ee.php 第 169 行.
NOTIC: [8] Undefined variable: serviceitem /var/www/main/Application/Runtime/Cache/Home/2a94b8bda04ff446dcedd42276fc99ee.php 第 176 行.
NOTIC: [8] Undefined variable: fybjinfo /var/www/main/Application/Runtime/Cache/Home/2a94b8bda04ff446dcedd42276fc99ee.php 第 187 行.
NOTIC: [8] Undefined variable: affairpublic /var/www/main/Application/Runtime/Cache/Home/2a94b8bda04ff446dcedd42276fc99ee.php 第 219 行.
NOTIC: [8] Undefined variable: poypublic /var/www/main/Application/Runtime/Cache/Home/2a94b8bda04ff446dcedd42276fc99ee.php 第 230 行.
NOTIC: [8] Undefined variable: lzestablish /var/www/main/Application/Runtime/Cache/Home/2a94b8bda04ff446dcedd42276fc99ee.php 第 241 行.
NOTIC: [8] Undefined variable: specialists /var/www/main/Application/Runtime/Cache/Home/2a94b8bda04ff446dcedd42276fc99ee.php 第 268 行.
INFO: Run Behavior\ParseTemplateBehavior [ RunTime:0.018409s ]
INFO: [ view_parse ] --END-- [ RunTime:0.018449s ]
INFO: [ view_filter ] --START--
INFO: Run Behavior\WriteHtmlCacheBehavior [ RunTime:0.000229s ]
INFO: [ view_filter ] --END-- [ RunTime:0.000246s ]
INFO: [ app_end ] --START--
INFO: Run Behavior\ShowPageTraceBehavior [ RunTime:0.001645s ]
INFO: [ app_end ] --END-- [ RunTime:0.001706s ]

