[ 2018-11-13T21:35:32+08:00 ] 192.168.186.1 /main/index.php
INFO: [ app_init ] --START--
INFO: Run Behavior\BuildLiteBehavior [ RunTime:0.000016s ]
INFO: [ app_init ] --END-- [ RunTime:0.002365s ]
INFO: [ app_begin ] --START--
INFO: Run Behavior\ReadHtmlCacheBehavior [ RunTime:0.001604s ]
INFO: [ app_begin ] --END-- [ RunTime:0.001672s ]
SQL: SHOW COLUMNS FROM `t_relation_dd` [ RunTime:0.0350s ]
SQL: SELECT * FROM `t_relation_dd` WHERE ( name='二级导航' )  [ RunTime:0.0025s ]
SQL: SHOW COLUMNS FROM `t_relation_dd` [ RunTime:0.0019s ]
SQL: SELECT trd.pid as tpid,tzd.* FROM t_relation_dd trd LEFT JOIN t_zj_dd tzd on trd.id=tzd.pid  WHERE ( trd.name ='最新公告' and trd.show_status=1 and tzd.pubstatus=1 and tzd.showstatus=1 ) ORDER BY tzd.updatetime desc  [ RunTime:0.0084s ]
SQL: SHOW COLUMNS FROM `t_relation_dd` [ RunTime:0.0024s ]
SQL: SELECT trd.pid as tpid,tzd.* FROM t_relation_dd trd LEFT JOIN t_zj_dd tzd on trd.id=tzd.pid  WHERE ( trd.name ='最新信息' and trd.show_status=1 and tzd.pubstatus=1 and tzd.showstatus=1 ) ORDER BY tzd.updatetime desc LIMIT 5   [ RunTime:0.0016s ]
SQL: SELECT * FROM `t_relation_dd` WHERE ( pid=0 ) ORDER BY vsort asc  [ RunTime:0.0005s ]
SQL: SHOW COLUMNS FROM `t_pic_manager_dd` [ RunTime:0.0040s ]
SQL: SELECT * FROM `t_pic_manager_dd` WHERE ( mid=6 ) ORDER BY vsort desc  [ RunTime:0.0009s ]
INFO: [ view_parse ] --START--
INFO: [ template_filter ] --START--
INFO: Run Behavior\ContentReplaceBehavior [ RunTime:0.000950s ]
INFO: [ template_filter ] --END-- [ RunTime:0.001020s ]
NOTIC: [8] Undefined offset: 0 /var/www/main/Application/Runtime/Cache/Home/2a94b8bda04ff446dcedd42276fc99ee.php 第 77 行.
NOTIC: [8] Undefined variable: affairpublic /var/www/main/Application/Runtime/Cache/Home/2a94b8bda04ff446dcedd42276fc99ee.php 第 77 行.
NOTIC: [8] Undefined offset: 0 /var/www/main/Application/Runtime/Cache/Home/2a94b8bda04ff446dcedd42276fc99ee.php 第 77 行.
NOTIC: [8] Undefined variable: affairpublic /var/www/main/Application/Runtime/Cache/Home/2a94b8bda04ff446dcedd42276fc99ee.php 第 77 行.
NOTIC: [8] Undefined variable: poypublic /var/www/main/Application/Runtime/Cache/Home/2a94b8bda04ff446dcedd42276fc99ee.php 第 77 行.
NOTIC: [8] Undefined variable: lzestablish /var/www/main/Application/Runtime/Cache/Home/2a94b8bda04ff446dcedd42276fc99ee.php 第 77 行.
NOTIC: [8] Undefined variable: specialistintro /var/www/main/Application/Runtime/Cache/Home/2a94b8bda04ff446dcedd42276fc99ee.php 第 77 行.
NOTIC: [8] Undefined variable: specialists /var/www/main/Application/Runtime/Cache/Home/2a94b8bda04ff446dcedd42276fc99ee.php 第 77 行.
NOTIC: [2] count(): Parameter must be an array or an object that implements Countable /var/www/main/Application/Runtime/Cache/Home/2a94b8bda04ff446dcedd42276fc99ee.php 第 77 行.
NOTIC: [8] Undefined variable: serviceitem /var/www/main/Application/Runtime/Cache/Home/2a94b8bda04ff446dcedd42276fc99ee.php 第 169 行.
NOTIC: [8] Undefined variable: serviceitem /var/www/main/Application/Runtime/Cache/Home/2a94b8bda04ff446dcedd42276fc99ee.php 第 176 行.
NOTIC: [8] Undefined variable: fybjinfo /var/www/main/Application/Runtime/Cache/Home/2a94b8bda04ff446dcedd42276fc99ee.php 第 187 行.
NOTIC: [8] Undefined variable: affairpublic /var/www/main/Application/Runtime/Cache/Home/2a94b8bda04ff446dcedd42276fc99ee.php 第 219 行.
NOTIC: [8] Undefined variable: poypublic /var/www/main/Application/Runtime/Cache/Home/2a94b8bda04ff446dcedd42276fc99ee.php 第 230 行.
NOTIC: [8] Undefined variable: lzestablish /var/www/main/Application/Runtime/Cache/Home/2a94b8bda04ff446dcedd42276fc99ee.php 第 241 行.
NOTIC: [8] Undefined variable: specialists /var/www/main/Application/Runtime/Cache/Home/2a94b8bda04ff446dcedd42276fc99ee.php 第 268 行.
INFO: Run Behavior\ParseTemplateBehavior [ RunTime:0.042494s ]
INFO: [ view_parse ] --END-- [ RunTime:0.042551s ]
INFO: [ view_filter ] --START--
INFO: Run Behavior\WriteHtmlCacheBehavior [ RunTime:0.001315s ]
INFO: [ view_filter ] --END-- [ RunTime:0.001370s ]
INFO: [ app_end ] --START--
INFO: Run Behavior\ShowPageTraceBehavior [ RunTime:0.001053s ]
INFO: [ app_end ] --END-- [ RunTime:0.001120s ]

