[ 2018-10-28T07:32:33+08:00 ] 192.168.186.1 /tp32/index.php
INFO: [ app_init ] --START--
INFO: Run Behavior\BuildLiteBehavior [ RunTime:0.000119s ]
INFO: [ app_init ] --END-- [ RunTime:0.002051s ]
INFO: [ app_begin ] --START--
INFO: Run Behavior\ReadHtmlCacheBehavior [ RunTime:0.001882s ]
INFO: [ app_begin ] --END-- [ RunTime:0.001978s ]
SQL: SHOW COLUMNS FROM `t_user_dd` [ RunTime:0.0237s ]
SQL: SELECT * FROM `t_user_dd` WHERE ( id=3 ) LIMIT 1   [ RunTime:0.0044s ]
NOTIC: [2] Missing argument 2 for Home\Controller\IndexController::getSublistByName(), called in /var/www/tp32/Application/Home/Controller/IndexController.class.php on line 138 and defined /var/www/tp32/Application/Home/Controller/IndexController.class.php 第 100 行.
SQL: SHOW COLUMNS FROM `t_relation_dd` [ RunTime:0.0041s ]
SQL: SELECT * FROM `t_relation_dd` WHERE ( name='二级导航' )  [ RunTime:0.0019s ]
NOTIC: [8] Undefined variable: limit /var/www/tp32/Application/Home/Controller/IndexController.class.php 第 104 行.
SQL: SELECT * FROM `t_relation_dd` WHERE ( pid=33 and show_status = 1 ) ORDER BY vsort asc  [ RunTime:0.0013s ]
SQL: SHOW COLUMNS FROM `t_relation_dd` [ RunTime:0.0017s ]
SQL: SELECT trd.pid as tpid,tzd.* FROM t_relation_dd trd LEFT JOIN t_zj_dd tzd on trd.id=tzd.pid  WHERE ( trd.name ='最新公告' and trd.show_status=1 and tzd.pubstatus=1 and tzd.showstatus=1 ) ORDER BY tzd.updatetime desc  [ RunTime:0.0280s ]
SQL: SHOW COLUMNS FROM `t_relation_dd` [ RunTime:0.0021s ]
SQL: SELECT trd.pid as tpid,tzd.* FROM t_relation_dd trd LEFT JOIN t_zj_dd tzd on trd.id=tzd.pid  WHERE ( trd.name ='最新信息' and trd.show_status=1 and tzd.pubstatus=1 and tzd.showstatus=1 ) ORDER BY tzd.updatetime desc LIMIT 5   [ RunTime:0.0081s ]
SQL: SELECT * FROM `t_relation_dd` WHERE ( pid=0 and name<>"二级导航" and name<>"妇幼保健" and name<>"公开" and name<>"就医指南-体检指南" and  show_status = 1 and jump_url is not null and jump_url<>"" ) ORDER BY vsort asc  [ RunTime:0.0037s ]
SQL: SHOW COLUMNS FROM `t_pic_manager_dd` [ RunTime:0.0048s ]
SQL: SELECT * FROM `t_pic_manager_dd` WHERE ( mid=6 ) ORDER BY vsort desc  [ RunTime:0.0022s ]
INFO: [ view_parse ] --START--
INFO: [ template_filter ] --START--
INFO: Run Behavior\ContentReplaceBehavior [ RunTime:0.002016s ]
INFO: [ template_filter ] --END-- [ RunTime:0.002097s ]
NOTIC: [8] Undefined offset: 0 /var/www/tp32/Application/Runtime/Cache/Home/2a94b8bda04ff446dcedd42276fc99ee.php 第 74 行.
NOTIC: [8] Undefined variable: affairpublic /var/www/tp32/Application/Runtime/Cache/Home/2a94b8bda04ff446dcedd42276fc99ee.php 第 74 行.
NOTIC: [8] Undefined offset: 0 /var/www/tp32/Application/Runtime/Cache/Home/2a94b8bda04ff446dcedd42276fc99ee.php 第 74 行.
NOTIC: [8] Undefined variable: affairpublic /var/www/tp32/Application/Runtime/Cache/Home/2a94b8bda04ff446dcedd42276fc99ee.php 第 74 行.
NOTIC: [8] Undefined variable: poypublic /var/www/tp32/Application/Runtime/Cache/Home/2a94b8bda04ff446dcedd42276fc99ee.php 第 74 行.
NOTIC: [8] Undefined variable: lzestablish /var/www/tp32/Application/Runtime/Cache/Home/2a94b8bda04ff446dcedd42276fc99ee.php 第 74 行.
NOTIC: [8] Undefined variable: specialistintro /var/www/tp32/Application/Runtime/Cache/Home/2a94b8bda04ff446dcedd42276fc99ee.php 第 74 行.
NOTIC: [8] Undefined variable: specialists /var/www/tp32/Application/Runtime/Cache/Home/2a94b8bda04ff446dcedd42276fc99ee.php 第 74 行.
NOTIC: [8] Undefined variable: serviceitem /var/www/tp32/Application/Runtime/Cache/Home/2a94b8bda04ff446dcedd42276fc99ee.php 第 166 行.
NOTIC: [8] Undefined variable: serviceitem /var/www/tp32/Application/Runtime/Cache/Home/2a94b8bda04ff446dcedd42276fc99ee.php 第 173 行.
NOTIC: [8] Undefined variable: fybjinfo /var/www/tp32/Application/Runtime/Cache/Home/2a94b8bda04ff446dcedd42276fc99ee.php 第 184 行.
NOTIC: [8] Undefined variable: affairpublic /var/www/tp32/Application/Runtime/Cache/Home/2a94b8bda04ff446dcedd42276fc99ee.php 第 216 行.
NOTIC: [8] Undefined variable: poypublic /var/www/tp32/Application/Runtime/Cache/Home/2a94b8bda04ff446dcedd42276fc99ee.php 第 227 行.
NOTIC: [8] Undefined variable: lzestablish /var/www/tp32/Application/Runtime/Cache/Home/2a94b8bda04ff446dcedd42276fc99ee.php 第 238 行.
NOTIC: [8] Undefined variable: specialists /var/www/tp32/Application/Runtime/Cache/Home/2a94b8bda04ff446dcedd42276fc99ee.php 第 265 行.
INFO: Run Behavior\ParseTemplateBehavior [ RunTime:0.064703s ]
INFO: [ view_parse ] --END-- [ RunTime:0.064771s ]
INFO: [ view_filter ] --START--
INFO: Run Behavior\WriteHtmlCacheBehavior [ RunTime:0.001365s ]
INFO: [ view_filter ] --END-- [ RunTime:0.001435s ]
INFO: [ app_end ] --START--
INFO: Run Behavior\ShowPageTraceBehavior [ RunTime:0.002330s ]
INFO: [ app_end ] --END-- [ RunTime:0.002427s ]

[ 2018-10-28T07:32:34+08:00 ] 192.168.186.1 /tp32/index.php
INFO: [ app_init ] --START--
INFO: Run Behavior\BuildLiteBehavior [ RunTime:0.000024s ]
INFO: [ app_init ] --END-- [ RunTime:0.000786s ]
INFO: [ app_begin ] --START--
INFO: Run Behavior\ReadHtmlCacheBehavior [ RunTime:0.000993s ]
INFO: [ app_begin ] --END-- [ RunTime:0.001051s ]
SQL: SHOW COLUMNS FROM `t_user_dd` [ RunTime:0.0022s ]
SQL: SELECT * FROM `t_user_dd` WHERE ( id=3 ) LIMIT 1   [ RunTime:0.0054s ]
NOTIC: [2] Missing argument 2 for Home\Controller\IndexController::getSublistByName(), called in /var/www/tp32/Application/Home/Controller/IndexController.class.php on line 138 and defined /var/www/tp32/Application/Home/Controller/IndexController.class.php 第 100 行.
SQL: SHOW COLUMNS FROM `t_relation_dd` [ RunTime:0.0057s ]
SQL: SELECT * FROM `t_relation_dd` WHERE ( name='二级导航' )  [ RunTime:0.0013s ]
NOTIC: [8] Undefined variable: limit /var/www/tp32/Application/Home/Controller/IndexController.class.php 第 104 行.
SQL: SELECT * FROM `t_relation_dd` WHERE ( pid=33 and show_status = 1 ) ORDER BY vsort asc  [ RunTime:0.0008s ]
SQL: SHOW COLUMNS FROM `t_relation_dd` [ RunTime:0.0032s ]
SQL: SELECT trd.pid as tpid,tzd.* FROM t_relation_dd trd LEFT JOIN t_zj_dd tzd on trd.id=tzd.pid  WHERE ( trd.name ='最新公告' and trd.show_status=1 and tzd.pubstatus=1 and tzd.showstatus=1 ) ORDER BY tzd.updatetime desc  [ RunTime:0.0110s ]
SQL: SHOW COLUMNS FROM `t_relation_dd` [ RunTime:0.0019s ]
SQL: SELECT trd.pid as tpid,tzd.* FROM t_relation_dd trd LEFT JOIN t_zj_dd tzd on trd.id=tzd.pid  WHERE ( trd.name ='最新信息' and trd.show_status=1 and tzd.pubstatus=1 and tzd.showstatus=1 ) ORDER BY tzd.updatetime desc LIMIT 5   [ RunTime:0.0101s ]
SQL: SELECT * FROM `t_relation_dd` WHERE ( pid=0 and name<>"二级导航" and name<>"妇幼保健" and name<>"公开" and name<>"就医指南-体检指南" and  show_status = 1 and jump_url is not null and jump_url<>"" ) ORDER BY vsort asc  [ RunTime:0.0008s ]
SQL: SHOW COLUMNS FROM `t_pic_manager_dd` [ RunTime:0.0014s ]
SQL: SELECT * FROM `t_pic_manager_dd` WHERE ( mid=6 ) ORDER BY vsort desc  [ RunTime:0.0005s ]
INFO: [ view_parse ] --START--
INFO: [ template_filter ] --START--
INFO: Run Behavior\ContentReplaceBehavior [ RunTime:0.000260s ]
INFO: [ template_filter ] --END-- [ RunTime:0.000324s ]
NOTIC: [8] Undefined offset: 0 /var/www/tp32/Application/Runtime/Cache/Home/2a94b8bda04ff446dcedd42276fc99ee.php 第 74 行.
NOTIC: [8] Undefined variable: affairpublic /var/www/tp32/Application/Runtime/Cache/Home/2a94b8bda04ff446dcedd42276fc99ee.php 第 74 行.
NOTIC: [8] Undefined offset: 0 /var/www/tp32/Application/Runtime/Cache/Home/2a94b8bda04ff446dcedd42276fc99ee.php 第 74 行.
NOTIC: [8] Undefined variable: affairpublic /var/www/tp32/Application/Runtime/Cache/Home/2a94b8bda04ff446dcedd42276fc99ee.php 第 74 行.
NOTIC: [8] Undefined variable: poypublic /var/www/tp32/Application/Runtime/Cache/Home/2a94b8bda04ff446dcedd42276fc99ee.php 第 74 行.
NOTIC: [8] Undefined variable: lzestablish /var/www/tp32/Application/Runtime/Cache/Home/2a94b8bda04ff446dcedd42276fc99ee.php 第 74 行.
NOTIC: [8] Undefined variable: specialistintro /var/www/tp32/Application/Runtime/Cache/Home/2a94b8bda04ff446dcedd42276fc99ee.php 第 74 行.
NOTIC: [8] Undefined variable: specialists /var/www/tp32/Application/Runtime/Cache/Home/2a94b8bda04ff446dcedd42276fc99ee.php 第 74 行.
NOTIC: [8] Undefined variable: serviceitem /var/www/tp32/Application/Runtime/Cache/Home/2a94b8bda04ff446dcedd42276fc99ee.php 第 166 行.
NOTIC: [8] Undefined variable: serviceitem /var/www/tp32/Application/Runtime/Cache/Home/2a94b8bda04ff446dcedd42276fc99ee.php 第 173 行.
NOTIC: [8] Undefined variable: fybjinfo /var/www/tp32/Application/Runtime/Cache/Home/2a94b8bda04ff446dcedd42276fc99ee.php 第 184 行.
NOTIC: [8] Undefined variable: affairpublic /var/www/tp32/Application/Runtime/Cache/Home/2a94b8bda04ff446dcedd42276fc99ee.php 第 216 行.
NOTIC: [8] Undefined variable: poypublic /var/www/tp32/Application/Runtime/Cache/Home/2a94b8bda04ff446dcedd42276fc99ee.php 第 227 行.
NOTIC: [8] Undefined variable: lzestablish /var/www/tp32/Application/Runtime/Cache/Home/2a94b8bda04ff446dcedd42276fc99ee.php 第 238 行.
NOTIC: [8] Undefined variable: specialists /var/www/tp32/Application/Runtime/Cache/Home/2a94b8bda04ff446dcedd42276fc99ee.php 第 265 行.
INFO: Run Behavior\ParseTemplateBehavior [ RunTime:0.054322s ]
INFO: [ view_parse ] --END-- [ RunTime:0.054369s ]
INFO: [ view_filter ] --START--
INFO: Run Behavior\WriteHtmlCacheBehavior [ RunTime:0.000632s ]
INFO: [ view_filter ] --END-- [ RunTime:0.000669s ]
INFO: [ app_end ] --START--
INFO: Run Behavior\ShowPageTraceBehavior [ RunTime:0.000884s ]
INFO: [ app_end ] --END-- [ RunTime:0.000954s ]

[ 2018-10-28T07:32:37+08:00 ] 192.168.186.1 /tp32/index.php
INFO: [ app_init ] --START--
INFO: Run Behavior\BuildLiteBehavior [ RunTime:0.000015s ]
INFO: [ app_init ] --END-- [ RunTime:0.000488s ]
INFO: [ app_begin ] --START--
INFO: Run Behavior\ReadHtmlCacheBehavior [ RunTime:0.000528s ]
INFO: [ app_begin ] --END-- [ RunTime:0.000565s ]
SQL: SHOW COLUMNS FROM `t_user_dd` [ RunTime:0.0014s ]
SQL: SELECT * FROM `t_user_dd` WHERE ( id=3 ) LIMIT 1   [ RunTime:0.0004s ]
NOTIC: [2] Missing argument 2 for Home\Controller\IndexController::getSublistByName(), called in /var/www/tp32/Application/Home/Controller/IndexController.class.php on line 138 and defined /var/www/tp32/Application/Home/Controller/IndexController.class.php 第 100 行.
SQL: SHOW COLUMNS FROM `t_relation_dd` [ RunTime:0.0015s ]
SQL: SELECT * FROM `t_relation_dd` WHERE ( name='二级导航' )  [ RunTime:0.0009s ]
NOTIC: [8] Undefined variable: limit /var/www/tp32/Application/Home/Controller/IndexController.class.php 第 104 行.
SQL: SELECT * FROM `t_relation_dd` WHERE ( pid=33 and show_status = 1 ) ORDER BY vsort asc  [ RunTime:0.0007s ]
SQL: SHOW COLUMNS FROM `t_relation_dd` [ RunTime:0.0027s ]
SQL: SELECT trd.pid as tpid,tzd.* FROM t_relation_dd trd LEFT JOIN t_zj_dd tzd on trd.id=tzd.pid  WHERE ( trd.name ='最新公告' and trd.show_status=1 and tzd.pubstatus=1 and tzd.showstatus=1 ) ORDER BY tzd.updatetime desc  [ RunTime:0.0062s ]
SQL: SHOW COLUMNS FROM `t_relation_dd` [ RunTime:0.0015s ]
SQL: SELECT trd.pid as tpid,tzd.* FROM t_relation_dd trd LEFT JOIN t_zj_dd tzd on trd.id=tzd.pid  WHERE ( trd.name ='最新信息' and trd.show_status=1 and tzd.pubstatus=1 and tzd.showstatus=1 ) ORDER BY tzd.updatetime desc LIMIT 5   [ RunTime:0.0058s ]
SQL: SELECT * FROM `t_relation_dd` WHERE ( pid=0 and name<>"二级导航" and name<>"妇幼保健" and name<>"公开" and name<>"就医指南-体检指南" and  show_status = 1 and jump_url is not null and jump_url<>"" ) ORDER BY vsort asc  [ RunTime:0.0026s ]
SQL: SHOW COLUMNS FROM `t_pic_manager_dd` [ RunTime:0.0017s ]
SQL: SELECT * FROM `t_pic_manager_dd` WHERE ( mid=6 ) ORDER BY vsort desc  [ RunTime:0.0010s ]
INFO: [ view_parse ] --START--
INFO: [ template_filter ] --START--
INFO: Run Behavior\ContentReplaceBehavior [ RunTime:0.000211s ]
INFO: [ template_filter ] --END-- [ RunTime:0.000273s ]
NOTIC: [8] Undefined offset: 0 /var/www/tp32/Application/Runtime/Cache/Home/2a94b8bda04ff446dcedd42276fc99ee.php 第 74 行.
NOTIC: [8] Undefined variable: affairpublic /var/www/tp32/Application/Runtime/Cache/Home/2a94b8bda04ff446dcedd42276fc99ee.php 第 74 行.
NOTIC: [8] Undefined offset: 0 /var/www/tp32/Application/Runtime/Cache/Home/2a94b8bda04ff446dcedd42276fc99ee.php 第 74 行.
NOTIC: [8] Undefined variable: affairpublic /var/www/tp32/Application/Runtime/Cache/Home/2a94b8bda04ff446dcedd42276fc99ee.php 第 74 行.
NOTIC: [8] Undefined variable: poypublic /var/www/tp32/Application/Runtime/Cache/Home/2a94b8bda04ff446dcedd42276fc99ee.php 第 74 行.
NOTIC: [8] Undefined variable: lzestablish /var/www/tp32/Application/Runtime/Cache/Home/2a94b8bda04ff446dcedd42276fc99ee.php 第 74 行.
NOTIC: [8] Undefined variable: specialistintro /var/www/tp32/Application/Runtime/Cache/Home/2a94b8bda04ff446dcedd42276fc99ee.php 第 74 行.
NOTIC: [8] Undefined variable: specialists /var/www/tp32/Application/Runtime/Cache/Home/2a94b8bda04ff446dcedd42276fc99ee.php 第 74 行.
NOTIC: [8] Undefined variable: serviceitem /var/www/tp32/Application/Runtime/Cache/Home/2a94b8bda04ff446dcedd42276fc99ee.php 第 166 行.
NOTIC: [8] Undefined variable: serviceitem /var/www/tp32/Application/Runtime/Cache/Home/2a94b8bda04ff446dcedd42276fc99ee.php 第 173 行.
NOTIC: [8] Undefined variable: fybjinfo /var/www/tp32/Application/Runtime/Cache/Home/2a94b8bda04ff446dcedd42276fc99ee.php 第 184 行.
NOTIC: [8] Undefined variable: affairpublic /var/www/tp32/Application/Runtime/Cache/Home/2a94b8bda04ff446dcedd42276fc99ee.php 第 216 行.
NOTIC: [8] Undefined variable: poypublic /var/www/tp32/Application/Runtime/Cache/Home/2a94b8bda04ff446dcedd42276fc99ee.php 第 227 行.
NOTIC: [8] Undefined variable: lzestablish /var/www/tp32/Application/Runtime/Cache/Home/2a94b8bda04ff446dcedd42276fc99ee.php 第 238 行.
NOTIC: [8] Undefined variable: specialists /var/www/tp32/Application/Runtime/Cache/Home/2a94b8bda04ff446dcedd42276fc99ee.php 第 265 行.
INFO: Run Behavior\ParseTemplateBehavior [ RunTime:0.023874s ]
INFO: [ view_parse ] --END-- [ RunTime:0.023923s ]
INFO: [ view_filter ] --START--
INFO: Run Behavior\WriteHtmlCacheBehavior [ RunTime:0.000642s ]
INFO: [ view_filter ] --END-- [ RunTime:0.000681s ]
INFO: [ app_end ] --START--
INFO: Run Behavior\ShowPageTraceBehavior [ RunTime:0.000745s ]
INFO: [ app_end ] --END-- [ RunTime:0.000800s ]

[ 2018-10-28T07:32:37+08:00 ] 192.168.186.1 /tp32/index.php
INFO: [ app_init ] --START--
INFO: Run Behavior\BuildLiteBehavior [ RunTime:0.000015s ]
INFO: [ app_init ] --END-- [ RunTime:0.000399s ]
INFO: [ app_begin ] --START--
INFO: Run Behavior\ReadHtmlCacheBehavior [ RunTime:0.000421s ]
INFO: [ app_begin ] --END-- [ RunTime:0.000455s ]
SQL: SHOW COLUMNS FROM `t_user_dd` [ RunTime:0.0016s ]
SQL: SELECT * FROM `t_user_dd` WHERE ( id=3 ) LIMIT 1   [ RunTime:0.0006s ]
NOTIC: [2] Missing argument 2 for Home\Controller\IndexController::getSublistByName(), called in /var/www/tp32/Application/Home/Controller/IndexController.class.php on line 138 and defined /var/www/tp32/Application/Home/Controller/IndexController.class.php 第 100 行.
SQL: SHOW COLUMNS FROM `t_relation_dd` [ RunTime:0.0031s ]
SQL: SELECT * FROM `t_relation_dd` WHERE ( name='二级导航' )  [ RunTime:0.0007s ]
NOTIC: [8] Undefined variable: limit /var/www/tp32/Application/Home/Controller/IndexController.class.php 第 104 行.
SQL: SELECT * FROM `t_relation_dd` WHERE ( pid=33 and show_status = 1 ) ORDER BY vsort asc  [ RunTime:0.0008s ]
SQL: SHOW COLUMNS FROM `t_relation_dd` [ RunTime:0.0015s ]
SQL: SELECT trd.pid as tpid,tzd.* FROM t_relation_dd trd LEFT JOIN t_zj_dd tzd on trd.id=tzd.pid  WHERE ( trd.name ='最新公告' and trd.show_status=1 and tzd.pubstatus=1 and tzd.showstatus=1 ) ORDER BY tzd.updatetime desc  [ RunTime:0.0089s ]
SQL: SHOW COLUMNS FROM `t_relation_dd` [ RunTime:0.0018s ]
SQL: SELECT trd.pid as tpid,tzd.* FROM t_relation_dd trd LEFT JOIN t_zj_dd tzd on trd.id=tzd.pid  WHERE ( trd.name ='最新信息' and trd.show_status=1 and tzd.pubstatus=1 and tzd.showstatus=1 ) ORDER BY tzd.updatetime desc LIMIT 5   [ RunTime:0.0081s ]
SQL: SELECT * FROM `t_relation_dd` WHERE ( pid=0 and name<>"二级导航" and name<>"妇幼保健" and name<>"公开" and name<>"就医指南-体检指南" and  show_status = 1 and jump_url is not null and jump_url<>"" ) ORDER BY vsort asc  [ RunTime:0.0008s ]
SQL: SHOW COLUMNS FROM `t_pic_manager_dd` [ RunTime:0.0017s ]
SQL: SELECT * FROM `t_pic_manager_dd` WHERE ( mid=6 ) ORDER BY vsort desc  [ RunTime:0.0011s ]
INFO: [ view_parse ] --START--
INFO: [ template_filter ] --START--
INFO: Run Behavior\ContentReplaceBehavior [ RunTime:0.000138s ]
INFO: [ template_filter ] --END-- [ RunTime:0.000196s ]
NOTIC: [8] Undefined offset: 0 /var/www/tp32/Application/Runtime/Cache/Home/2a94b8bda04ff446dcedd42276fc99ee.php 第 74 行.
NOTIC: [8] Undefined variable: affairpublic /var/www/tp32/Application/Runtime/Cache/Home/2a94b8bda04ff446dcedd42276fc99ee.php 第 74 行.
NOTIC: [8] Undefined offset: 0 /var/www/tp32/Application/Runtime/Cache/Home/2a94b8bda04ff446dcedd42276fc99ee.php 第 74 行.
NOTIC: [8] Undefined variable: affairpublic /var/www/tp32/Application/Runtime/Cache/Home/2a94b8bda04ff446dcedd42276fc99ee.php 第 74 行.
NOTIC: [8] Undefined variable: poypublic /var/www/tp32/Application/Runtime/Cache/Home/2a94b8bda04ff446dcedd42276fc99ee.php 第 74 行.
NOTIC: [8] Undefined variable: lzestablish /var/www/tp32/Application/Runtime/Cache/Home/2a94b8bda04ff446dcedd42276fc99ee.php 第 74 行.
NOTIC: [8] Undefined variable: specialistintro /var/www/tp32/Application/Runtime/Cache/Home/2a94b8bda04ff446dcedd42276fc99ee.php 第 74 行.
NOTIC: [8] Undefined variable: specialists /var/www/tp32/Application/Runtime/Cache/Home/2a94b8bda04ff446dcedd42276fc99ee.php 第 74 行.
NOTIC: [8] Undefined variable: serviceitem /var/www/tp32/Application/Runtime/Cache/Home/2a94b8bda04ff446dcedd42276fc99ee.php 第 166 行.
NOTIC: [8] Undefined variable: serviceitem /var/www/tp32/Application/Runtime/Cache/Home/2a94b8bda04ff446dcedd42276fc99ee.php 第 173 行.
NOTIC: [8] Undefined variable: fybjinfo /var/www/tp32/Application/Runtime/Cache/Home/2a94b8bda04ff446dcedd42276fc99ee.php 第 184 行.
NOTIC: [8] Undefined variable: affairpublic /var/www/tp32/Application/Runtime/Cache/Home/2a94b8bda04ff446dcedd42276fc99ee.php 第 216 行.
NOTIC: [8] Undefined variable: poypublic /var/www/tp32/Application/Runtime/Cache/Home/2a94b8bda04ff446dcedd42276fc99ee.php 第 227 行.
NOTIC: [8] Undefined variable: lzestablish /var/www/tp32/Application/Runtime/Cache/Home/2a94b8bda04ff446dcedd42276fc99ee.php 第 238 行.
NOTIC: [8] Undefined variable: specialists /var/www/tp32/Application/Runtime/Cache/Home/2a94b8bda04ff446dcedd42276fc99ee.php 第 265 行.
INFO: Run Behavior\ParseTemplateBehavior [ RunTime:0.027622s ]
INFO: [ view_parse ] --END-- [ RunTime:0.027673s ]
INFO: [ view_filter ] --START--
INFO: Run Behavior\WriteHtmlCacheBehavior [ RunTime:0.000314s ]
INFO: [ view_filter ] --END-- [ RunTime:0.000340s ]
INFO: [ app_end ] --START--
INFO: Run Behavior\ShowPageTraceBehavior [ RunTime:0.000995s ]
INFO: [ app_end ] --END-- [ RunTime:0.001050s ]

[ 2018-10-28T07:32:38+08:00 ] 192.168.186.1 /tp32/index.php
INFO: [ app_init ] --START--
INFO: Run Behavior\BuildLiteBehavior [ RunTime:0.000016s ]
INFO: [ app_init ] --END-- [ RunTime:0.000454s ]
INFO: [ app_begin ] --START--
INFO: Run Behavior\ReadHtmlCacheBehavior [ RunTime:0.000568s ]
INFO: [ app_begin ] --END-- [ RunTime:0.000602s ]
SQL: SHOW COLUMNS FROM `t_user_dd` [ RunTime:0.0020s ]
SQL: SELECT * FROM `t_user_dd` WHERE ( id=3 ) LIMIT 1   [ RunTime:0.0005s ]
NOTIC: [2] Missing argument 2 for Home\Controller\IndexController::getSublistByName(), called in /var/www/tp32/Application/Home/Controller/IndexController.class.php on line 138 and defined /var/www/tp32/Application/Home/Controller/IndexController.class.php 第 100 行.
SQL: SHOW COLUMNS FROM `t_relation_dd` [ RunTime:0.0016s ]
SQL: SELECT * FROM `t_relation_dd` WHERE ( name='二级导航' )  [ RunTime:0.0014s ]
NOTIC: [8] Undefined variable: limit /var/www/tp32/Application/Home/Controller/IndexController.class.php 第 104 行.
SQL: SELECT * FROM `t_relation_dd` WHERE ( pid=33 and show_status = 1 ) ORDER BY vsort asc  [ RunTime:0.0007s ]
SQL: SHOW COLUMNS FROM `t_relation_dd` [ RunTime:0.0014s ]
SQL: SELECT trd.pid as tpid,tzd.* FROM t_relation_dd trd LEFT JOIN t_zj_dd tzd on trd.id=tzd.pid  WHERE ( trd.name ='最新公告' and trd.show_status=1 and tzd.pubstatus=1 and tzd.showstatus=1 ) ORDER BY tzd.updatetime desc  [ RunTime:0.0062s ]
SQL: SHOW COLUMNS FROM `t_relation_dd` [ RunTime:0.0014s ]
SQL: SELECT trd.pid as tpid,tzd.* FROM t_relation_dd trd LEFT JOIN t_zj_dd tzd on trd.id=tzd.pid  WHERE ( trd.name ='最新信息' and trd.show_status=1 and tzd.pubstatus=1 and tzd.showstatus=1 ) ORDER BY tzd.updatetime desc LIMIT 5   [ RunTime:0.0062s ]
SQL: SELECT * FROM `t_relation_dd` WHERE ( pid=0 and name<>"二级导航" and name<>"妇幼保健" and name<>"公开" and name<>"就医指南-体检指南" and  show_status = 1 and jump_url is not null and jump_url<>"" ) ORDER BY vsort asc  [ RunTime:0.0011s ]
SQL: SHOW COLUMNS FROM `t_pic_manager_dd` [ RunTime:0.0013s ]
SQL: SELECT * FROM `t_pic_manager_dd` WHERE ( mid=6 ) ORDER BY vsort desc  [ RunTime:0.0005s ]
INFO: [ view_parse ] --START--
INFO: [ template_filter ] --START--
INFO: Run Behavior\ContentReplaceBehavior [ RunTime:0.000119s ]
INFO: [ template_filter ] --END-- [ RunTime:0.000162s ]
NOTIC: [8] Undefined offset: 0 /var/www/tp32/Application/Runtime/Cache/Home/2a94b8bda04ff446dcedd42276fc99ee.php 第 74 行.
NOTIC: [8] Undefined variable: affairpublic /var/www/tp32/Application/Runtime/Cache/Home/2a94b8bda04ff446dcedd42276fc99ee.php 第 74 行.
NOTIC: [8] Undefined offset: 0 /var/www/tp32/Application/Runtime/Cache/Home/2a94b8bda04ff446dcedd42276fc99ee.php 第 74 行.
NOTIC: [8] Undefined variable: affairpublic /var/www/tp32/Application/Runtime/Cache/Home/2a94b8bda04ff446dcedd42276fc99ee.php 第 74 行.
NOTIC: [8] Undefined variable: poypublic /var/www/tp32/Application/Runtime/Cache/Home/2a94b8bda04ff446dcedd42276fc99ee.php 第 74 行.
NOTIC: [8] Undefined variable: lzestablish /var/www/tp32/Application/Runtime/Cache/Home/2a94b8bda04ff446dcedd42276fc99ee.php 第 74 行.
NOTIC: [8] Undefined variable: specialistintro /var/www/tp32/Application/Runtime/Cache/Home/2a94b8bda04ff446dcedd42276fc99ee.php 第 74 行.
NOTIC: [8] Undefined variable: specialists /var/www/tp32/Application/Runtime/Cache/Home/2a94b8bda04ff446dcedd42276fc99ee.php 第 74 行.
NOTIC: [8] Undefined variable: serviceitem /var/www/tp32/Application/Runtime/Cache/Home/2a94b8bda04ff446dcedd42276fc99ee.php 第 166 行.
NOTIC: [8] Undefined variable: serviceitem /var/www/tp32/Application/Runtime/Cache/Home/2a94b8bda04ff446dcedd42276fc99ee.php 第 173 行.
NOTIC: [8] Undefined variable: fybjinfo /var/www/tp32/Application/Runtime/Cache/Home/2a94b8bda04ff446dcedd42276fc99ee.php 第 184 行.
NOTIC: [8] Undefined variable: affairpublic /var/www/tp32/Application/Runtime/Cache/Home/2a94b8bda04ff446dcedd42276fc99ee.php 第 216 行.
NOTIC: [8] Undefined variable: poypublic /var/www/tp32/Application/Runtime/Cache/Home/2a94b8bda04ff446dcedd42276fc99ee.php 第 227 行.
NOTIC: [8] Undefined variable: lzestablish /var/www/tp32/Application/Runtime/Cache/Home/2a94b8bda04ff446dcedd42276fc99ee.php 第 238 行.
NOTIC: [8] Undefined variable: specialists /var/www/tp32/Application/Runtime/Cache/Home/2a94b8bda04ff446dcedd42276fc99ee.php 第 265 行.
INFO: Run Behavior\ParseTemplateBehavior [ RunTime:0.019918s ]
INFO: [ view_parse ] --END-- [ RunTime:0.019961s ]
INFO: [ view_filter ] --START--
INFO: Run Behavior\WriteHtmlCacheBehavior [ RunTime:0.000566s ]
INFO: [ view_filter ] --END-- [ RunTime:0.000614s ]
INFO: [ app_end ] --START--
INFO: Run Behavior\ShowPageTraceBehavior [ RunTime:0.001069s ]
INFO: [ app_end ] --END-- [ RunTime:0.001145s ]

[ 2018-10-28T07:32:38+08:00 ] 192.168.186.1 /tp32/index.php
INFO: [ app_init ] --START--
INFO: Run Behavior\BuildLiteBehavior [ RunTime:0.000016s ]
INFO: [ app_init ] --END-- [ RunTime:0.000426s ]
INFO: [ app_begin ] --START--
INFO: Run Behavior\ReadHtmlCacheBehavior [ RunTime:0.000585s ]
INFO: [ app_begin ] --END-- [ RunTime:0.000618s ]
SQL: SHOW COLUMNS FROM `t_user_dd` [ RunTime:0.0018s ]
SQL: SELECT * FROM `t_user_dd` WHERE ( id=3 ) LIMIT 1   [ RunTime:0.0006s ]
NOTIC: [2] Missing argument 2 for Home\Controller\IndexController::getSublistByName(), called in /var/www/tp32/Application/Home/Controller/IndexController.class.php on line 138 and defined /var/www/tp32/Application/Home/Controller/IndexController.class.php 第 100 行.
SQL: SHOW COLUMNS FROM `t_relation_dd` [ RunTime:0.0021s ]
SQL: SELECT * FROM `t_relation_dd` WHERE ( name='二级导航' )  [ RunTime:0.0009s ]
NOTIC: [8] Undefined variable: limit /var/www/tp32/Application/Home/Controller/IndexController.class.php 第 104 行.
SQL: SELECT * FROM `t_relation_dd` WHERE ( pid=33 and show_status = 1 ) ORDER BY vsort asc  [ RunTime:0.0012s ]
SQL: SHOW COLUMNS FROM `t_relation_dd` [ RunTime:0.0014s ]
SQL: SELECT trd.pid as tpid,tzd.* FROM t_relation_dd trd LEFT JOIN t_zj_dd tzd on trd.id=tzd.pid  WHERE ( trd.name ='最新公告' and trd.show_status=1 and tzd.pubstatus=1 and tzd.showstatus=1 ) ORDER BY tzd.updatetime desc  [ RunTime:0.0064s ]
SQL: SHOW COLUMNS FROM `t_relation_dd` [ RunTime:0.0019s ]
SQL: SELECT trd.pid as tpid,tzd.* FROM t_relation_dd trd LEFT JOIN t_zj_dd tzd on trd.id=tzd.pid  WHERE ( trd.name ='最新信息' and trd.show_status=1 and tzd.pubstatus=1 and tzd.showstatus=1 ) ORDER BY tzd.updatetime desc LIMIT 5   [ RunTime:0.0070s ]
SQL: SELECT * FROM `t_relation_dd` WHERE ( pid=0 and name<>"二级导航" and name<>"妇幼保健" and name<>"公开" and name<>"就医指南-体检指南" and  show_status = 1 and jump_url is not null and jump_url<>"" ) ORDER BY vsort asc  [ RunTime:0.0008s ]
SQL: SHOW COLUMNS FROM `t_pic_manager_dd` [ RunTime:0.0015s ]
SQL: SELECT * FROM `t_pic_manager_dd` WHERE ( mid=6 ) ORDER BY vsort desc  [ RunTime:0.0009s ]
INFO: [ view_parse ] --START--
INFO: [ template_filter ] --START--
INFO: Run Behavior\ContentReplaceBehavior [ RunTime:0.000188s ]
INFO: [ template_filter ] --END-- [ RunTime:0.000300s ]
NOTIC: [8] Undefined offset: 0 /var/www/tp32/Application/Runtime/Cache/Home/2a94b8bda04ff446dcedd42276fc99ee.php 第 74 行.
NOTIC: [8] Undefined variable: affairpublic /var/www/tp32/Application/Runtime/Cache/Home/2a94b8bda04ff446dcedd42276fc99ee.php 第 74 行.
NOTIC: [8] Undefined offset: 0 /var/www/tp32/Application/Runtime/Cache/Home/2a94b8bda04ff446dcedd42276fc99ee.php 第 74 行.
NOTIC: [8] Undefined variable: affairpublic /var/www/tp32/Application/Runtime/Cache/Home/2a94b8bda04ff446dcedd42276fc99ee.php 第 74 行.
NOTIC: [8] Undefined variable: poypublic /var/www/tp32/Application/Runtime/Cache/Home/2a94b8bda04ff446dcedd42276fc99ee.php 第 74 行.
NOTIC: [8] Undefined variable: lzestablish /var/www/tp32/Application/Runtime/Cache/Home/2a94b8bda04ff446dcedd42276fc99ee.php 第 74 行.
NOTIC: [8] Undefined variable: specialistintro /var/www/tp32/Application/Runtime/Cache/Home/2a94b8bda04ff446dcedd42276fc99ee.php 第 74 行.
NOTIC: [8] Undefined variable: specialists /var/www/tp32/Application/Runtime/Cache/Home/2a94b8bda04ff446dcedd42276fc99ee.php 第 74 行.
NOTIC: [8] Undefined variable: serviceitem /var/www/tp32/Application/Runtime/Cache/Home/2a94b8bda04ff446dcedd42276fc99ee.php 第 166 行.
NOTIC: [8] Undefined variable: serviceitem /var/www/tp32/Application/Runtime/Cache/Home/2a94b8bda04ff446dcedd42276fc99ee.php 第 173 行.
NOTIC: [8] Undefined variable: fybjinfo /var/www/tp32/Application/Runtime/Cache/Home/2a94b8bda04ff446dcedd42276fc99ee.php 第 184 行.
NOTIC: [8] Undefined variable: affairpublic /var/www/tp32/Application/Runtime/Cache/Home/2a94b8bda04ff446dcedd42276fc99ee.php 第 216 行.
NOTIC: [8] Undefined variable: poypublic /var/www/tp32/Application/Runtime/Cache/Home/2a94b8bda04ff446dcedd42276fc99ee.php 第 227 行.
NOTIC: [8] Undefined variable: lzestablish /var/www/tp32/Application/Runtime/Cache/Home/2a94b8bda04ff446dcedd42276fc99ee.php 第 238 行.
NOTIC: [8] Undefined variable: specialists /var/www/tp32/Application/Runtime/Cache/Home/2a94b8bda04ff446dcedd42276fc99ee.php 第 265 行.
INFO: Run Behavior\ParseTemplateBehavior [ RunTime:0.024258s ]
INFO: [ view_parse ] --END-- [ RunTime:0.024308s ]
INFO: [ view_filter ] --START--
INFO: Run Behavior\WriteHtmlCacheBehavior [ RunTime:0.000951s ]
INFO: [ view_filter ] --END-- [ RunTime:0.001005s ]
INFO: [ app_end ] --START--
INFO: Run Behavior\ShowPageTraceBehavior [ RunTime:0.000817s ]
INFO: [ app_end ] --END-- [ RunTime:0.000859s ]

[ 2018-10-28T07:53:46+08:00 ] 192.168.186.1 /tp32/index.php
INFO: [ app_init ] --START--
INFO: Run Behavior\BuildLiteBehavior [ RunTime:0.000015s ]
INFO: [ app_init ] --END-- [ RunTime:0.000457s ]
INFO: [ app_begin ] --START--
INFO: Run Behavior\ReadHtmlCacheBehavior [ RunTime:0.000493s ]
INFO: [ app_begin ] --END-- [ RunTime:0.000527s ]
SQL: SHOW COLUMNS FROM `t_user_dd` [ RunTime:0.0041s ]
SQL: SELECT * FROM `t_user_dd` WHERE ( id=3 ) LIMIT 1   [ RunTime:0.0009s ]
NOTIC: [2] Missing argument 2 for Home\Controller\IndexController::getSublistByName(), called in /var/www/tp32/Application/Home/Controller/IndexController.class.php on line 138 and defined /var/www/tp32/Application/Home/Controller/IndexController.class.php 第 100 行.
SQL: SHOW COLUMNS FROM `t_relation_dd` [ RunTime:0.0015s ]
SQL: SELECT * FROM `t_relation_dd` WHERE ( name='二级导航' )  [ RunTime:0.0008s ]
NOTIC: [8] Undefined variable: limit /var/www/tp32/Application/Home/Controller/IndexController.class.php 第 104 行.
SQL: SELECT * FROM `t_relation_dd` WHERE ( pid=33 and show_status = 1 ) ORDER BY vsort asc  [ RunTime:0.0007s ]
SQL: SHOW COLUMNS FROM `t_relation_dd` [ RunTime:0.0016s ]
SQL: SELECT trd.pid as tpid,tzd.* FROM t_relation_dd trd LEFT JOIN t_zj_dd tzd on trd.id=tzd.pid  WHERE ( trd.name ='最新公告' and trd.show_status=1 and tzd.pubstatus=1 and tzd.showstatus=1 ) ORDER BY tzd.updatetime desc  [ RunTime:0.0076s ]
SQL: SHOW COLUMNS FROM `t_relation_dd` [ RunTime:0.0015s ]
SQL: SELECT trd.pid as tpid,tzd.* FROM t_relation_dd trd LEFT JOIN t_zj_dd tzd on trd.id=tzd.pid  WHERE ( trd.name ='最新信息' and trd.show_status=1 and tzd.pubstatus=1 and tzd.showstatus=1 ) ORDER BY tzd.updatetime desc LIMIT 5   [ RunTime:0.0057s ]
SQL: SELECT * FROM `t_relation_dd` WHERE ( pid=0 and name<>"二级导航" and name<>"妇幼保健" and name<>"公开" and name<>"就医指南-体检指南" and  show_status = 1 and jump_url is not null and jump_url<>"" ) ORDER BY vsort asc  [ RunTime:0.0008s ]
SQL: SHOW COLUMNS FROM `t_pic_manager_dd` [ RunTime:0.0013s ]
SQL: SELECT * FROM `t_pic_manager_dd` WHERE ( mid=6 ) ORDER BY vsort desc  [ RunTime:0.0006s ]
INFO: [ view_parse ] --START--
INFO: [ template_filter ] --START--
INFO: Run Behavior\ContentReplaceBehavior [ RunTime:0.000208s ]
INFO: [ template_filter ] --END-- [ RunTime:0.000268s ]
NOTIC: [8] Undefined offset: 0 /var/www/tp32/Application/Runtime/Cache/Home/2a94b8bda04ff446dcedd42276fc99ee.php 第 74 行.
NOTIC: [8] Undefined variable: affairpublic /var/www/tp32/Application/Runtime/Cache/Home/2a94b8bda04ff446dcedd42276fc99ee.php 第 74 行.
NOTIC: [8] Undefined offset: 0 /var/www/tp32/Application/Runtime/Cache/Home/2a94b8bda04ff446dcedd42276fc99ee.php 第 74 行.
NOTIC: [8] Undefined variable: affairpublic /var/www/tp32/Application/Runtime/Cache/Home/2a94b8bda04ff446dcedd42276fc99ee.php 第 74 行.
NOTIC: [8] Undefined variable: poypublic /var/www/tp32/Application/Runtime/Cache/Home/2a94b8bda04ff446dcedd42276fc99ee.php 第 74 行.
NOTIC: [8] Undefined variable: lzestablish /var/www/tp32/Application/Runtime/Cache/Home/2a94b8bda04ff446dcedd42276fc99ee.php 第 74 行.
NOTIC: [8] Undefined variable: specialistintro /var/www/tp32/Application/Runtime/Cache/Home/2a94b8bda04ff446dcedd42276fc99ee.php 第 74 行.
NOTIC: [8] Undefined variable: specialists /var/www/tp32/Application/Runtime/Cache/Home/2a94b8bda04ff446dcedd42276fc99ee.php 第 74 行.
NOTIC: [8] Undefined variable: serviceitem /var/www/tp32/Application/Runtime/Cache/Home/2a94b8bda04ff446dcedd42276fc99ee.php 第 166 行.
NOTIC: [8] Undefined variable: serviceitem /var/www/tp32/Application/Runtime/Cache/Home/2a94b8bda04ff446dcedd42276fc99ee.php 第 173 行.
NOTIC: [8] Undefined variable: fybjinfo /var/www/tp32/Application/Runtime/Cache/Home/2a94b8bda04ff446dcedd42276fc99ee.php 第 184 行.
NOTIC: [8] Undefined variable: affairpublic /var/www/tp32/Application/Runtime/Cache/Home/2a94b8bda04ff446dcedd42276fc99ee.php 第 216 行.
NOTIC: [8] Undefined variable: poypublic /var/www/tp32/Application/Runtime/Cache/Home/2a94b8bda04ff446dcedd42276fc99ee.php 第 227 行.
NOTIC: [8] Undefined variable: lzestablish /var/www/tp32/Application/Runtime/Cache/Home/2a94b8bda04ff446dcedd42276fc99ee.php 第 238 行.
NOTIC: [8] Undefined variable: specialists /var/www/tp32/Application/Runtime/Cache/Home/2a94b8bda04ff446dcedd42276fc99ee.php 第 265 行.
INFO: Run Behavior\ParseTemplateBehavior [ RunTime:0.017795s ]
INFO: [ view_parse ] --END-- [ RunTime:0.017844s ]
INFO: [ view_filter ] --START--
INFO: Run Behavior\WriteHtmlCacheBehavior [ RunTime:0.000364s ]
INFO: [ view_filter ] --END-- [ RunTime:0.000399s ]
INFO: [ app_end ] --START--
INFO: Run Behavior\ShowPageTraceBehavior [ RunTime:0.001135s ]
INFO: [ app_end ] --END-- [ RunTime:0.001318s ]

[ 2018-10-28T07:53:46+08:00 ] 192.168.186.1 /tp32/index.php
INFO: [ app_init ] --START--
INFO: Run Behavior\BuildLiteBehavior [ RunTime:0.000016s ]
INFO: [ app_init ] --END-- [ RunTime:0.000353s ]
INFO: [ app_begin ] --START--
INFO: Run Behavior\ReadHtmlCacheBehavior [ RunTime:0.000593s ]
INFO: [ app_begin ] --END-- [ RunTime:0.000637s ]
SQL: SHOW COLUMNS FROM `t_user_dd` [ RunTime:0.0027s ]
SQL: SELECT * FROM `t_user_dd` WHERE ( id=3 ) LIMIT 1   [ RunTime:0.0006s ]
NOTIC: [2] Missing argument 2 for Home\Controller\IndexController::getSublistByName(), called in /var/www/tp32/Application/Home/Controller/IndexController.class.php on line 138 and defined /var/www/tp32/Application/Home/Controller/IndexController.class.php 第 100 行.
SQL: SHOW COLUMNS FROM `t_relation_dd` [ RunTime:0.0015s ]
SQL: SELECT * FROM `t_relation_dd` WHERE ( name='二级导航' )  [ RunTime:0.0006s ]
NOTIC: [8] Undefined variable: limit /var/www/tp32/Application/Home/Controller/IndexController.class.php 第 104 行.
SQL: SELECT * FROM `t_relation_dd` WHERE ( pid=33 and show_status = 1 ) ORDER BY vsort asc  [ RunTime:0.0006s ]
SQL: SHOW COLUMNS FROM `t_relation_dd` [ RunTime:0.0023s ]
SQL: SELECT trd.pid as tpid,tzd.* FROM t_relation_dd trd LEFT JOIN t_zj_dd tzd on trd.id=tzd.pid  WHERE ( trd.name ='最新公告' and trd.show_status=1 and tzd.pubstatus=1 and tzd.showstatus=1 ) ORDER BY tzd.updatetime desc  [ RunTime:0.0066s ]
SQL: SHOW COLUMNS FROM `t_relation_dd` [ RunTime:0.0015s ]
SQL: SELECT trd.pid as tpid,tzd.* FROM t_relation_dd trd LEFT JOIN t_zj_dd tzd on trd.id=tzd.pid  WHERE ( trd.name ='最新信息' and trd.show_status=1 and tzd.pubstatus=1 and tzd.showstatus=1 ) ORDER BY tzd.updatetime desc LIMIT 5   [ RunTime:0.0240s ]
SQL: SELECT * FROM `t_relation_dd` WHERE ( pid=0 and name<>"二级导航" and name<>"妇幼保健" and name<>"公开" and name<>"就医指南-体检指南" and  show_status = 1 and jump_url is not null and jump_url<>"" ) ORDER BY vsort asc  [ RunTime:0.0016s ]
SQL: SHOW COLUMNS FROM `t_pic_manager_dd` [ RunTime:0.0019s ]
SQL: SELECT * FROM `t_pic_manager_dd` WHERE ( mid=6 ) ORDER BY vsort desc  [ RunTime:0.0006s ]
INFO: [ view_parse ] --START--
INFO: [ template_filter ] --START--
INFO: Run Behavior\ContentReplaceBehavior [ RunTime:0.000209s ]
INFO: [ template_filter ] --END-- [ RunTime:0.000312s ]
NOTIC: [8] Undefined offset: 0 /var/www/tp32/Application/Runtime/Cache/Home/2a94b8bda04ff446dcedd42276fc99ee.php 第 74 行.
NOTIC: [8] Undefined variable: affairpublic /var/www/tp32/Application/Runtime/Cache/Home/2a94b8bda04ff446dcedd42276fc99ee.php 第 74 行.
NOTIC: [8] Undefined offset: 0 /var/www/tp32/Application/Runtime/Cache/Home/2a94b8bda04ff446dcedd42276fc99ee.php 第 74 行.
NOTIC: [8] Undefined variable: affairpublic /var/www/tp32/Application/Runtime/Cache/Home/2a94b8bda04ff446dcedd42276fc99ee.php 第 74 行.
NOTIC: [8] Undefined variable: poypublic /var/www/tp32/Application/Runtime/Cache/Home/2a94b8bda04ff446dcedd42276fc99ee.php 第 74 行.
NOTIC: [8] Undefined variable: lzestablish /var/www/tp32/Application/Runtime/Cache/Home/2a94b8bda04ff446dcedd42276fc99ee.php 第 74 行.
NOTIC: [8] Undefined variable: specialistintro /var/www/tp32/Application/Runtime/Cache/Home/2a94b8bda04ff446dcedd42276fc99ee.php 第 74 行.
NOTIC: [8] Undefined variable: specialists /var/www/tp32/Application/Runtime/Cache/Home/2a94b8bda04ff446dcedd42276fc99ee.php 第 74 行.
NOTIC: [8] Undefined variable: serviceitem /var/www/tp32/Application/Runtime/Cache/Home/2a94b8bda04ff446dcedd42276fc99ee.php 第 166 行.
NOTIC: [8] Undefined variable: serviceitem /var/www/tp32/Application/Runtime/Cache/Home/2a94b8bda04ff446dcedd42276fc99ee.php 第 173 行.
NOTIC: [8] Undefined variable: fybjinfo /var/www/tp32/Application/Runtime/Cache/Home/2a94b8bda04ff446dcedd42276fc99ee.php 第 184 行.
NOTIC: [8] Undefined variable: affairpublic /var/www/tp32/Application/Runtime/Cache/Home/2a94b8bda04ff446dcedd42276fc99ee.php 第 216 行.
NOTIC: [8] Undefined variable: poypublic /var/www/tp32/Application/Runtime/Cache/Home/2a94b8bda04ff446dcedd42276fc99ee.php 第 227 行.
NOTIC: [8] Undefined variable: lzestablish /var/www/tp32/Application/Runtime/Cache/Home/2a94b8bda04ff446dcedd42276fc99ee.php 第 238 行.
NOTIC: [8] Undefined variable: specialists /var/www/tp32/Application/Runtime/Cache/Home/2a94b8bda04ff446dcedd42276fc99ee.php 第 265 行.
INFO: Run Behavior\ParseTemplateBehavior [ RunTime:0.024526s ]
INFO: [ view_parse ] --END-- [ RunTime:0.024570s ]
INFO: [ view_filter ] --START--
INFO: Run Behavior\WriteHtmlCacheBehavior [ RunTime:0.000465s ]
INFO: [ view_filter ] --END-- [ RunTime:0.000497s ]
INFO: [ app_end ] --START--
INFO: Run Behavior\ShowPageTraceBehavior [ RunTime:0.000888s ]
INFO: [ app_end ] --END-- [ RunTime:0.001285s ]

[ 2018-10-28T07:53:46+08:00 ] 192.168.186.1 /tp32/index.php
INFO: [ app_init ] --START--
INFO: Run Behavior\BuildLiteBehavior [ RunTime:0.000012s ]
INFO: [ app_init ] --END-- [ RunTime:0.000422s ]
INFO: [ app_begin ] --START--
INFO: Run Behavior\ReadHtmlCacheBehavior [ RunTime:0.000627s ]
INFO: [ app_begin ] --END-- [ RunTime:0.000666s ]
SQL: SHOW COLUMNS FROM `t_user_dd` [ RunTime:0.0013s ]
SQL: SELECT * FROM `t_user_dd` WHERE ( id=3 ) LIMIT 1   [ RunTime:0.0005s ]
NOTIC: [2] Missing argument 2 for Home\Controller\IndexController::getSublistByName(), called in /var/www/tp32/Application/Home/Controller/IndexController.class.php on line 138 and defined /var/www/tp32/Application/Home/Controller/IndexController.class.php 第 100 行.
SQL: SHOW COLUMNS FROM `t_relation_dd` [ RunTime:0.0013s ]
SQL: SELECT * FROM `t_relation_dd` WHERE ( name='二级导航' )  [ RunTime:0.0006s ]
NOTIC: [8] Undefined variable: limit /var/www/tp32/Application/Home/Controller/IndexController.class.php 第 104 行.
SQL: SELECT * FROM `t_relation_dd` WHERE ( pid=33 and show_status = 1 ) ORDER BY vsort asc  [ RunTime:0.0006s ]
SQL: SHOW COLUMNS FROM `t_relation_dd` [ RunTime:0.0015s ]
SQL: SELECT trd.pid as tpid,tzd.* FROM t_relation_dd trd LEFT JOIN t_zj_dd tzd on trd.id=tzd.pid  WHERE ( trd.name ='最新公告' and trd.show_status=1 and tzd.pubstatus=1 and tzd.showstatus=1 ) ORDER BY tzd.updatetime desc  [ RunTime:0.0069s ]
SQL: SHOW COLUMNS FROM `t_relation_dd` [ RunTime:0.0014s ]
SQL: SELECT trd.pid as tpid,tzd.* FROM t_relation_dd trd LEFT JOIN t_zj_dd tzd on trd.id=tzd.pid  WHERE ( trd.name ='最新信息' and trd.show_status=1 and tzd.pubstatus=1 and tzd.showstatus=1 ) ORDER BY tzd.updatetime desc LIMIT 5   [ RunTime:0.0056s ]
SQL: SELECT * FROM `t_relation_dd` WHERE ( pid=0 and name<>"二级导航" and name<>"妇幼保健" and name<>"公开" and name<>"就医指南-体检指南" and  show_status = 1 and jump_url is not null and jump_url<>"" ) ORDER BY vsort asc  [ RunTime:0.0008s ]
SQL: SHOW COLUMNS FROM `t_pic_manager_dd` [ RunTime:0.0013s ]
SQL: SELECT * FROM `t_pic_manager_dd` WHERE ( mid=6 ) ORDER BY vsort desc  [ RunTime:0.0006s ]
INFO: [ view_parse ] --START--
INFO: [ template_filter ] --START--
INFO: Run Behavior\ContentReplaceBehavior [ RunTime:0.000182s ]
INFO: [ template_filter ] --END-- [ RunTime:0.000240s ]
NOTIC: [8] Undefined offset: 0 /var/www/tp32/Application/Runtime/Cache/Home/2a94b8bda04ff446dcedd42276fc99ee.php 第 74 行.
NOTIC: [8] Undefined variable: affairpublic /var/www/tp32/Application/Runtime/Cache/Home/2a94b8bda04ff446dcedd42276fc99ee.php 第 74 行.
NOTIC: [8] Undefined offset: 0 /var/www/tp32/Application/Runtime/Cache/Home/2a94b8bda04ff446dcedd42276fc99ee.php 第 74 行.
NOTIC: [8] Undefined variable: affairpublic /var/www/tp32/Application/Runtime/Cache/Home/2a94b8bda04ff446dcedd42276fc99ee.php 第 74 行.
NOTIC: [8] Undefined variable: poypublic /var/www/tp32/Application/Runtime/Cache/Home/2a94b8bda04ff446dcedd42276fc99ee.php 第 74 行.
NOTIC: [8] Undefined variable: lzestablish /var/www/tp32/Application/Runtime/Cache/Home/2a94b8bda04ff446dcedd42276fc99ee.php 第 74 行.
NOTIC: [8] Undefined variable: specialistintro /var/www/tp32/Application/Runtime/Cache/Home/2a94b8bda04ff446dcedd42276fc99ee.php 第 74 行.
NOTIC: [8] Undefined variable: specialists /var/www/tp32/Application/Runtime/Cache/Home/2a94b8bda04ff446dcedd42276fc99ee.php 第 74 行.
NOTIC: [8] Undefined variable: serviceitem /var/www/tp32/Application/Runtime/Cache/Home/2a94b8bda04ff446dcedd42276fc99ee.php 第 166 行.
NOTIC: [8] Undefined variable: serviceitem /var/www/tp32/Application/Runtime/Cache/Home/2a94b8bda04ff446dcedd42276fc99ee.php 第 173 行.
NOTIC: [8] Undefined variable: fybjinfo /var/www/tp32/Application/Runtime/Cache/Home/2a94b8bda04ff446dcedd42276fc99ee.php 第 184 行.
NOTIC: [8] Undefined variable: affairpublic /var/www/tp32/Application/Runtime/Cache/Home/2a94b8bda04ff446dcedd42276fc99ee.php 第 216 行.
NOTIC: [8] Undefined variable: poypublic /var/www/tp32/Application/Runtime/Cache/Home/2a94b8bda04ff446dcedd42276fc99ee.php 第 227 行.
NOTIC: [8] Undefined variable: lzestablish /var/www/tp32/Application/Runtime/Cache/Home/2a94b8bda04ff446dcedd42276fc99ee.php 第 238 行.
NOTIC: [8] Undefined variable: specialists /var/www/tp32/Application/Runtime/Cache/Home/2a94b8bda04ff446dcedd42276fc99ee.php 第 265 行.
INFO: Run Behavior\ParseTemplateBehavior [ RunTime:0.017887s ]
INFO: [ view_parse ] --END-- [ RunTime:0.017938s ]
INFO: [ view_filter ] --START--
INFO: Run Behavior\WriteHtmlCacheBehavior [ RunTime:0.000358s ]
INFO: [ view_filter ] --END-- [ RunTime:0.000386s ]
INFO: [ app_end ] --START--
INFO: Run Behavior\ShowPageTraceBehavior [ RunTime:0.000954s ]
INFO: [ app_end ] --END-- [ RunTime:0.001022s ]

[ 2018-10-28T07:53:47+08:00 ] 192.168.186.1 /tp32/index.php
INFO: [ app_init ] --START--
INFO: Run Behavior\BuildLiteBehavior [ RunTime:0.000018s ]
INFO: [ app_init ] --END-- [ RunTime:0.001017s ]
INFO: [ app_begin ] --START--
INFO: Run Behavior\ReadHtmlCacheBehavior [ RunTime:0.000627s ]
INFO: [ app_begin ] --END-- [ RunTime:0.000676s ]
SQL: SHOW COLUMNS FROM `t_user_dd` [ RunTime:0.0033s ]
SQL: SELECT * FROM `t_user_dd` WHERE ( id=3 ) LIMIT 1   [ RunTime:0.0017s ]
NOTIC: [2] Missing argument 2 for Home\Controller\IndexController::getSublistByName(), called in /var/www/tp32/Application/Home/Controller/IndexController.class.php on line 138 and defined /var/www/tp32/Application/Home/Controller/IndexController.class.php 第 100 行.
SQL: SHOW COLUMNS FROM `t_relation_dd` [ RunTime:0.0017s ]
SQL: SELECT * FROM `t_relation_dd` WHERE ( name='二级导航' )  [ RunTime:0.0007s ]
NOTIC: [8] Undefined variable: limit /var/www/tp32/Application/Home/Controller/IndexController.class.php 第 104 行.
SQL: SELECT * FROM `t_relation_dd` WHERE ( pid=33 and show_status = 1 ) ORDER BY vsort asc  [ RunTime:0.0006s ]
SQL: SHOW COLUMNS FROM `t_relation_dd` [ RunTime:0.0016s ]
SQL: SELECT trd.pid as tpid,tzd.* FROM t_relation_dd trd LEFT JOIN t_zj_dd tzd on trd.id=tzd.pid  WHERE ( trd.name ='最新公告' and trd.show_status=1 and tzd.pubstatus=1 and tzd.showstatus=1 ) ORDER BY tzd.updatetime desc  [ RunTime:0.0076s ]
SQL: SHOW COLUMNS FROM `t_relation_dd` [ RunTime:0.0018s ]
SQL: SELECT trd.pid as tpid,tzd.* FROM t_relation_dd trd LEFT JOIN t_zj_dd tzd on trd.id=tzd.pid  WHERE ( trd.name ='最新信息' and trd.show_status=1 and tzd.pubstatus=1 and tzd.showstatus=1 ) ORDER BY tzd.updatetime desc LIMIT 5   [ RunTime:0.0085s ]
SQL: SELECT * FROM `t_relation_dd` WHERE ( pid=0 and name<>"二级导航" and name<>"妇幼保健" and name<>"公开" and name<>"就医指南-体检指南" and  show_status = 1 and jump_url is not null and jump_url<>"" ) ORDER BY vsort asc  [ RunTime:0.0007s ]
SQL: SHOW COLUMNS FROM `t_pic_manager_dd` [ RunTime:0.0016s ]
SQL: SELECT * FROM `t_pic_manager_dd` WHERE ( mid=6 ) ORDER BY vsort desc  [ RunTime:0.0008s ]
INFO: [ view_parse ] --START--
INFO: [ template_filter ] --START--
INFO: Run Behavior\ContentReplaceBehavior [ RunTime:0.000185s ]
INFO: [ template_filter ] --END-- [ RunTime:0.000471s ]
NOTIC: [8] Undefined offset: 0 /var/www/tp32/Application/Runtime/Cache/Home/2a94b8bda04ff446dcedd42276fc99ee.php 第 74 行.
NOTIC: [8] Undefined variable: affairpublic /var/www/tp32/Application/Runtime/Cache/Home/2a94b8bda04ff446dcedd42276fc99ee.php 第 74 行.
NOTIC: [8] Undefined offset: 0 /var/www/tp32/Application/Runtime/Cache/Home/2a94b8bda04ff446dcedd42276fc99ee.php 第 74 行.
NOTIC: [8] Undefined variable: affairpublic /var/www/tp32/Application/Runtime/Cache/Home/2a94b8bda04ff446dcedd42276fc99ee.php 第 74 行.
NOTIC: [8] Undefined variable: poypublic /var/www/tp32/Application/Runtime/Cache/Home/2a94b8bda04ff446dcedd42276fc99ee.php 第 74 行.
NOTIC: [8] Undefined variable: lzestablish /var/www/tp32/Application/Runtime/Cache/Home/2a94b8bda04ff446dcedd42276fc99ee.php 第 74 行.
NOTIC: [8] Undefined variable: specialistintro /var/www/tp32/Application/Runtime/Cache/Home/2a94b8bda04ff446dcedd42276fc99ee.php 第 74 行.
NOTIC: [8] Undefined variable: specialists /var/www/tp32/Application/Runtime/Cache/Home/2a94b8bda04ff446dcedd42276fc99ee.php 第 74 行.
NOTIC: [8] Undefined variable: serviceitem /var/www/tp32/Application/Runtime/Cache/Home/2a94b8bda04ff446dcedd42276fc99ee.php 第 166 行.
NOTIC: [8] Undefined variable: serviceitem /var/www/tp32/Application/Runtime/Cache/Home/2a94b8bda04ff446dcedd42276fc99ee.php 第 173 行.
NOTIC: [8] Undefined variable: fybjinfo /var/www/tp32/Application/Runtime/Cache/Home/2a94b8bda04ff446dcedd42276fc99ee.php 第 184 行.
NOTIC: [8] Undefined variable: affairpublic /var/www/tp32/Application/Runtime/Cache/Home/2a94b8bda04ff446dcedd42276fc99ee.php 第 216 行.
NOTIC: [8] Undefined variable: poypublic /var/www/tp32/Application/Runtime/Cache/Home/2a94b8bda04ff446dcedd42276fc99ee.php 第 227 行.
NOTIC: [8] Undefined variable: lzestablish /var/www/tp32/Application/Runtime/Cache/Home/2a94b8bda04ff446dcedd42276fc99ee.php 第 238 行.
NOTIC: [8] Undefined variable: specialists /var/www/tp32/Application/Runtime/Cache/Home/2a94b8bda04ff446dcedd42276fc99ee.php 第 265 行.
INFO: Run Behavior\ParseTemplateBehavior [ RunTime:0.018955s ]
INFO: [ view_parse ] --END-- [ RunTime:0.018993s ]
INFO: [ view_filter ] --START--
INFO: Run Behavior\WriteHtmlCacheBehavior [ RunTime:0.000228s ]
INFO: [ view_filter ] --END-- [ RunTime:0.000257s ]
INFO: [ app_end ] --START--
INFO: Run Behavior\ShowPageTraceBehavior [ RunTime:0.000908s ]
INFO: [ app_end ] --END-- [ RunTime:0.000971s ]

[ 2018-10-28T08:38:27+08:00 ] 192.168.186.1 /tp32/index.php
INFO: [ app_init ] --START--
INFO: Run Behavior\BuildLiteBehavior [ RunTime:0.000039s ]
INFO: [ app_init ] --END-- [ RunTime:0.001011s ]
INFO: [ app_begin ] --START--
INFO: Run Behavior\ReadHtmlCacheBehavior [ RunTime:0.000689s ]
INFO: [ app_begin ] --END-- [ RunTime:0.000731s ]
NOTIC: [2] Missing argument 2 for Home\Controller\IndexController::getSublistByName(), called in /var/www/tp32/Application/Home/Controller/IndexController.class.php on line 138 and defined /var/www/tp32/Application/Home/Controller/IndexController.class.php 第 100 行.
SQL: SHOW COLUMNS FROM `t_relation_dd` [ RunTime:0.0309s ]
SQL: SELECT * FROM `t_relation_dd` WHERE ( name='二级导航' )  [ RunTime:0.0021s ]
NOTIC: [8] Undefined variable: limit /var/www/tp32/Application/Home/Controller/IndexController.class.php 第 104 行.
SQL: SELECT * FROM `t_relation_dd` WHERE ( pid=33 and show_status = 1 ) ORDER BY vsort asc  [ RunTime:0.0026s ]
SQL: SHOW COLUMNS FROM `t_relation_dd` [ RunTime:0.0016s ]
SQL: SELECT trd.pid as tpid,tzd.* FROM t_relation_dd trd LEFT JOIN t_zj_dd tzd on trd.id=tzd.pid  WHERE ( trd.name ='最新公告' and trd.show_status=1 and tzd.pubstatus=1 and tzd.showstatus=1 ) ORDER BY tzd.updatetime desc  [ RunTime:0.0189s ]
SQL: SHOW COLUMNS FROM `t_relation_dd` [ RunTime:0.0017s ]
SQL: SELECT trd.pid as tpid,tzd.* FROM t_relation_dd trd LEFT JOIN t_zj_dd tzd on trd.id=tzd.pid  WHERE ( trd.name ='最新信息' and trd.show_status=1 and tzd.pubstatus=1 and tzd.showstatus=1 ) ORDER BY tzd.updatetime desc LIMIT 5   [ RunTime:0.0096s ]
SQL: SELECT * FROM `t_relation_dd` WHERE ( pid=0 and name<>"二级导航" and name<>"妇幼保健" and name<>"公开" and name<>"就医指南-体检指南" and  show_status = 1 and jump_url is not null and jump_url<>"" ) ORDER BY vsort asc  [ RunTime:0.0012s ]
SQL: SHOW COLUMNS FROM `t_pic_manager_dd` [ RunTime:0.0024s ]
SQL: SELECT * FROM `t_pic_manager_dd` WHERE ( mid=6 ) ORDER BY vsort desc  [ RunTime:0.0009s ]
INFO: [ view_parse ] --START--
INFO: [ template_filter ] --START--
INFO: Run Behavior\ContentReplaceBehavior [ RunTime:0.000350s ]
INFO: [ template_filter ] --END-- [ RunTime:0.000418s ]
NOTIC: [8] Undefined offset: 0 /var/www/tp32/Application/Runtime/Cache/Home/2a94b8bda04ff446dcedd42276fc99ee.php 第 74 行.
NOTIC: [8] Undefined variable: affairpublic /var/www/tp32/Application/Runtime/Cache/Home/2a94b8bda04ff446dcedd42276fc99ee.php 第 74 行.
NOTIC: [8] Undefined offset: 0 /var/www/tp32/Application/Runtime/Cache/Home/2a94b8bda04ff446dcedd42276fc99ee.php 第 74 行.
NOTIC: [8] Undefined variable: affairpublic /var/www/tp32/Application/Runtime/Cache/Home/2a94b8bda04ff446dcedd42276fc99ee.php 第 74 行.
NOTIC: [8] Undefined variable: poypublic /var/www/tp32/Application/Runtime/Cache/Home/2a94b8bda04ff446dcedd42276fc99ee.php 第 74 行.
NOTIC: [8] Undefined variable: lzestablish /var/www/tp32/Application/Runtime/Cache/Home/2a94b8bda04ff446dcedd42276fc99ee.php 第 74 行.
NOTIC: [8] Undefined variable: specialistintro /var/www/tp32/Application/Runtime/Cache/Home/2a94b8bda04ff446dcedd42276fc99ee.php 第 74 行.
NOTIC: [8] Undefined variable: specialists /var/www/tp32/Application/Runtime/Cache/Home/2a94b8bda04ff446dcedd42276fc99ee.php 第 74 行.
NOTIC: [8] Undefined variable: serviceitem /var/www/tp32/Application/Runtime/Cache/Home/2a94b8bda04ff446dcedd42276fc99ee.php 第 166 行.
NOTIC: [8] Undefined variable: serviceitem /var/www/tp32/Application/Runtime/Cache/Home/2a94b8bda04ff446dcedd42276fc99ee.php 第 173 行.
NOTIC: [8] Undefined variable: fybjinfo /var/www/tp32/Application/Runtime/Cache/Home/2a94b8bda04ff446dcedd42276fc99ee.php 第 184 行.
NOTIC: [8] Undefined variable: affairpublic /var/www/tp32/Application/Runtime/Cache/Home/2a94b8bda04ff446dcedd42276fc99ee.php 第 216 行.
NOTIC: [8] Undefined variable: poypublic /var/www/tp32/Application/Runtime/Cache/Home/2a94b8bda04ff446dcedd42276fc99ee.php 第 227 行.
NOTIC: [8] Undefined variable: lzestablish /var/www/tp32/Application/Runtime/Cache/Home/2a94b8bda04ff446dcedd42276fc99ee.php 第 238 行.
NOTIC: [8] Undefined variable: specialists /var/www/tp32/Application/Runtime/Cache/Home/2a94b8bda04ff446dcedd42276fc99ee.php 第 265 行.
INFO: Run Behavior\ParseTemplateBehavior [ RunTime:0.041398s ]
INFO: [ view_parse ] --END-- [ RunTime:0.041447s ]
INFO: [ view_filter ] --START--
INFO: Run Behavior\WriteHtmlCacheBehavior [ RunTime:0.000411s ]
INFO: [ view_filter ] --END-- [ RunTime:0.000444s ]
INFO: [ app_end ] --START--
INFO: Run Behavior\ShowPageTraceBehavior [ RunTime:0.000963s ]
INFO: [ app_end ] --END-- [ RunTime:0.001034s ]

[ 2018-10-28T08:38:27+08:00 ] 192.168.186.1 /tp32/index.php
INFO: [ app_init ] --START--
INFO: Run Behavior\BuildLiteBehavior [ RunTime:0.000021s ]
INFO: [ app_init ] --END-- [ RunTime:0.000746s ]
INFO: [ app_begin ] --START--
INFO: Run Behavior\ReadHtmlCacheBehavior [ RunTime:0.000710s ]
INFO: [ app_begin ] --END-- [ RunTime:0.000748s ]
NOTIC: [2] Missing argument 2 for Home\Controller\IndexController::getSublistByName(), called in /var/www/tp32/Application/Home/Controller/IndexController.class.php on line 138 and defined /var/www/tp32/Application/Home/Controller/IndexController.class.php 第 100 行.
SQL: SHOW COLUMNS FROM `t_relation_dd` [ RunTime:0.0015s ]
SQL: SELECT * FROM `t_relation_dd` WHERE ( name='二级导航' )  [ RunTime:0.0005s ]
NOTIC: [8] Undefined variable: limit /var/www/tp32/Application/Home/Controller/IndexController.class.php 第 104 行.
SQL: SELECT * FROM `t_relation_dd` WHERE ( pid=33 and show_status = 1 ) ORDER BY vsort asc  [ RunTime:0.0007s ]
SQL: SHOW COLUMNS FROM `t_relation_dd` [ RunTime:0.0013s ]
SQL: SELECT trd.pid as tpid,tzd.* FROM t_relation_dd trd LEFT JOIN t_zj_dd tzd on trd.id=tzd.pid  WHERE ( trd.name ='最新公告' and trd.show_status=1 and tzd.pubstatus=1 and tzd.showstatus=1 ) ORDER BY tzd.updatetime desc  [ RunTime:0.0070s ]
SQL: SHOW COLUMNS FROM `t_relation_dd` [ RunTime:0.0014s ]
SQL: SELECT trd.pid as tpid,tzd.* FROM t_relation_dd trd LEFT JOIN t_zj_dd tzd on trd.id=tzd.pid  WHERE ( trd.name ='最新信息' and trd.show_status=1 and tzd.pubstatus=1 and tzd.showstatus=1 ) ORDER BY tzd.updatetime desc LIMIT 5   [ RunTime:0.0062s ]
SQL: SELECT * FROM `t_relation_dd` WHERE ( pid=0 and name<>"二级导航" and name<>"妇幼保健" and name<>"公开" and name<>"就医指南-体检指南" and  show_status = 1 and jump_url is not null and jump_url<>"" ) ORDER BY vsort asc  [ RunTime:0.0009s ]
SQL: SHOW COLUMNS FROM `t_pic_manager_dd` [ RunTime:0.0012s ]
SQL: SELECT * FROM `t_pic_manager_dd` WHERE ( mid=6 ) ORDER BY vsort desc  [ RunTime:0.0009s ]
INFO: [ view_parse ] --START--
INFO: [ template_filter ] --START--
INFO: Run Behavior\ContentReplaceBehavior [ RunTime:0.000175s ]
INFO: [ template_filter ] --END-- [ RunTime:0.000235s ]
NOTIC: [8] Undefined offset: 0 /var/www/tp32/Application/Runtime/Cache/Home/2a94b8bda04ff446dcedd42276fc99ee.php 第 74 行.
NOTIC: [8] Undefined variable: affairpublic /var/www/tp32/Application/Runtime/Cache/Home/2a94b8bda04ff446dcedd42276fc99ee.php 第 74 行.
NOTIC: [8] Undefined offset: 0 /var/www/tp32/Application/Runtime/Cache/Home/2a94b8bda04ff446dcedd42276fc99ee.php 第 74 行.
NOTIC: [8] Undefined variable: affairpublic /var/www/tp32/Application/Runtime/Cache/Home/2a94b8bda04ff446dcedd42276fc99ee.php 第 74 行.
NOTIC: [8] Undefined variable: poypublic /var/www/tp32/Application/Runtime/Cache/Home/2a94b8bda04ff446dcedd42276fc99ee.php 第 74 行.
NOTIC: [8] Undefined variable: lzestablish /var/www/tp32/Application/Runtime/Cache/Home/2a94b8bda04ff446dcedd42276fc99ee.php 第 74 行.
NOTIC: [8] Undefined variable: specialistintro /var/www/tp32/Application/Runtime/Cache/Home/2a94b8bda04ff446dcedd42276fc99ee.php 第 74 行.
NOTIC: [8] Undefined variable: specialists /var/www/tp32/Application/Runtime/Cache/Home/2a94b8bda04ff446dcedd42276fc99ee.php 第 74 行.
NOTIC: [8] Undefined variable: serviceitem /var/www/tp32/Application/Runtime/Cache/Home/2a94b8bda04ff446dcedd42276fc99ee.php 第 166 行.
NOTIC: [8] Undefined variable: serviceitem /var/www/tp32/Application/Runtime/Cache/Home/2a94b8bda04ff446dcedd42276fc99ee.php 第 173 行.
NOTIC: [8] Undefined variable: fybjinfo /var/www/tp32/Application/Runtime/Cache/Home/2a94b8bda04ff446dcedd42276fc99ee.php 第 184 行.
NOTIC: [8] Undefined variable: affairpublic /var/www/tp32/Application/Runtime/Cache/Home/2a94b8bda04ff446dcedd42276fc99ee.php 第 216 行.
NOTIC: [8] Undefined variable: poypublic /var/www/tp32/Application/Runtime/Cache/Home/2a94b8bda04ff446dcedd42276fc99ee.php 第 227 行.
NOTIC: [8] Undefined variable: lzestablish /var/www/tp32/Application/Runtime/Cache/Home/2a94b8bda04ff446dcedd42276fc99ee.php 第 238 行.
NOTIC: [8] Undefined variable: specialists /var/www/tp32/Application/Runtime/Cache/Home/2a94b8bda04ff446dcedd42276fc99ee.php 第 265 行.
INFO: Run Behavior\ParseTemplateBehavior [ RunTime:0.022805s ]
INFO: [ view_parse ] --END-- [ RunTime:0.022849s ]
INFO: [ view_filter ] --START--
INFO: Run Behavior\WriteHtmlCacheBehavior [ RunTime:0.000576s ]
INFO: [ view_filter ] --END-- [ RunTime:0.000634s ]
INFO: [ app_end ] --START--
INFO: Run Behavior\ShowPageTraceBehavior [ RunTime:0.000894s ]
INFO: [ app_end ] --END-- [ RunTime:0.001141s ]

[ 2018-10-28T08:38:28+08:00 ] 192.168.186.1 /tp32/index.php
INFO: [ app_init ] --START--
INFO: Run Behavior\BuildLiteBehavior [ RunTime:0.000012s ]
INFO: [ app_init ] --END-- [ RunTime:0.000673s ]
INFO: [ app_begin ] --START--
INFO: Run Behavior\ReadHtmlCacheBehavior [ RunTime:0.000553s ]
INFO: [ app_begin ] --END-- [ RunTime:0.000591s ]
NOTIC: [2] Missing argument 2 for Home\Controller\IndexController::getSublistByName(), called in /var/www/tp32/Application/Home/Controller/IndexController.class.php on line 138 and defined /var/www/tp32/Application/Home/Controller/IndexController.class.php 第 100 行.
SQL: SHOW COLUMNS FROM `t_relation_dd` [ RunTime:0.0014s ]
SQL: SELECT * FROM `t_relation_dd` WHERE ( name='二级导航' )  [ RunTime:0.0007s ]
NOTIC: [8] Undefined variable: limit /var/www/tp32/Application/Home/Controller/IndexController.class.php 第 104 行.
SQL: SELECT * FROM `t_relation_dd` WHERE ( pid=33 and show_status = 1 ) ORDER BY vsort asc  [ RunTime:0.0008s ]
SQL: SHOW COLUMNS FROM `t_relation_dd` [ RunTime:0.0020s ]
SQL: SELECT trd.pid as tpid,tzd.* FROM t_relation_dd trd LEFT JOIN t_zj_dd tzd on trd.id=tzd.pid  WHERE ( trd.name ='最新公告' and trd.show_status=1 and tzd.pubstatus=1 and tzd.showstatus=1 ) ORDER BY tzd.updatetime desc  [ RunTime:0.0083s ]
SQL: SHOW COLUMNS FROM `t_relation_dd` [ RunTime:0.0014s ]
SQL: SELECT trd.pid as tpid,tzd.* FROM t_relation_dd trd LEFT JOIN t_zj_dd tzd on trd.id=tzd.pid  WHERE ( trd.name ='最新信息' and trd.show_status=1 and tzd.pubstatus=1 and tzd.showstatus=1 ) ORDER BY tzd.updatetime desc LIMIT 5   [ RunTime:0.0062s ]
SQL: SELECT * FROM `t_relation_dd` WHERE ( pid=0 and name<>"二级导航" and name<>"妇幼保健" and name<>"公开" and name<>"就医指南-体检指南" and  show_status = 1 and jump_url is not null and jump_url<>"" ) ORDER BY vsort asc  [ RunTime:0.0011s ]
SQL: SHOW COLUMNS FROM `t_pic_manager_dd` [ RunTime:0.0014s ]
SQL: SELECT * FROM `t_pic_manager_dd` WHERE ( mid=6 ) ORDER BY vsort desc  [ RunTime:0.0006s ]
INFO: [ view_parse ] --START--
INFO: [ template_filter ] --START--
INFO: Run Behavior\ContentReplaceBehavior [ RunTime:0.000196s ]
INFO: [ template_filter ] --END-- [ RunTime:0.000292s ]
NOTIC: [8] Undefined offset: 0 /var/www/tp32/Application/Runtime/Cache/Home/2a94b8bda04ff446dcedd42276fc99ee.php 第 74 行.
NOTIC: [8] Undefined variable: affairpublic /var/www/tp32/Application/Runtime/Cache/Home/2a94b8bda04ff446dcedd42276fc99ee.php 第 74 行.
NOTIC: [8] Undefined offset: 0 /var/www/tp32/Application/Runtime/Cache/Home/2a94b8bda04ff446dcedd42276fc99ee.php 第 74 行.
NOTIC: [8] Undefined variable: affairpublic /var/www/tp32/Application/Runtime/Cache/Home/2a94b8bda04ff446dcedd42276fc99ee.php 第 74 行.
NOTIC: [8] Undefined variable: poypublic /var/www/tp32/Application/Runtime/Cache/Home/2a94b8bda04ff446dcedd42276fc99ee.php 第 74 行.
NOTIC: [8] Undefined variable: lzestablish /var/www/tp32/Application/Runtime/Cache/Home/2a94b8bda04ff446dcedd42276fc99ee.php 第 74 行.
NOTIC: [8] Undefined variable: specialistintro /var/www/tp32/Application/Runtime/Cache/Home/2a94b8bda04ff446dcedd42276fc99ee.php 第 74 行.
NOTIC: [8] Undefined variable: specialists /var/www/tp32/Application/Runtime/Cache/Home/2a94b8bda04ff446dcedd42276fc99ee.php 第 74 行.
NOTIC: [8] Undefined variable: serviceitem /var/www/tp32/Application/Runtime/Cache/Home/2a94b8bda04ff446dcedd42276fc99ee.php 第 166 行.
NOTIC: [8] Undefined variable: serviceitem /var/www/tp32/Application/Runtime/Cache/Home/2a94b8bda04ff446dcedd42276fc99ee.php 第 173 行.
NOTIC: [8] Undefined variable: fybjinfo /var/www/tp32/Application/Runtime/Cache/Home/2a94b8bda04ff446dcedd42276fc99ee.php 第 184 行.
NOTIC: [8] Undefined variable: affairpublic /var/www/tp32/Application/Runtime/Cache/Home/2a94b8bda04ff446dcedd42276fc99ee.php 第 216 行.
NOTIC: [8] Undefined variable: poypublic /var/www/tp32/Application/Runtime/Cache/Home/2a94b8bda04ff446dcedd42276fc99ee.php 第 227 行.
NOTIC: [8] Undefined variable: lzestablish /var/www/tp32/Application/Runtime/Cache/Home/2a94b8bda04ff446dcedd42276fc99ee.php 第 238 行.
NOTIC: [8] Undefined variable: specialists /var/www/tp32/Application/Runtime/Cache/Home/2a94b8bda04ff446dcedd42276fc99ee.php 第 265 行.
INFO: Run Behavior\ParseTemplateBehavior [ RunTime:0.021239s ]
INFO: [ view_parse ] --END-- [ RunTime:0.021281s ]
INFO: [ view_filter ] --START--
INFO: Run Behavior\WriteHtmlCacheBehavior [ RunTime:0.000255s ]
INFO: [ view_filter ] --END-- [ RunTime:0.000285s ]
INFO: [ app_end ] --START--
INFO: Run Behavior\ShowPageTraceBehavior [ RunTime:0.001258s ]
INFO: [ app_end ] --END-- [ RunTime:0.001330s ]

[ 2018-10-28T09:33:22+08:00 ] 192.168.186.1 /tp32/index.php
INFO: [ app_init ] --START--
INFO: Run Behavior\BuildLiteBehavior [ RunTime:0.000021s ]
INFO: [ app_init ] --END-- [ RunTime:0.000703s ]
INFO: [ app_begin ] --START--
INFO: Run Behavior\ReadHtmlCacheBehavior [ RunTime:0.000450s ]
INFO: [ app_begin ] --END-- [ RunTime:0.000482s ]
NOTIC: [2] Missing argument 2 for Home\Controller\IndexController::getSublistByName(), called in /var/www/tp32/Application/Home/Controller/IndexController.class.php on line 138 and defined /var/www/tp32/Application/Home/Controller/IndexController.class.php 第 100 行.
SQL: SHOW COLUMNS FROM `t_relation_dd` [ RunTime:0.0061s ]
SQL: SELECT * FROM `t_relation_dd` WHERE ( name='二级导航' )  [ RunTime:0.0015s ]
NOTIC: [8] Undefined variable: limit /var/www/tp32/Application/Home/Controller/IndexController.class.php 第 104 行.
SQL: SELECT * FROM `t_relation_dd` WHERE ( pid=33 and show_status = 1 ) ORDER BY vsort asc  [ RunTime:0.0010s ]
SQL: SHOW COLUMNS FROM `t_relation_dd` [ RunTime:0.0013s ]
SQL: SELECT trd.pid as tpid,tzd.* FROM t_relation_dd trd LEFT JOIN t_zj_dd tzd on trd.id=tzd.pid  WHERE ( trd.name ='最新公告' and trd.show_status=1 and tzd.pubstatus=1 and tzd.showstatus=1 ) ORDER BY tzd.updatetime desc  [ RunTime:0.0110s ]
SQL: SHOW COLUMNS FROM `t_relation_dd` [ RunTime:0.0014s ]
SQL: SELECT trd.pid as tpid,tzd.* FROM t_relation_dd trd LEFT JOIN t_zj_dd tzd on trd.id=tzd.pid  WHERE ( trd.name ='最新信息' and trd.show_status=1 and tzd.pubstatus=1 and tzd.showstatus=1 ) ORDER BY tzd.updatetime desc LIMIT 5   [ RunTime:0.0067s ]
SQL: SELECT * FROM `t_relation_dd` WHERE ( pid=0 and name<>"二级导航" and name<>"妇幼保健" and name<>"公开" and name<>"就医指南-体检指南" and  show_status = 1 and jump_url is not null and jump_url<>"" ) ORDER BY vsort asc  [ RunTime:0.0009s ]
SQL: SHOW COLUMNS FROM `t_pic_manager_dd` [ RunTime:0.0015s ]
SQL: SELECT * FROM `t_pic_manager_dd` WHERE ( mid=6 ) ORDER BY vsort desc  [ RunTime:0.0017s ]
INFO: [ view_parse ] --START--
INFO: [ template_filter ] --START--
INFO: Run Behavior\ContentReplaceBehavior [ RunTime:0.000203s ]
INFO: [ template_filter ] --END-- [ RunTime:0.000260s ]
NOTIC: [8] Undefined offset: 0 /var/www/tp32/Application/Runtime/Cache/Home/2a94b8bda04ff446dcedd42276fc99ee.php 第 74 行.
NOTIC: [8] Undefined variable: affairpublic /var/www/tp32/Application/Runtime/Cache/Home/2a94b8bda04ff446dcedd42276fc99ee.php 第 74 行.
NOTIC: [8] Undefined offset: 0 /var/www/tp32/Application/Runtime/Cache/Home/2a94b8bda04ff446dcedd42276fc99ee.php 第 74 行.
NOTIC: [8] Undefined variable: affairpublic /var/www/tp32/Application/Runtime/Cache/Home/2a94b8bda04ff446dcedd42276fc99ee.php 第 74 行.
NOTIC: [8] Undefined variable: poypublic /var/www/tp32/Application/Runtime/Cache/Home/2a94b8bda04ff446dcedd42276fc99ee.php 第 74 行.
NOTIC: [8] Undefined variable: lzestablish /var/www/tp32/Application/Runtime/Cache/Home/2a94b8bda04ff446dcedd42276fc99ee.php 第 74 行.
NOTIC: [8] Undefined variable: specialistintro /var/www/tp32/Application/Runtime/Cache/Home/2a94b8bda04ff446dcedd42276fc99ee.php 第 74 行.
NOTIC: [8] Undefined variable: specialists /var/www/tp32/Application/Runtime/Cache/Home/2a94b8bda04ff446dcedd42276fc99ee.php 第 74 行.
NOTIC: [8] Undefined variable: serviceitem /var/www/tp32/Application/Runtime/Cache/Home/2a94b8bda04ff446dcedd42276fc99ee.php 第 166 行.
NOTIC: [8] Undefined variable: serviceitem /var/www/tp32/Application/Runtime/Cache/Home/2a94b8bda04ff446dcedd42276fc99ee.php 第 173 行.
NOTIC: [8] Undefined variable: fybjinfo /var/www/tp32/Application/Runtime/Cache/Home/2a94b8bda04ff446dcedd42276fc99ee.php 第 184 行.
NOTIC: [8] Undefined variable: affairpublic /var/www/tp32/Application/Runtime/Cache/Home/2a94b8bda04ff446dcedd42276fc99ee.php 第 216 行.
NOTIC: [8] Undefined variable: poypublic /var/www/tp32/Application/Runtime/Cache/Home/2a94b8bda04ff446dcedd42276fc99ee.php 第 227 行.
NOTIC: [8] Undefined variable: lzestablish /var/www/tp32/Application/Runtime/Cache/Home/2a94b8bda04ff446dcedd42276fc99ee.php 第 238 行.
NOTIC: [8] Undefined variable: specialists /var/www/tp32/Application/Runtime/Cache/Home/2a94b8bda04ff446dcedd42276fc99ee.php 第 265 行.
INFO: Run Behavior\ParseTemplateBehavior [ RunTime:0.023852s ]
INFO: [ view_parse ] --END-- [ RunTime:0.023915s ]
INFO: [ view_filter ] --START--
INFO: Run Behavior\WriteHtmlCacheBehavior [ RunTime:0.000762s ]
INFO: [ view_filter ] --END-- [ RunTime:0.000832s ]
INFO: [ app_end ] --START--
INFO: Run Behavior\ShowPageTraceBehavior [ RunTime:0.000691s ]
INFO: [ app_end ] --END-- [ RunTime:0.000772s ]

[ 2018-10-28T09:33:23+08:00 ] 192.168.186.1 /tp32/index.php
INFO: [ app_init ] --START--
INFO: Run Behavior\BuildLiteBehavior [ RunTime:0.000016s ]
INFO: [ app_init ] --END-- [ RunTime:0.000412s ]
INFO: [ app_begin ] --START--
INFO: Run Behavior\ReadHtmlCacheBehavior [ RunTime:0.000759s ]
INFO: [ app_begin ] --END-- [ RunTime:0.000799s ]
NOTIC: [2] Missing argument 2 for Home\Controller\IndexController::getSublistByName(), called in /var/www/tp32/Application/Home/Controller/IndexController.class.php on line 138 and defined /var/www/tp32/Application/Home/Controller/IndexController.class.php 第 100 行.
SQL: SHOW COLUMNS FROM `t_relation_dd` [ RunTime:0.0016s ]
SQL: SELECT * FROM `t_relation_dd` WHERE ( name='二级导航' )  [ RunTime:0.0006s ]
NOTIC: [8] Undefined variable: limit /var/www/tp32/Application/Home/Controller/IndexController.class.php 第 104 行.
SQL: SELECT * FROM `t_relation_dd` WHERE ( pid=33 and show_status = 1 ) ORDER BY vsort asc  [ RunTime:0.0006s ]
SQL: SHOW COLUMNS FROM `t_relation_dd` [ RunTime:0.0013s ]
SQL: SELECT trd.pid as tpid,tzd.* FROM t_relation_dd trd LEFT JOIN t_zj_dd tzd on trd.id=tzd.pid  WHERE ( trd.name ='最新公告' and trd.show_status=1 and tzd.pubstatus=1 and tzd.showstatus=1 ) ORDER BY tzd.updatetime desc  [ RunTime:0.0071s ]
SQL: SHOW COLUMNS FROM `t_relation_dd` [ RunTime:0.0022s ]
SQL: SELECT trd.pid as tpid,tzd.* FROM t_relation_dd trd LEFT JOIN t_zj_dd tzd on trd.id=tzd.pid  WHERE ( trd.name ='最新信息' and trd.show_status=1 and tzd.pubstatus=1 and tzd.showstatus=1 ) ORDER BY tzd.updatetime desc LIMIT 5   [ RunTime:0.0101s ]
SQL: SELECT * FROM `t_relation_dd` WHERE ( pid=0 and name<>"二级导航" and name<>"妇幼保健" and name<>"公开" and name<>"就医指南-体检指南" and  show_status = 1 and jump_url is not null and jump_url<>"" ) ORDER BY vsort asc  [ RunTime:0.0008s ]
SQL: SHOW COLUMNS FROM `t_pic_manager_dd` [ RunTime:0.0013s ]
SQL: SELECT * FROM `t_pic_manager_dd` WHERE ( mid=6 ) ORDER BY vsort desc  [ RunTime:0.0008s ]
INFO: [ view_parse ] --START--
INFO: [ template_filter ] --START--
INFO: Run Behavior\ContentReplaceBehavior [ RunTime:0.000269s ]
INFO: [ template_filter ] --END-- [ RunTime:0.000448s ]
NOTIC: [8] Undefined offset: 0 /var/www/tp32/Application/Runtime/Cache/Home/2a94b8bda04ff446dcedd42276fc99ee.php 第 74 行.
NOTIC: [8] Undefined variable: affairpublic /var/www/tp32/Application/Runtime/Cache/Home/2a94b8bda04ff446dcedd42276fc99ee.php 第 74 行.
NOTIC: [8] Undefined offset: 0 /var/www/tp32/Application/Runtime/Cache/Home/2a94b8bda04ff446dcedd42276fc99ee.php 第 74 行.
NOTIC: [8] Undefined variable: affairpublic /var/www/tp32/Application/Runtime/Cache/Home/2a94b8bda04ff446dcedd42276fc99ee.php 第 74 行.
NOTIC: [8] Undefined variable: poypublic /var/www/tp32/Application/Runtime/Cache/Home/2a94b8bda04ff446dcedd42276fc99ee.php 第 74 行.
NOTIC: [8] Undefined variable: lzestablish /var/www/tp32/Application/Runtime/Cache/Home/2a94b8bda04ff446dcedd42276fc99ee.php 第 74 行.
NOTIC: [8] Undefined variable: specialistintro /var/www/tp32/Application/Runtime/Cache/Home/2a94b8bda04ff446dcedd42276fc99ee.php 第 74 行.
NOTIC: [8] Undefined variable: specialists /var/www/tp32/Application/Runtime/Cache/Home/2a94b8bda04ff446dcedd42276fc99ee.php 第 74 行.
NOTIC: [8] Undefined variable: serviceitem /var/www/tp32/Application/Runtime/Cache/Home/2a94b8bda04ff446dcedd42276fc99ee.php 第 166 行.
NOTIC: [8] Undefined variable: serviceitem /var/www/tp32/Application/Runtime/Cache/Home/2a94b8bda04ff446dcedd42276fc99ee.php 第 173 行.
NOTIC: [8] Undefined variable: fybjinfo /var/www/tp32/Application/Runtime/Cache/Home/2a94b8bda04ff446dcedd42276fc99ee.php 第 184 行.
NOTIC: [8] Undefined variable: affairpublic /var/www/tp32/Application/Runtime/Cache/Home/2a94b8bda04ff446dcedd42276fc99ee.php 第 216 行.
NOTIC: [8] Undefined variable: poypublic /var/www/tp32/Application/Runtime/Cache/Home/2a94b8bda04ff446dcedd42276fc99ee.php 第 227 行.
NOTIC: [8] Undefined variable: lzestablish /var/www/tp32/Application/Runtime/Cache/Home/2a94b8bda04ff446dcedd42276fc99ee.php 第 238 行.
NOTIC: [8] Undefined variable: specialists /var/www/tp32/Application/Runtime/Cache/Home/2a94b8bda04ff446dcedd42276fc99ee.php 第 265 行.
INFO: Run Behavior\ParseTemplateBehavior [ RunTime:0.017998s ]
INFO: [ view_parse ] --END-- [ RunTime:0.018043s ]
INFO: [ view_filter ] --START--
INFO: Run Behavior\WriteHtmlCacheBehavior [ RunTime:0.000256s ]
INFO: [ view_filter ] --END-- [ RunTime:0.000289s ]
INFO: [ app_end ] --START--
INFO: Run Behavior\ShowPageTraceBehavior [ RunTime:0.005848s ]
INFO: [ app_end ] --END-- [ RunTime:0.005913s ]

