[ 2018-10-22T11:01:40+08:00 ] 192.168.186.1 /tp32/index.php
INFO: [ app_init ] --START--
INFO: Run Behavior\BuildLiteBehavior [ RunTime:0.000112s ]
INFO: [ app_init ] --END-- [ RunTime:0.002154s ]
INFO: [ app_begin ] --START--
INFO: Run Behavior\ReadHtmlCacheBehavior [ RunTime:0.001570s ]
INFO: [ app_begin ] --END-- [ RunTime:0.001653s ]
NOTIC: [2] Missing argument 2 for Home\Controller\IndexController::getSublistByName(), called in /var/www/tp32/Application/Home/Controller/IndexController.class.php on line 138 and defined /var/www/tp32/Application/Home/Controller/IndexController.class.php 第 100 行.
SQL: SHOW COLUMNS FROM `t_relation_dd` [ RunTime:0.0498s ]
SQL: SELECT * FROM `t_relation_dd` WHERE ( name='二级导航' )  [ RunTime:0.0116s ]
NOTIC: [8] Undefined variable: limit /var/www/tp32/Application/Home/Controller/IndexController.class.php 第 104 行.
SQL: SELECT * FROM `t_relation_dd` WHERE ( pid=33 and show_status = 1 ) ORDER BY vsort asc  [ RunTime:0.0093s ]
SQL: SHOW COLUMNS FROM `t_relation_dd` [ RunTime:0.0018s ]
SQL: SELECT trd.pid as tpid,tzd.* FROM t_relation_dd trd LEFT JOIN t_zj_dd tzd on trd.id=tzd.pid  WHERE ( trd.name ='最新公告' and trd.show_status=1 and tzd.pubstatus=1 and tzd.showstatus=1 ) ORDER BY tzd.updatetime desc  [ RunTime:0.0854s ]
SQL: SHOW COLUMNS FROM `t_relation_dd` [ RunTime:0.0017s ]
SQL: SELECT trd.pid as tpid,tzd.* FROM t_relation_dd trd LEFT JOIN t_zj_dd tzd on trd.id=tzd.pid  WHERE ( trd.name ='最新信息' and trd.show_status=1 and tzd.pubstatus=1 and tzd.showstatus=1 ) ORDER BY tzd.updatetime desc LIMIT 5   [ RunTime:0.0067s ]
SQL: SELECT * FROM `t_relation_dd` WHERE ( pid=0 and name<>"二级导航" and name<>"妇幼保健" and name<>"公开" and name<>"就医指南-体检指南" and  show_status = 1 and jump_url is not null and jump_url<>"" ) ORDER BY vsort asc  [ RunTime:0.0010s ]
SQL: SHOW COLUMNS FROM `t_pic_manager_dd` [ RunTime:0.0198s ]
SQL: SELECT * FROM `t_pic_manager_dd` WHERE ( mid=6 ) ORDER BY vsort desc  [ RunTime:0.0020s ]
INFO: [ view_parse ] --START--
INFO: [ template_filter ] --START--
INFO: Run Behavior\ContentReplaceBehavior [ RunTime:0.001851s ]
INFO: [ template_filter ] --END-- [ RunTime:0.001934s ]
NOTIC: [8] Undefined offset: 0 /var/www/tp32/Application/Runtime/Cache/Home/2a94b8bda04ff446dcedd42276fc99ee.php 第 70 行.
NOTIC: [8] Undefined variable: affairpublic /var/www/tp32/Application/Runtime/Cache/Home/2a94b8bda04ff446dcedd42276fc99ee.php 第 70 行.
NOTIC: [8] Undefined offset: 0 /var/www/tp32/Application/Runtime/Cache/Home/2a94b8bda04ff446dcedd42276fc99ee.php 第 70 行.
NOTIC: [8] Undefined variable: affairpublic /var/www/tp32/Application/Runtime/Cache/Home/2a94b8bda04ff446dcedd42276fc99ee.php 第 70 行.
NOTIC: [8] Undefined variable: poypublic /var/www/tp32/Application/Runtime/Cache/Home/2a94b8bda04ff446dcedd42276fc99ee.php 第 70 行.
NOTIC: [8] Undefined variable: lzestablish /var/www/tp32/Application/Runtime/Cache/Home/2a94b8bda04ff446dcedd42276fc99ee.php 第 70 行.
NOTIC: [8] Undefined variable: specialistintro /var/www/tp32/Application/Runtime/Cache/Home/2a94b8bda04ff446dcedd42276fc99ee.php 第 70 行.
NOTIC: [8] Undefined variable: specialists /var/www/tp32/Application/Runtime/Cache/Home/2a94b8bda04ff446dcedd42276fc99ee.php 第 70 行.
NOTIC: [8] Undefined variable: serviceitem /var/www/tp32/Application/Runtime/Cache/Home/2a94b8bda04ff446dcedd42276fc99ee.php 第 162 行.
NOTIC: [8] Undefined variable: serviceitem /var/www/tp32/Application/Runtime/Cache/Home/2a94b8bda04ff446dcedd42276fc99ee.php 第 169 行.
NOTIC: [8] Undefined variable: fybjinfo /var/www/tp32/Application/Runtime/Cache/Home/2a94b8bda04ff446dcedd42276fc99ee.php 第 180 行.
NOTIC: [8] Undefined variable: affairpublic /var/www/tp32/Application/Runtime/Cache/Home/2a94b8bda04ff446dcedd42276fc99ee.php 第 212 行.
NOTIC: [8] Undefined variable: poypublic /var/www/tp32/Application/Runtime/Cache/Home/2a94b8bda04ff446dcedd42276fc99ee.php 第 223 行.
NOTIC: [8] Undefined variable: lzestablish /var/www/tp32/Application/Runtime/Cache/Home/2a94b8bda04ff446dcedd42276fc99ee.php 第 234 行.
NOTIC: [8] Undefined variable: specialists /var/www/tp32/Application/Runtime/Cache/Home/2a94b8bda04ff446dcedd42276fc99ee.php 第 261 行.
INFO: Run Behavior\ParseTemplateBehavior [ RunTime:0.065200s ]
INFO: [ view_parse ] --END-- [ RunTime:0.065250s ]
INFO: [ view_filter ] --START--
INFO: Run Behavior\WriteHtmlCacheBehavior [ RunTime:0.001861s ]
INFO: [ view_filter ] --END-- [ RunTime:0.001949s ]
INFO: [ app_end ] --START--
INFO: Run Behavior\ShowPageTraceBehavior [ RunTime:0.001955s ]
INFO: [ app_end ] --END-- [ RunTime:0.002035s ]

[ 2018-10-22T11:01:41+08:00 ] 192.168.186.1 /tp32/index.php
INFO: [ app_init ] --START--
INFO: Run Behavior\BuildLiteBehavior [ RunTime:0.000017s ]
INFO: [ app_init ] --END-- [ RunTime:0.000760s ]
INFO: [ app_begin ] --START--
INFO: Run Behavior\ReadHtmlCacheBehavior [ RunTime:0.000553s ]
INFO: [ app_begin ] --END-- [ RunTime:0.000624s ]
NOTIC: [2] Missing argument 2 for Home\Controller\IndexController::getSublistByName(), called in /var/www/tp32/Application/Home/Controller/IndexController.class.php on line 138 and defined /var/www/tp32/Application/Home/Controller/IndexController.class.php 第 100 行.
SQL: SHOW COLUMNS FROM `t_relation_dd` [ RunTime:0.0021s ]
SQL: SELECT * FROM `t_relation_dd` WHERE ( name='二级导航' )  [ RunTime:0.0008s ]
NOTIC: [8] Undefined variable: limit /var/www/tp32/Application/Home/Controller/IndexController.class.php 第 104 行.
SQL: SELECT * FROM `t_relation_dd` WHERE ( pid=33 and show_status = 1 ) ORDER BY vsort asc  [ RunTime:0.0007s ]
SQL: SHOW COLUMNS FROM `t_relation_dd` [ RunTime:0.0018s ]
SQL: SELECT trd.pid as tpid,tzd.* FROM t_relation_dd trd LEFT JOIN t_zj_dd tzd on trd.id=tzd.pid  WHERE ( trd.name ='最新公告' and trd.show_status=1 and tzd.pubstatus=1 and tzd.showstatus=1 ) ORDER BY tzd.updatetime desc  [ RunTime:0.0065s ]
SQL: SHOW COLUMNS FROM `t_relation_dd` [ RunTime:0.0017s ]
SQL: SELECT trd.pid as tpid,tzd.* FROM t_relation_dd trd LEFT JOIN t_zj_dd tzd on trd.id=tzd.pid  WHERE ( trd.name ='最新信息' and trd.show_status=1 and tzd.pubstatus=1 and tzd.showstatus=1 ) ORDER BY tzd.updatetime desc LIMIT 5   [ RunTime:0.0084s ]
SQL: SELECT * FROM `t_relation_dd` WHERE ( pid=0 and name<>"二级导航" and name<>"妇幼保健" and name<>"公开" and name<>"就医指南-体检指南" and  show_status = 1 and jump_url is not null and jump_url<>"" ) ORDER BY vsort asc  [ RunTime:0.0009s ]
SQL: SHOW COLUMNS FROM `t_pic_manager_dd` [ RunTime:0.0018s ]
SQL: SELECT * FROM `t_pic_manager_dd` WHERE ( mid=6 ) ORDER BY vsort desc  [ RunTime:0.0009s ]
INFO: [ view_parse ] --START--
INFO: [ template_filter ] --START--
INFO: Run Behavior\ContentReplaceBehavior [ RunTime:0.000270s ]
INFO: [ template_filter ] --END-- [ RunTime:0.000335s ]
NOTIC: [8] Undefined offset: 0 /var/www/tp32/Application/Runtime/Cache/Home/2a94b8bda04ff446dcedd42276fc99ee.php 第 70 行.
NOTIC: [8] Undefined variable: affairpublic /var/www/tp32/Application/Runtime/Cache/Home/2a94b8bda04ff446dcedd42276fc99ee.php 第 70 行.
NOTIC: [8] Undefined offset: 0 /var/www/tp32/Application/Runtime/Cache/Home/2a94b8bda04ff446dcedd42276fc99ee.php 第 70 行.
NOTIC: [8] Undefined variable: affairpublic /var/www/tp32/Application/Runtime/Cache/Home/2a94b8bda04ff446dcedd42276fc99ee.php 第 70 行.
NOTIC: [8] Undefined variable: poypublic /var/www/tp32/Application/Runtime/Cache/Home/2a94b8bda04ff446dcedd42276fc99ee.php 第 70 行.
NOTIC: [8] Undefined variable: lzestablish /var/www/tp32/Application/Runtime/Cache/Home/2a94b8bda04ff446dcedd42276fc99ee.php 第 70 行.
NOTIC: [8] Undefined variable: specialistintro /var/www/tp32/Application/Runtime/Cache/Home/2a94b8bda04ff446dcedd42276fc99ee.php 第 70 行.
NOTIC: [8] Undefined variable: specialists /var/www/tp32/Application/Runtime/Cache/Home/2a94b8bda04ff446dcedd42276fc99ee.php 第 70 行.
NOTIC: [8] Undefined variable: serviceitem /var/www/tp32/Application/Runtime/Cache/Home/2a94b8bda04ff446dcedd42276fc99ee.php 第 162 行.
NOTIC: [8] Undefined variable: serviceitem /var/www/tp32/Application/Runtime/Cache/Home/2a94b8bda04ff446dcedd42276fc99ee.php 第 169 行.
NOTIC: [8] Undefined variable: fybjinfo /var/www/tp32/Application/Runtime/Cache/Home/2a94b8bda04ff446dcedd42276fc99ee.php 第 180 行.
NOTIC: [8] Undefined variable: affairpublic /var/www/tp32/Application/Runtime/Cache/Home/2a94b8bda04ff446dcedd42276fc99ee.php 第 212 行.
NOTIC: [8] Undefined variable: poypublic /var/www/tp32/Application/Runtime/Cache/Home/2a94b8bda04ff446dcedd42276fc99ee.php 第 223 行.
NOTIC: [8] Undefined variable: lzestablish /var/www/tp32/Application/Runtime/Cache/Home/2a94b8bda04ff446dcedd42276fc99ee.php 第 234 行.
NOTIC: [8] Undefined variable: specialists /var/www/tp32/Application/Runtime/Cache/Home/2a94b8bda04ff446dcedd42276fc99ee.php 第 261 行.
INFO: Run Behavior\ParseTemplateBehavior [ RunTime:0.086010s ]
INFO: [ view_parse ] --END-- [ RunTime:0.086058s ]
INFO: [ view_filter ] --START--
INFO: Run Behavior\WriteHtmlCacheBehavior [ RunTime:0.000358s ]
INFO: [ view_filter ] --END-- [ RunTime:0.000384s ]
INFO: [ app_end ] --START--
INFO: Run Behavior\ShowPageTraceBehavior [ RunTime:0.000901s ]
INFO: [ app_end ] --END-- [ RunTime:0.000967s ]

