[ 2018-11-17T08:33:42+08:00 ] 192.168.186.1 /main/index.php/images/aut_icon.png
INFO: [ app_init ] --START--
INFO: Run Behavior\BuildLiteBehavior [ RunTime:0.000017s ]
INFO: [ app_init ] --END-- [ RunTime:0.000494s ]

[ 2018-11-17T08:49:02+08:00 ] 192.168.186.1 /main/index.php/images/aut_icon.png
INFO: [ app_init ] --START--
INFO: Run Behavior\BuildLiteBehavior [ RunTime:0.000012s ]
INFO: [ app_init ] --END-- [ RunTime:0.000368s ]

[ 2018-11-17T08:54:17+08:00 ] 192.168.186.1 /main/index.php
INFO: [ app_init ] --START--
INFO: Run Behavior\BuildLiteBehavior [ RunTime:0.000050s ]
INFO: [ app_init ] --END-- [ RunTime:0.000485s ]
INFO: [ app_begin ] --START--
INFO: Run Behavior\ReadHtmlCacheBehavior [ RunTime:0.000506s ]
INFO: [ app_begin ] --END-- [ RunTime:0.000532s ]
SQL: SHOW COLUMNS FROM `t_relation_dd` [ RunTime:0.0033s ]
SQL: SELECT * FROM `t_relation_dd` WHERE ( name='二级导航' )  [ RunTime:0.0038s ]
SQL: SHOW COLUMNS FROM `t_relation_dd` [ RunTime:0.0048s ]
SQL: SELECT trd.pid as tpid,tzd.* FROM t_relation_dd trd LEFT JOIN t_zj_dd tzd on trd.id=tzd.pid  WHERE ( trd.name ='最新公告' and trd.show_status=1 and tzd.pubstatus=1 and tzd.showstatus=1 ) ORDER BY tzd.updatetime desc  [ RunTime:0.0008s ]
SQL: SHOW COLUMNS FROM `t_relation_dd` [ RunTime:0.0056s ]
SQL: SELECT trd.pid as tpid,tzd.* FROM t_relation_dd trd LEFT JOIN t_zj_dd tzd on trd.id=tzd.pid  WHERE ( trd.name ='最新信息' and trd.show_status=1 and tzd.pubstatus=1 and tzd.showstatus=1 ) ORDER BY tzd.updatetime desc LIMIT 5   [ RunTime:0.0025s ]
SQL: SELECT * FROM `t_relation_dd` WHERE ( pid=0 ) ORDER BY vsort asc  [ RunTime:0.0025s ]
SQL: SHOW COLUMNS FROM `t_pic_manager_dd` [ RunTime:0.0024s ]
SQL: SELECT * FROM `t_pic_manager_dd` WHERE ( mid=6 ) ORDER BY vsort desc  [ RunTime:0.0058s ]
INFO: [ view_parse ] --START--
INFO: [ template_filter ] --START--
INFO: Run Behavior\ContentReplaceBehavior [ RunTime:0.000192s ]
INFO: [ template_filter ] --END-- [ RunTime:0.000250s ]
NOTIC: [8] Undefined offset: 0 /var/www/main/Application/Runtime/Cache/Home/2a94b8bda04ff446dcedd42276fc99ee.php 第 77 行.
NOTIC: [8] Undefined variable: affairpublic /var/www/main/Application/Runtime/Cache/Home/2a94b8bda04ff446dcedd42276fc99ee.php 第 77 行.
NOTIC: [8] Undefined offset: 0 /var/www/main/Application/Runtime/Cache/Home/2a94b8bda04ff446dcedd42276fc99ee.php 第 77 行.
NOTIC: [8] Undefined variable: affairpublic /var/www/main/Application/Runtime/Cache/Home/2a94b8bda04ff446dcedd42276fc99ee.php 第 77 行.
NOTIC: [8] Undefined variable: poypublic /var/www/main/Application/Runtime/Cache/Home/2a94b8bda04ff446dcedd42276fc99ee.php 第 77 行.
NOTIC: [8] Undefined variable: lzestablish /var/www/main/Application/Runtime/Cache/Home/2a94b8bda04ff446dcedd42276fc99ee.php 第 77 行.
NOTIC: [8] Undefined variable: specialistintro /var/www/main/Application/Runtime/Cache/Home/2a94b8bda04ff446dcedd42276fc99ee.php 第 77 行.
NOTIC: [8] Undefined variable: specialists /var/www/main/Application/Runtime/Cache/Home/2a94b8bda04ff446dcedd42276fc99ee.php 第 77 行.
NOTIC: [2] count(): Parameter must be an array or an object that implements Countable /var/www/main/Application/Runtime/Cache/Home/2a94b8bda04ff446dcedd42276fc99ee.php 第 77 行.
NOTIC: [8] Undefined variable: serviceitem /var/www/main/Application/Runtime/Cache/Home/2a94b8bda04ff446dcedd42276fc99ee.php 第 169 行.
NOTIC: [8] Undefined variable: serviceitem /var/www/main/Application/Runtime/Cache/Home/2a94b8bda04ff446dcedd42276fc99ee.php 第 176 行.
NOTIC: [8] Undefined variable: fybjinfo /var/www/main/Application/Runtime/Cache/Home/2a94b8bda04ff446dcedd42276fc99ee.php 第 187 行.
NOTIC: [8] Undefined variable: affairpublic /var/www/main/Application/Runtime/Cache/Home/2a94b8bda04ff446dcedd42276fc99ee.php 第 219 行.
NOTIC: [8] Undefined variable: poypublic /var/www/main/Application/Runtime/Cache/Home/2a94b8bda04ff446dcedd42276fc99ee.php 第 230 行.
NOTIC: [8] Undefined variable: lzestablish /var/www/main/Application/Runtime/Cache/Home/2a94b8bda04ff446dcedd42276fc99ee.php 第 241 行.
NOTIC: [8] Undefined variable: specialists /var/www/main/Application/Runtime/Cache/Home/2a94b8bda04ff446dcedd42276fc99ee.php 第 268 行.
INFO: Run Behavior\ParseTemplateBehavior [ RunTime:0.037974s ]
INFO: [ view_parse ] --END-- [ RunTime:0.038016s ]
INFO: [ view_filter ] --START--
INFO: Run Behavior\WriteHtmlCacheBehavior [ RunTime:0.000287s ]
INFO: [ view_filter ] --END-- [ RunTime:0.000304s ]
INFO: [ app_end ] --START--
INFO: Run Behavior\ShowPageTraceBehavior [ RunTime:0.000772s ]
INFO: [ app_end ] --END-- [ RunTime:0.000802s ]

[ 2018-11-17T08:54:30+08:00 ] 192.168.186.1 /main/index.php/images/aut_icon.png
INFO: [ app_init ] --START--
INFO: Run Behavior\BuildLiteBehavior [ RunTime:0.000011s ]
INFO: [ app_init ] --END-- [ RunTime:0.000384s ]

[ 2018-11-17T08:54:33+08:00 ] 192.168.186.1 /main/index.php/images/aut_icon.png
INFO: [ app_init ] --START--
INFO: Run Behavior\BuildLiteBehavior [ RunTime:0.000028s ]
INFO: [ app_init ] --END-- [ RunTime:0.000858s ]

[ 2018-11-17T08:54:33+08:00 ] 192.168.186.1 /main/index.php/images/aut_icon.png
INFO: [ app_init ] --START--
INFO: Run Behavior\BuildLiteBehavior [ RunTime:0.000012s ]
INFO: [ app_init ] --END-- [ RunTime:0.000371s ]

[ 2018-11-17T08:54:34+08:00 ] 192.168.186.1 /main/index.php/images/aut_icon.png
INFO: [ app_init ] --START--
INFO: Run Behavior\BuildLiteBehavior [ RunTime:0.000016s ]
INFO: [ app_init ] --END-- [ RunTime:0.000429s ]

[ 2018-11-17T08:54:45+08:00 ] 192.168.186.1 /main/index.php
INFO: [ app_init ] --START--
INFO: Run Behavior\BuildLiteBehavior [ RunTime:0.000014s ]
INFO: [ app_init ] --END-- [ RunTime:0.000368s ]
INFO: [ app_begin ] --START--
INFO: Run Behavior\ReadHtmlCacheBehavior [ RunTime:0.000559s ]
INFO: [ app_begin ] --END-- [ RunTime:0.000583s ]
SQL: SHOW COLUMNS FROM `t_relation_dd` [ RunTime:0.0039s ]
SQL: SELECT * FROM `t_relation_dd` WHERE ( name='二级导航' )  [ RunTime:0.0008s ]
SQL: SHOW COLUMNS FROM `t_relation_dd` [ RunTime:0.0019s ]
SQL: SELECT trd.pid as tpid,tzd.* FROM t_relation_dd trd LEFT JOIN t_zj_dd tzd on trd.id=tzd.pid  WHERE ( trd.name ='最新公告' and trd.show_status=1 and tzd.pubstatus=1 and tzd.showstatus=1 ) ORDER BY tzd.updatetime desc  [ RunTime:0.0006s ]
SQL: SHOW COLUMNS FROM `t_relation_dd` [ RunTime:0.0015s ]
SQL: SELECT trd.pid as tpid,tzd.* FROM t_relation_dd trd LEFT JOIN t_zj_dd tzd on trd.id=tzd.pid  WHERE ( trd.name ='最新信息' and trd.show_status=1 and tzd.pubstatus=1 and tzd.showstatus=1 ) ORDER BY tzd.updatetime desc LIMIT 5   [ RunTime:0.0007s ]
SQL: SELECT * FROM `t_relation_dd` WHERE ( pid=0 ) ORDER BY vsort asc  [ RunTime:0.0006s ]
SQL: SHOW COLUMNS FROM `t_pic_manager_dd` [ RunTime:0.0022s ]
SQL: SELECT * FROM `t_pic_manager_dd` WHERE ( mid=6 ) ORDER BY vsort desc  [ RunTime:0.0010s ]
INFO: [ view_parse ] --START--
INFO: [ template_filter ] --START--
INFO: Run Behavior\ContentReplaceBehavior [ RunTime:0.000114s ]
INFO: [ template_filter ] --END-- [ RunTime:0.000202s ]
NOTIC: [8] Undefined offset: 0 /var/www/main/Application/Runtime/Cache/Home/2a94b8bda04ff446dcedd42276fc99ee.php 第 77 行.
NOTIC: [8] Undefined variable: affairpublic /var/www/main/Application/Runtime/Cache/Home/2a94b8bda04ff446dcedd42276fc99ee.php 第 77 行.
NOTIC: [8] Undefined offset: 0 /var/www/main/Application/Runtime/Cache/Home/2a94b8bda04ff446dcedd42276fc99ee.php 第 77 行.
NOTIC: [8] Undefined variable: affairpublic /var/www/main/Application/Runtime/Cache/Home/2a94b8bda04ff446dcedd42276fc99ee.php 第 77 行.
NOTIC: [8] Undefined variable: poypublic /var/www/main/Application/Runtime/Cache/Home/2a94b8bda04ff446dcedd42276fc99ee.php 第 77 行.
NOTIC: [8] Undefined variable: lzestablish /var/www/main/Application/Runtime/Cache/Home/2a94b8bda04ff446dcedd42276fc99ee.php 第 77 行.
NOTIC: [8] Undefined variable: specialistintro /var/www/main/Application/Runtime/Cache/Home/2a94b8bda04ff446dcedd42276fc99ee.php 第 77 行.
NOTIC: [8] Undefined variable: specialists /var/www/main/Application/Runtime/Cache/Home/2a94b8bda04ff446dcedd42276fc99ee.php 第 77 行.
NOTIC: [2] count(): Parameter must be an array or an object that implements Countable /var/www/main/Application/Runtime/Cache/Home/2a94b8bda04ff446dcedd42276fc99ee.php 第 77 行.
NOTIC: [8] Undefined variable: serviceitem /var/www/main/Application/Runtime/Cache/Home/2a94b8bda04ff446dcedd42276fc99ee.php 第 169 行.
NOTIC: [8] Undefined variable: serviceitem /var/www/main/Application/Runtime/Cache/Home/2a94b8bda04ff446dcedd42276fc99ee.php 第 176 行.
NOTIC: [8] Undefined variable: fybjinfo /var/www/main/Application/Runtime/Cache/Home/2a94b8bda04ff446dcedd42276fc99ee.php 第 187 行.
NOTIC: [8] Undefined variable: affairpublic /var/www/main/Application/Runtime/Cache/Home/2a94b8bda04ff446dcedd42276fc99ee.php 第 219 行.
NOTIC: [8] Undefined variable: poypublic /var/www/main/Application/Runtime/Cache/Home/2a94b8bda04ff446dcedd42276fc99ee.php 第 230 行.
NOTIC: [8] Undefined variable: lzestablish /var/www/main/Application/Runtime/Cache/Home/2a94b8bda04ff446dcedd42276fc99ee.php 第 241 行.
NOTIC: [8] Undefined variable: specialists /var/www/main/Application/Runtime/Cache/Home/2a94b8bda04ff446dcedd42276fc99ee.php 第 268 行.
INFO: Run Behavior\ParseTemplateBehavior [ RunTime:0.025599s ]
INFO: [ view_parse ] --END-- [ RunTime:0.025639s ]
INFO: [ view_filter ] --START--
INFO: Run Behavior\WriteHtmlCacheBehavior [ RunTime:0.000311s ]
INFO: [ view_filter ] --END-- [ RunTime:0.000327s ]
INFO: [ app_end ] --START--
INFO: Run Behavior\ShowPageTraceBehavior [ RunTime:0.001214s ]
INFO: [ app_end ] --END-- [ RunTime:0.001308s ]

[ 2018-11-17T08:54:47+08:00 ] 192.168.186.1 /main/index.php
INFO: [ app_init ] --START--
INFO: Run Behavior\BuildLiteBehavior [ RunTime:0.000014s ]
INFO: [ app_init ] --END-- [ RunTime:0.000463s ]
INFO: [ app_begin ] --START--
INFO: Run Behavior\ReadHtmlCacheBehavior [ RunTime:0.000556s ]
INFO: [ app_begin ] --END-- [ RunTime:0.000577s ]
SQL: SHOW COLUMNS FROM `t_relation_dd` [ RunTime:0.0017s ]
SQL: SELECT * FROM `t_relation_dd` WHERE ( name='二级导航' )  [ RunTime:0.0004s ]
SQL: SHOW COLUMNS FROM `t_relation_dd` [ RunTime:0.0017s ]
SQL: SELECT trd.pid as tpid,tzd.* FROM t_relation_dd trd LEFT JOIN t_zj_dd tzd on trd.id=tzd.pid  WHERE ( trd.name ='最新公告' and trd.show_status=1 and tzd.pubstatus=1 and tzd.showstatus=1 ) ORDER BY tzd.updatetime desc  [ RunTime:0.0008s ]
SQL: SHOW COLUMNS FROM `t_relation_dd` [ RunTime:0.0016s ]
SQL: SELECT trd.pid as tpid,tzd.* FROM t_relation_dd trd LEFT JOIN t_zj_dd tzd on trd.id=tzd.pid  WHERE ( trd.name ='最新信息' and trd.show_status=1 and tzd.pubstatus=1 and tzd.showstatus=1 ) ORDER BY tzd.updatetime desc LIMIT 5   [ RunTime:0.0005s ]
SQL: SELECT * FROM `t_relation_dd` WHERE ( pid=0 ) ORDER BY vsort asc  [ RunTime:0.0006s ]
SQL: SHOW COLUMNS FROM `t_pic_manager_dd` [ RunTime:0.0018s ]
SQL: SELECT * FROM `t_pic_manager_dd` WHERE ( mid=6 ) ORDER BY vsort desc  [ RunTime:0.0006s ]
INFO: [ view_parse ] --START--
INFO: [ template_filter ] --START--
INFO: Run Behavior\ContentReplaceBehavior [ RunTime:0.000105s ]
INFO: [ template_filter ] --END-- [ RunTime:0.000152s ]
NOTIC: [8] Undefined offset: 0 /var/www/main/Application/Runtime/Cache/Home/2a94b8bda04ff446dcedd42276fc99ee.php 第 77 行.
NOTIC: [8] Undefined variable: affairpublic /var/www/main/Application/Runtime/Cache/Home/2a94b8bda04ff446dcedd42276fc99ee.php 第 77 行.
NOTIC: [8] Undefined offset: 0 /var/www/main/Application/Runtime/Cache/Home/2a94b8bda04ff446dcedd42276fc99ee.php 第 77 行.
NOTIC: [8] Undefined variable: affairpublic /var/www/main/Application/Runtime/Cache/Home/2a94b8bda04ff446dcedd42276fc99ee.php 第 77 行.
NOTIC: [8] Undefined variable: poypublic /var/www/main/Application/Runtime/Cache/Home/2a94b8bda04ff446dcedd42276fc99ee.php 第 77 行.
NOTIC: [8] Undefined variable: lzestablish /var/www/main/Application/Runtime/Cache/Home/2a94b8bda04ff446dcedd42276fc99ee.php 第 77 行.
NOTIC: [8] Undefined variable: specialistintro /var/www/main/Application/Runtime/Cache/Home/2a94b8bda04ff446dcedd42276fc99ee.php 第 77 行.
NOTIC: [8] Undefined variable: specialists /var/www/main/Application/Runtime/Cache/Home/2a94b8bda04ff446dcedd42276fc99ee.php 第 77 行.
NOTIC: [2] count(): Parameter must be an array or an object that implements Countable /var/www/main/Application/Runtime/Cache/Home/2a94b8bda04ff446dcedd42276fc99ee.php 第 77 行.
NOTIC: [8] Undefined variable: serviceitem /var/www/main/Application/Runtime/Cache/Home/2a94b8bda04ff446dcedd42276fc99ee.php 第 169 行.
NOTIC: [8] Undefined variable: serviceitem /var/www/main/Application/Runtime/Cache/Home/2a94b8bda04ff446dcedd42276fc99ee.php 第 176 行.
NOTIC: [8] Undefined variable: fybjinfo /var/www/main/Application/Runtime/Cache/Home/2a94b8bda04ff446dcedd42276fc99ee.php 第 187 行.
NOTIC: [8] Undefined variable: affairpublic /var/www/main/Application/Runtime/Cache/Home/2a94b8bda04ff446dcedd42276fc99ee.php 第 219 行.
NOTIC: [8] Undefined variable: poypublic /var/www/main/Application/Runtime/Cache/Home/2a94b8bda04ff446dcedd42276fc99ee.php 第 230 行.
NOTIC: [8] Undefined variable: lzestablish /var/www/main/Application/Runtime/Cache/Home/2a94b8bda04ff446dcedd42276fc99ee.php 第 241 行.
NOTIC: [8] Undefined variable: specialists /var/www/main/Application/Runtime/Cache/Home/2a94b8bda04ff446dcedd42276fc99ee.php 第 268 行.
INFO: Run Behavior\ParseTemplateBehavior [ RunTime:0.015524s ]
INFO: [ view_parse ] --END-- [ RunTime:0.015561s ]
INFO: [ view_filter ] --START--
INFO: Run Behavior\WriteHtmlCacheBehavior [ RunTime:0.000231s ]
INFO: [ view_filter ] --END-- [ RunTime:0.000252s ]
INFO: [ app_end ] --START--
INFO: Run Behavior\ShowPageTraceBehavior [ RunTime:0.000781s ]
INFO: [ app_end ] --END-- [ RunTime:0.000836s ]

[ 2018-11-17T08:54:47+08:00 ] 192.168.186.1 /main/index.php
INFO: [ app_init ] --START--
INFO: Run Behavior\BuildLiteBehavior [ RunTime:0.000014s ]
INFO: [ app_init ] --END-- [ RunTime:0.000280s ]
INFO: [ app_begin ] --START--
INFO: Run Behavior\ReadHtmlCacheBehavior [ RunTime:0.000543s ]
INFO: [ app_begin ] --END-- [ RunTime:0.000570s ]
SQL: SHOW COLUMNS FROM `t_relation_dd` [ RunTime:0.0023s ]
SQL: SELECT * FROM `t_relation_dd` WHERE ( name='二级导航' )  [ RunTime:0.0005s ]
SQL: SHOW COLUMNS FROM `t_relation_dd` [ RunTime:0.0050s ]
SQL: SELECT trd.pid as tpid,tzd.* FROM t_relation_dd trd LEFT JOIN t_zj_dd tzd on trd.id=tzd.pid  WHERE ( trd.name ='最新公告' and trd.show_status=1 and tzd.pubstatus=1 and tzd.showstatus=1 ) ORDER BY tzd.updatetime desc  [ RunTime:0.0015s ]
SQL: SHOW COLUMNS FROM `t_relation_dd` [ RunTime:0.0023s ]
SQL: SELECT trd.pid as tpid,tzd.* FROM t_relation_dd trd LEFT JOIN t_zj_dd tzd on trd.id=tzd.pid  WHERE ( trd.name ='最新信息' and trd.show_status=1 and tzd.pubstatus=1 and tzd.showstatus=1 ) ORDER BY tzd.updatetime desc LIMIT 5   [ RunTime:0.0008s ]
SQL: SELECT * FROM `t_relation_dd` WHERE ( pid=0 ) ORDER BY vsort asc  [ RunTime:0.0004s ]
SQL: SHOW COLUMNS FROM `t_pic_manager_dd` [ RunTime:0.0025s ]
SQL: SELECT * FROM `t_pic_manager_dd` WHERE ( mid=6 ) ORDER BY vsort desc  [ RunTime:0.0009s ]
INFO: [ view_parse ] --START--
INFO: [ template_filter ] --START--
INFO: Run Behavior\ContentReplaceBehavior [ RunTime:0.000276s ]
INFO: [ template_filter ] --END-- [ RunTime:0.000325s ]
NOTIC: [8] Undefined offset: 0 /var/www/main/Application/Runtime/Cache/Home/2a94b8bda04ff446dcedd42276fc99ee.php 第 77 行.
NOTIC: [8] Undefined variable: affairpublic /var/www/main/Application/Runtime/Cache/Home/2a94b8bda04ff446dcedd42276fc99ee.php 第 77 行.
NOTIC: [8] Undefined offset: 0 /var/www/main/Application/Runtime/Cache/Home/2a94b8bda04ff446dcedd42276fc99ee.php 第 77 行.
NOTIC: [8] Undefined variable: affairpublic /var/www/main/Application/Runtime/Cache/Home/2a94b8bda04ff446dcedd42276fc99ee.php 第 77 行.
NOTIC: [8] Undefined variable: poypublic /var/www/main/Application/Runtime/Cache/Home/2a94b8bda04ff446dcedd42276fc99ee.php 第 77 行.
NOTIC: [8] Undefined variable: lzestablish /var/www/main/Application/Runtime/Cache/Home/2a94b8bda04ff446dcedd42276fc99ee.php 第 77 行.
NOTIC: [8] Undefined variable: specialistintro /var/www/main/Application/Runtime/Cache/Home/2a94b8bda04ff446dcedd42276fc99ee.php 第 77 行.
NOTIC: [8] Undefined variable: specialists /var/www/main/Application/Runtime/Cache/Home/2a94b8bda04ff446dcedd42276fc99ee.php 第 77 行.
NOTIC: [2] count(): Parameter must be an array or an object that implements Countable /var/www/main/Application/Runtime/Cache/Home/2a94b8bda04ff446dcedd42276fc99ee.php 第 77 行.
NOTIC: [8] Undefined variable: serviceitem /var/www/main/Application/Runtime/Cache/Home/2a94b8bda04ff446dcedd42276fc99ee.php 第 169 行.
NOTIC: [8] Undefined variable: serviceitem /var/www/main/Application/Runtime/Cache/Home/2a94b8bda04ff446dcedd42276fc99ee.php 第 176 行.
NOTIC: [8] Undefined variable: fybjinfo /var/www/main/Application/Runtime/Cache/Home/2a94b8bda04ff446dcedd42276fc99ee.php 第 187 行.
NOTIC: [8] Undefined variable: affairpublic /var/www/main/Application/Runtime/Cache/Home/2a94b8bda04ff446dcedd42276fc99ee.php 第 219 行.
NOTIC: [8] Undefined variable: poypublic /var/www/main/Application/Runtime/Cache/Home/2a94b8bda04ff446dcedd42276fc99ee.php 第 230 行.
NOTIC: [8] Undefined variable: lzestablish /var/www/main/Application/Runtime/Cache/Home/2a94b8bda04ff446dcedd42276fc99ee.php 第 241 行.
NOTIC: [8] Undefined variable: specialists /var/www/main/Application/Runtime/Cache/Home/2a94b8bda04ff446dcedd42276fc99ee.php 第 268 行.
INFO: Run Behavior\ParseTemplateBehavior [ RunTime:0.019649s ]
INFO: [ view_parse ] --END-- [ RunTime:0.019756s ]
INFO: [ view_filter ] --START--
INFO: Run Behavior\WriteHtmlCacheBehavior [ RunTime:0.000238s ]
INFO: [ view_filter ] --END-- [ RunTime:0.000259s ]
INFO: [ app_end ] --START--
INFO: Run Behavior\ShowPageTraceBehavior [ RunTime:0.000696s ]
INFO: [ app_end ] --END-- [ RunTime:0.000728s ]

[ 2018-11-17T08:55:44+08:00 ] 192.168.186.1 /main/index.php/images/aut_icon.png
INFO: [ app_init ] --START--
INFO: Run Behavior\BuildLiteBehavior [ RunTime:0.000015s ]
INFO: [ app_init ] --END-- [ RunTime:0.000424s ]

[ 2018-11-17T08:55:45+08:00 ] 192.168.186.1 /main/index.php/images/aut_icon.png
INFO: [ app_init ] --START--
INFO: Run Behavior\BuildLiteBehavior [ RunTime:0.000015s ]
INFO: [ app_init ] --END-- [ RunTime:0.000492s ]

[ 2018-11-17T09:20:05+08:00 ] 192.168.186.1 /main/index.php/images/aut_icon.png
INFO: [ app_init ] --START--
INFO: Run Behavior\BuildLiteBehavior [ RunTime:0.000017s ]
INFO: [ app_init ] --END-- [ RunTime:0.000542s ]

[ 2018-11-17T14:21:27+08:00 ] 192.168.186.1 /main/index.php
INFO: [ app_init ] --START--
INFO: Run Behavior\BuildLiteBehavior [ RunTime:0.000021s ]
INFO: [ app_init ] --END-- [ RunTime:0.000495s ]
INFO: [ app_begin ] --START--
INFO: Run Behavior\ReadHtmlCacheBehavior [ RunTime:0.000799s ]
INFO: [ app_begin ] --END-- [ RunTime:0.000850s ]
SQL: SHOW COLUMNS FROM `t_relation_dd` [ RunTime:0.0519s ]
SQL: SELECT * FROM `t_relation_dd` WHERE ( name='二级导航' )  [ RunTime:0.0079s ]
SQL: SHOW COLUMNS FROM `t_relation_dd` [ RunTime:0.0063s ]
SQL: SELECT trd.pid as tpid,tzd.* FROM t_relation_dd trd LEFT JOIN t_zj_dd tzd on trd.id=tzd.pid  WHERE ( trd.name ='最新公告' and trd.show_status=1 and tzd.pubstatus=1 and tzd.showstatus=1 ) ORDER BY tzd.updatetime desc  [ RunTime:0.0012s ]
SQL: SHOW COLUMNS FROM `t_relation_dd` [ RunTime:0.0025s ]
SQL: SELECT trd.pid as tpid,tzd.* FROM t_relation_dd trd LEFT JOIN t_zj_dd tzd on trd.id=tzd.pid  WHERE ( trd.name ='最新信息' and trd.show_status=1 and tzd.pubstatus=1 and tzd.showstatus=1 ) ORDER BY tzd.updatetime desc LIMIT 5   [ RunTime:0.0007s ]
SQL: SELECT * FROM `t_relation_dd` WHERE ( pid=0 ) ORDER BY vsort asc  [ RunTime:0.0009s ]
SQL: SHOW COLUMNS FROM `t_pic_manager_dd` [ RunTime:0.0271s ]
SQL: SELECT * FROM `t_pic_manager_dd` WHERE ( mid=6 ) ORDER BY vsort desc  [ RunTime:0.0094s ]
INFO: [ view_parse ] --START--
INFO: [ template_filter ] --START--
INFO: Run Behavior\ContentReplaceBehavior [ RunTime:0.000255s ]
INFO: [ template_filter ] --END-- [ RunTime:0.000337s ]
NOTIC: [8] Undefined offset: 0 /var/www/main/Application/Runtime/Cache/Home/2a94b8bda04ff446dcedd42276fc99ee.php 第 77 行.
NOTIC: [8] Undefined variable: affairpublic /var/www/main/Application/Runtime/Cache/Home/2a94b8bda04ff446dcedd42276fc99ee.php 第 77 行.
NOTIC: [8] Undefined offset: 0 /var/www/main/Application/Runtime/Cache/Home/2a94b8bda04ff446dcedd42276fc99ee.php 第 77 行.
NOTIC: [8] Undefined variable: affairpublic /var/www/main/Application/Runtime/Cache/Home/2a94b8bda04ff446dcedd42276fc99ee.php 第 77 行.
NOTIC: [8] Undefined variable: poypublic /var/www/main/Application/Runtime/Cache/Home/2a94b8bda04ff446dcedd42276fc99ee.php 第 77 行.
NOTIC: [8] Undefined variable: lzestablish /var/www/main/Application/Runtime/Cache/Home/2a94b8bda04ff446dcedd42276fc99ee.php 第 77 行.
NOTIC: [8] Undefined variable: specialistintro /var/www/main/Application/Runtime/Cache/Home/2a94b8bda04ff446dcedd42276fc99ee.php 第 77 行.
NOTIC: [8] Undefined variable: specialists /var/www/main/Application/Runtime/Cache/Home/2a94b8bda04ff446dcedd42276fc99ee.php 第 77 行.
NOTIC: [2] count(): Parameter must be an array or an object that implements Countable /var/www/main/Application/Runtime/Cache/Home/2a94b8bda04ff446dcedd42276fc99ee.php 第 77 行.
NOTIC: [8] Undefined variable: serviceitem /var/www/main/Application/Runtime/Cache/Home/2a94b8bda04ff446dcedd42276fc99ee.php 第 169 行.
NOTIC: [8] Undefined variable: serviceitem /var/www/main/Application/Runtime/Cache/Home/2a94b8bda04ff446dcedd42276fc99ee.php 第 176 行.
NOTIC: [8] Undefined variable: fybjinfo /var/www/main/Application/Runtime/Cache/Home/2a94b8bda04ff446dcedd42276fc99ee.php 第 187 行.
NOTIC: [8] Undefined variable: affairpublic /var/www/main/Application/Runtime/Cache/Home/2a94b8bda04ff446dcedd42276fc99ee.php 第 219 行.
NOTIC: [8] Undefined variable: poypublic /var/www/main/Application/Runtime/Cache/Home/2a94b8bda04ff446dcedd42276fc99ee.php 第 230 行.
NOTIC: [8] Undefined variable: lzestablish /var/www/main/Application/Runtime/Cache/Home/2a94b8bda04ff446dcedd42276fc99ee.php 第 241 行.
NOTIC: [8] Undefined variable: specialists /var/www/main/Application/Runtime/Cache/Home/2a94b8bda04ff446dcedd42276fc99ee.php 第 268 行.
INFO: Run Behavior\ParseTemplateBehavior [ RunTime:0.093733s ]
INFO: [ view_parse ] --END-- [ RunTime:0.093777s ]
INFO: [ view_filter ] --START--
INFO: Run Behavior\WriteHtmlCacheBehavior [ RunTime:0.000336s ]
INFO: [ view_filter ] --END-- [ RunTime:0.000353s ]
INFO: [ app_end ] --START--
INFO: Run Behavior\ShowPageTraceBehavior [ RunTime:0.001007s ]
INFO: [ app_end ] --END-- [ RunTime:0.001079s ]

[ 2018-11-17T18:17:33+08:00 ] 192.168.186.1 /main/index.php
INFO: [ app_init ] --START--
INFO: Run Behavior\BuildLiteBehavior [ RunTime:0.000053s ]
INFO: [ app_init ] --END-- [ RunTime:0.002134s ]
INFO: [ app_begin ] --START--
INFO: Run Behavior\ReadHtmlCacheBehavior [ RunTime:0.001742s ]
INFO: [ app_begin ] --END-- [ RunTime:0.001806s ]
SQL: SHOW COLUMNS FROM `t_relation_dd` [ RunTime:0.0328s ]
SQL: SELECT * FROM `t_relation_dd` WHERE ( name='二级导航' )  [ RunTime:0.0023s ]
SQL: SHOW COLUMNS FROM `t_relation_dd` [ RunTime:0.0018s ]
SQL: SELECT trd.pid as tpid,tzd.* FROM t_relation_dd trd LEFT JOIN t_zj_dd tzd on trd.id=tzd.pid  WHERE ( trd.name ='最新公告' and trd.show_status=1 and tzd.pubstatus=1 and tzd.showstatus=1 ) ORDER BY tzd.updatetime desc  [ RunTime:0.0012s ]
SQL: SHOW COLUMNS FROM `t_relation_dd` [ RunTime:0.0022s ]
SQL: SELECT trd.pid as tpid,tzd.* FROM t_relation_dd trd LEFT JOIN t_zj_dd tzd on trd.id=tzd.pid  WHERE ( trd.name ='最新信息' and trd.show_status=1 and tzd.pubstatus=1 and tzd.showstatus=1 ) ORDER BY tzd.updatetime desc LIMIT 5   [ RunTime:0.0007s ]
SQL: SELECT * FROM `t_relation_dd` WHERE ( pid=0 ) ORDER BY vsort asc  [ RunTime:0.0005s ]
SQL: SHOW COLUMNS FROM `t_pic_manager_dd` [ RunTime:0.0040s ]
SQL: SELECT * FROM `t_pic_manager_dd` WHERE ( mid=6 ) ORDER BY vsort desc  [ RunTime:0.0008s ]
INFO: [ view_parse ] --START--
INFO: [ template_filter ] --START--
INFO: Run Behavior\ContentReplaceBehavior [ RunTime:0.000349s ]
INFO: [ template_filter ] --END-- [ RunTime:0.000395s ]
NOTIC: [8] Undefined offset: 0 /var/www/main/Application/Runtime/Cache/Home/2a94b8bda04ff446dcedd42276fc99ee.php 第 77 行.
NOTIC: [8] Undefined variable: affairpublic /var/www/main/Application/Runtime/Cache/Home/2a94b8bda04ff446dcedd42276fc99ee.php 第 77 行.
NOTIC: [8] Undefined offset: 0 /var/www/main/Application/Runtime/Cache/Home/2a94b8bda04ff446dcedd42276fc99ee.php 第 77 行.
NOTIC: [8] Undefined variable: affairpublic /var/www/main/Application/Runtime/Cache/Home/2a94b8bda04ff446dcedd42276fc99ee.php 第 77 行.
NOTIC: [8] Undefined variable: poypublic /var/www/main/Application/Runtime/Cache/Home/2a94b8bda04ff446dcedd42276fc99ee.php 第 77 行.
NOTIC: [8] Undefined variable: lzestablish /var/www/main/Application/Runtime/Cache/Home/2a94b8bda04ff446dcedd42276fc99ee.php 第 77 行.
NOTIC: [8] Undefined variable: specialistintro /var/www/main/Application/Runtime/Cache/Home/2a94b8bda04ff446dcedd42276fc99ee.php 第 77 行.
NOTIC: [8] Undefined variable: specialists /var/www/main/Application/Runtime/Cache/Home/2a94b8bda04ff446dcedd42276fc99ee.php 第 77 行.
NOTIC: [2] count(): Parameter must be an array or an object that implements Countable /var/www/main/Application/Runtime/Cache/Home/2a94b8bda04ff446dcedd42276fc99ee.php 第 77 行.
NOTIC: [8] Undefined variable: serviceitem /var/www/main/Application/Runtime/Cache/Home/2a94b8bda04ff446dcedd42276fc99ee.php 第 169 行.
NOTIC: [8] Undefined variable: serviceitem /var/www/main/Application/Runtime/Cache/Home/2a94b8bda04ff446dcedd42276fc99ee.php 第 176 行.
NOTIC: [8] Undefined variable: fybjinfo /var/www/main/Application/Runtime/Cache/Home/2a94b8bda04ff446dcedd42276fc99ee.php 第 187 行.
NOTIC: [8] Undefined variable: affairpublic /var/www/main/Application/Runtime/Cache/Home/2a94b8bda04ff446dcedd42276fc99ee.php 第 219 行.
NOTIC: [8] Undefined variable: poypublic /var/www/main/Application/Runtime/Cache/Home/2a94b8bda04ff446dcedd42276fc99ee.php 第 230 行.
NOTIC: [8] Undefined variable: lzestablish /var/www/main/Application/Runtime/Cache/Home/2a94b8bda04ff446dcedd42276fc99ee.php 第 241 行.
NOTIC: [8] Undefined variable: specialists /var/www/main/Application/Runtime/Cache/Home/2a94b8bda04ff446dcedd42276fc99ee.php 第 268 行.
INFO: Run Behavior\ParseTemplateBehavior [ RunTime:0.042100s ]
INFO: [ view_parse ] --END-- [ RunTime:0.042159s ]
INFO: [ view_filter ] --START--
INFO: Run Behavior\WriteHtmlCacheBehavior [ RunTime:0.001278s ]
INFO: [ view_filter ] --END-- [ RunTime:0.001326s ]
INFO: [ app_end ] --START--
INFO: Run Behavior\ShowPageTraceBehavior [ RunTime:0.002064s ]
INFO: [ app_end ] --END-- [ RunTime:0.002136s ]

[ 2018-11-17T18:18:30+08:00 ] 192.168.186.1 /main/index.php/images/aut_icon.png
INFO: [ app_init ] --START--
INFO: Run Behavior\BuildLiteBehavior [ RunTime:0.000013s ]
INFO: [ app_init ] --END-- [ RunTime:0.000383s ]

[ 2018-11-17T18:18:34+08:00 ] 192.168.186.1 /main/index.php/images/aut_icon.png
INFO: [ app_init ] --START--
INFO: Run Behavior\BuildLiteBehavior [ RunTime:0.000010s ]
INFO: [ app_init ] --END-- [ RunTime:0.000328s ]

[ 2018-11-17T18:29:00+08:00 ] 192.168.186.1 /main/index.php/images/aut_icon.png
INFO: [ app_init ] --START--
INFO: Run Behavior\BuildLiteBehavior [ RunTime:0.000016s ]
INFO: [ app_init ] --END-- [ RunTime:0.000547s ]

